
=====================================================================
This module is only for creating or activating Python environments:
$ mamba create -n myenv -c conda-forge python=3 <package_name>
$ source activate myenv

Only run "pip install" after activating an environment.
Running pip without activating an environment is known to cause issues.

To list available environments:
$ mamba info --envs

Other uses are not tested. More info: https://links.asu.edu/solpy
=====================================================================

  
W0519 00:43:43.537000 675508 site-packages/torch/distributed/run.py:793] 
W0519 00:43:43.537000 675508 site-packages/torch/distributed/run.py:793] *****************************************
W0519 00:43:43.537000 675508 site-packages/torch/distributed/run.py:793] Setting OMP_NUM_THREADS environment variable for each process to be 1 in default, to avoid your system being overloaded, please further tune the variable for optimal performance in your application as needed. 
W0519 00:43:43.537000 675508 site-packages/torch/distributed/run.py:793] *****************************************
[[34m2025-05-19 00:43:53[0m] Experiment directory created at /scratch/bowenxi/dit_result/DiT-XL_2_0517_2h100/008-DiT-XL-2
[[34m2025-05-19 00:44:05[0m] DiT Parameters: 674,866,952
[[34m2025-05-19 00:44:10[0m] Dataset contains 1,281,167 latents from (/scratch/bowenxi/dit/vae/vae_latents_with_labels.npz)
[[34m2025-05-19 00:44:10[0m] Training for 1400 epochs...
[[34m2025-05-19 00:44:10[0m] Beginning epoch 0...
[[34m2025-05-19 00:59:55[0m] Beginning epoch 1...
[[34m2025-05-19 01:15:36[0m] (step=0005000) Train Loss: 0.1335, Train Steps/Sec: 2.65
[[34m2025-05-19 01:15:38[0m] Beginning epoch 2...
[[34m2025-05-19 01:31:19[0m] Beginning epoch 3...
[[34m2025-05-19 01:46:57[0m] (step=0010000) Train Loss: 0.1088, Train Steps/Sec: 2.66
[[34m2025-05-19 01:47:00[0m] Beginning epoch 4...
[[34m2025-05-19 02:02:37[0m] Beginning epoch 5...
[[34m2025-05-19 02:18:13[0m] (step=0015000) Train Loss: 0.1057, Train Steps/Sec: 2.67
[[34m2025-05-19 02:18:18[0m] Beginning epoch 6...
[[34m2025-05-19 02:34:00[0m] Beginning epoch 7...
[[34m2025-05-19 02:49:35[0m] (step=0020000) Train Loss: 0.1033, Train Steps/Sec: 2.66
[[34m2025-05-19 02:49:42[0m] Beginning epoch 8...
[[34m2025-05-19 03:05:23[0m] Beginning epoch 9...
[[34m2025-05-19 03:20:57[0m] (step=0025000) Train Loss: 0.1012, Train Steps/Sec: 2.66
[[34m2025-05-19 03:21:05[0m] Beginning epoch 10...
[[34m2025-05-19 03:36:45[0m] Beginning epoch 11...
[[34m2025-05-19 03:52:17[0m] (step=0030000) Train Loss: 0.0997, Train Steps/Sec: 2.66
[[34m2025-05-19 03:52:27[0m] Beginning epoch 12...
[[34m2025-05-19 04:08:08[0m] Beginning epoch 13...
[[34m2025-05-19 04:23:39[0m] (step=0035000) Train Loss: 0.0984, Train Steps/Sec: 2.66
[[34m2025-05-19 04:23:50[0m] Beginning epoch 14...
[[34m2025-05-19 04:39:32[0m] Beginning epoch 15...
[[34m2025-05-19 04:55:02[0m] (step=0040000) Train Loss: 0.0966, Train Steps/Sec: 2.66
[[34m2025-05-19 04:55:14[0m] Beginning epoch 16...
[[34m2025-05-19 05:10:54[0m] Beginning epoch 17...
[[34m2025-05-19 05:26:21[0m] (step=0045000) Train Loss: 0.0956, Train Steps/Sec: 2.66
[[34m2025-05-19 05:26:35[0m] Beginning epoch 18...
[[34m2025-05-19 05:42:16[0m] Beginning epoch 19...
[[34m2025-05-19 05:57:43[0m] (step=0050000) Train Loss: 0.0944, Train Steps/Sec: 2.66
[[34m2025-05-19 05:57:58[0m] Beginning epoch 20...
[[34m2025-05-19 06:13:34[0m] Beginning epoch 21...
[[34m2025-05-19 06:28:59[0m] (step=0055000) Train Loss: 0.0935, Train Steps/Sec: 2.67
[[34m2025-05-19 06:29:16[0m] Beginning epoch 22...
[[34m2025-05-19 06:44:58[0m] Beginning epoch 23...
[[34m2025-05-19 07:00:22[0m] (step=0060000) Train Loss: 0.0924, Train Steps/Sec: 2.66
[[34m2025-05-19 07:00:41[0m] Beginning epoch 24...
[[34m2025-05-19 07:16:22[0m] Beginning epoch 25...
[[34m2025-05-19 07:31:46[0m] (step=0065000) Train Loss: 0.0918, Train Steps/Sec: 2.65
[[34m2025-05-19 07:32:06[0m] Beginning epoch 26...
[[34m2025-05-19 07:47:48[0m] Beginning epoch 27...
[[34m2025-05-19 08:03:07[0m] (step=0070000) Train Loss: 0.0908, Train Steps/Sec: 2.66
[[34m2025-05-19 08:03:28[0m] Beginning epoch 28...
[[34m2025-05-19 08:19:10[0m] Beginning epoch 29...
[[34m2025-05-19 08:34:27[0m] (step=0075000) Train Loss: 0.0903, Train Steps/Sec: 2.66
[[34m2025-05-19 08:34:50[0m] Beginning epoch 30...
[[34m2025-05-19 08:50:31[0m] Beginning epoch 31...
[[34m2025-05-19 09:05:47[0m] (step=0080000) Train Loss: 0.0898, Train Steps/Sec: 2.66
[[34m2025-05-19 09:06:12[0m] Beginning epoch 32...
[[34m2025-05-19 09:21:47[0m] Beginning epoch 33...
[[34m2025-05-19 09:37:03[0m] (step=0085000) Train Loss: 0.0891, Train Steps/Sec: 2.67
[[34m2025-05-19 09:37:29[0m] Beginning epoch 34...
[[34m2025-05-19 09:53:10[0m] Beginning epoch 35...
[[34m2025-05-19 10:08:25[0m] (step=0090000) Train Loss: 0.0884, Train Steps/Sec: 2.66
[[34m2025-05-19 10:08:52[0m] Beginning epoch 36...
[[34m2025-05-19 10:24:33[0m] Beginning epoch 37...
[[34m2025-05-19 10:39:42[0m] (step=0095000) Train Loss: 0.0883, Train Steps/Sec: 2.66
[[34m2025-05-19 10:40:11[0m] Beginning epoch 38...
[[34m2025-05-19 10:55:53[0m] Beginning epoch 39...
[[34m2025-05-19 11:11:05[0m] (step=0100000) Train Loss: 0.0875, Train Steps/Sec: 2.65
[[34m2025-05-19 11:11:14[0m] Saved checkpoint to /scratch/bowenxi/dit_result/DiT-XL_2_0517_2h100/008-DiT-XL-2/checkpoints/0100000.pt
[[34m2025-05-19 11:11:44[0m] Beginning epoch 40...
[[34m2025-05-19 11:27:27[0m] Beginning epoch 41...
[[34m2025-05-19 11:42:38[0m] (step=0105000) Train Loss: 0.0873, Train Steps/Sec: 2.64
[[34m2025-05-19 11:43:09[0m] Beginning epoch 42...
[[34m2025-05-19 11:58:52[0m] Beginning epoch 43...
[[34m2025-05-19 12:14:01[0m] (step=0110000) Train Loss: 0.0868, Train Steps/Sec: 2.66
[[34m2025-05-19 12:14:34[0m] Beginning epoch 44...
[[34m2025-05-19 12:30:17[0m] Beginning epoch 45...
[[34m2025-05-19 12:45:25[0m] (step=0115000) Train Loss: 0.0865, Train Steps/Sec: 2.65
[[34m2025-05-19 12:46:00[0m] Beginning epoch 46...
[[34m2025-05-19 13:01:42[0m] Beginning epoch 47...
[[34m2025-05-19 13:16:46[0m] (step=0120000) Train Loss: 0.0859, Train Steps/Sec: 2.66
[[34m2025-05-19 13:17:22[0m] Beginning epoch 48...
[[34m2025-05-19 13:33:03[0m] Beginning epoch 49...
[[34m2025-05-19 13:48:06[0m] (step=0125000) Train Loss: 0.0859, Train Steps/Sec: 2.66
[[34m2025-05-19 13:48:44[0m] Beginning epoch 50...
[[34m2025-05-19 14:04:26[0m] Beginning epoch 51...
[[34m2025-05-19 14:19:23[0m] (step=0130000) Train Loss: 0.0855, Train Steps/Sec: 2.66
[[34m2025-05-19 14:20:02[0m] Beginning epoch 52...
[[34m2025-05-19 14:35:45[0m] Beginning epoch 53...
[[34m2025-05-19 14:50:46[0m] (step=0135000) Train Loss: 0.0852, Train Steps/Sec: 2.65
[[34m2025-05-19 14:51:27[0m] Beginning epoch 54...
[[34m2025-05-19 15:07:05[0m] Beginning epoch 55...
[[34m2025-05-19 15:22:05[0m] (step=0140000) Train Loss: 0.0850, Train Steps/Sec: 2.66
[[34m2025-05-19 15:22:48[0m] Beginning epoch 56...
[[34m2025-05-19 15:38:29[0m] Beginning epoch 57...
[[34m2025-05-19 15:53:24[0m] (step=0145000) Train Loss: 0.0846, Train Steps/Sec: 2.66
[[34m2025-05-19 15:54:08[0m] Beginning epoch 58...
[[34m2025-05-19 16:09:48[0m] Beginning epoch 59...
[[34m2025-05-19 16:24:43[0m] (step=0150000) Train Loss: 0.0845, Train Steps/Sec: 2.66
[[34m2025-05-19 16:25:28[0m] Beginning epoch 60...
[[34m2025-05-19 16:41:11[0m] Beginning epoch 61...
[[34m2025-05-19 16:56:06[0m] (step=0155000) Train Loss: 0.0844, Train Steps/Sec: 2.66
[[34m2025-05-19 16:56:52[0m] Beginning epoch 62...
[[34m2025-05-19 17:12:33[0m] Beginning epoch 63...
[[34m2025-05-19 17:27:27[0m] (step=0160000) Train Loss: 0.0839, Train Steps/Sec: 2.66
[[34m2025-05-19 17:28:15[0m] Beginning epoch 64...
[[34m2025-05-19 17:43:58[0m] Beginning epoch 65...
[[34m2025-05-19 17:58:49[0m] (step=0165000) Train Loss: 0.0837, Train Steps/Sec: 2.66
[[34m2025-05-19 17:59:39[0m] Beginning epoch 66...
[[34m2025-05-19 18:15:19[0m] Beginning epoch 67...
[[34m2025-05-19 18:30:10[0m] (step=0170000) Train Loss: 0.0834, Train Steps/Sec: 2.66
[[34m2025-05-19 18:31:01[0m] Beginning epoch 68...
[[34m2025-05-19 18:46:42[0m] Beginning epoch 69...
[[34m2025-05-19 19:01:28[0m] (step=0175000) Train Loss: 0.0832, Train Steps/Sec: 2.66
[[34m2025-05-19 19:02:21[0m] Beginning epoch 70...
[[34m2025-05-19 19:17:55[0m] Beginning epoch 71...
[[34m2025-05-19 19:32:34[0m] (step=0180000) Train Loss: 0.0830, Train Steps/Sec: 2.68
[[34m2025-05-19 19:33:28[0m] Beginning epoch 72...
[[34m2025-05-19 19:49:02[0m] Beginning epoch 73...
[[34m2025-05-19 20:03:48[0m] (step=0185000) Train Loss: 0.0828, Train Steps/Sec: 2.67
[[34m2025-05-19 20:04:44[0m] Beginning epoch 74...
[[34m2025-05-19 20:20:26[0m] Beginning epoch 75...
[[34m2025-05-19 20:35:10[0m] (step=0190000) Train Loss: 0.0829, Train Steps/Sec: 2.66
[[34m2025-05-19 20:36:07[0m] Beginning epoch 76...
[[34m2025-05-19 20:51:48[0m] Beginning epoch 77...
[[34m2025-05-19 21:06:30[0m] (step=0195000) Train Loss: 0.0825, Train Steps/Sec: 2.66
[[34m2025-05-19 21:07:28[0m] Beginning epoch 78...
[[34m2025-05-19 21:23:09[0m] Beginning epoch 79...
[[34m2025-05-19 21:37:51[0m] (step=0200000) Train Loss: 0.0823, Train Steps/Sec: 2.66
[[34m2025-05-19 21:38:01[0m] Saved checkpoint to /scratch/bowenxi/dit_result/DiT-XL_2_0517_2h100/008-DiT-XL-2/checkpoints/0200000.pt
[[34m2025-05-19 21:39:01[0m] Beginning epoch 80...
[[34m2025-05-19 21:54:37[0m] Beginning epoch 81...
[[34m2025-05-19 22:09:16[0m] (step=0205000) Train Loss: 0.0820, Train Steps/Sec: 2.65
[[34m2025-05-19 22:10:18[0m] Beginning epoch 82...
[[34m2025-05-19 22:25:54[0m] Beginning epoch 83...
[[34m2025-05-19 22:40:32[0m] (step=0210000) Train Loss: 0.0819, Train Steps/Sec: 2.66
[[34m2025-05-19 22:41:36[0m] Beginning epoch 84...
[[34m2025-05-19 22:57:19[0m] Beginning epoch 85...
[[34m2025-05-19 23:11:55[0m] (step=0215000) Train Loss: 0.0818, Train Steps/Sec: 2.66
[[34m2025-05-19 23:13:00[0m] Beginning epoch 86...
[[34m2025-05-19 23:28:41[0m] Beginning epoch 87...
[[34m2025-05-19 23:43:15[0m] (step=0220000) Train Loss: 0.0815, Train Steps/Sec: 2.66
[[34m2025-05-19 23:44:21[0m] Beginning epoch 88...
[[34m2025-05-20 00:00:01[0m] Beginning epoch 89...
[[34m2025-05-20 00:14:36[0m] (step=0225000) Train Loss: 0.0814, Train Steps/Sec: 2.66
[[34m2025-05-20 00:15:44[0m] Beginning epoch 90...
[[34m2025-05-20 00:31:25[0m] Beginning epoch 91...
[[34m2025-05-20 00:45:57[0m] (step=0230000) Train Loss: 0.0813, Train Steps/Sec: 2.66
[[34m2025-05-20 00:47:07[0m] Beginning epoch 92...
[[34m2025-05-20 01:02:48[0m] Beginning epoch 93...
[[34m2025-05-20 01:17:20[0m] (step=0235000) Train Loss: 0.0809, Train Steps/Sec: 2.66
[[34m2025-05-20 01:18:31[0m] Beginning epoch 94...
[[34m2025-05-20 01:34:14[0m] Beginning epoch 95...
[[34m2025-05-20 01:48:43[0m] (step=0240000) Train Loss: 0.0810, Train Steps/Sec: 2.65
[[34m2025-05-20 01:49:56[0m] Beginning epoch 96...
[[34m2025-05-20 02:05:37[0m] Beginning epoch 97...
[[34m2025-05-20 02:20:05[0m] (step=0245000) Train Loss: 0.0807, Train Steps/Sec: 2.66
[[34m2025-05-20 02:21:19[0m] Beginning epoch 98...
[[34m2025-05-20 02:37:00[0m] Beginning epoch 99...
[[34m2025-05-20 02:51:26[0m] (step=0250000) Train Loss: 0.0807, Train Steps/Sec: 2.66
[[34m2025-05-20 02:52:42[0m] Beginning epoch 100...
[[34m2025-05-20 03:08:24[0m] Beginning epoch 101...
[[34m2025-05-20 03:22:45[0m] (step=0255000) Train Loss: 0.0804, Train Steps/Sec: 2.66
[[34m2025-05-20 03:24:03[0m] Beginning epoch 102...
[[34m2025-05-20 03:39:40[0m] Beginning epoch 103...
[[34m2025-05-20 03:54:01[0m] (step=0260000) Train Loss: 0.0802, Train Steps/Sec: 2.67
[[34m2025-05-20 03:55:19[0m] Beginning epoch 104...
[[34m2025-05-20 04:10:55[0m] Beginning epoch 105...
[[34m2025-05-20 04:25:18[0m] (step=0265000) Train Loss: 0.0802, Train Steps/Sec: 2.66
[[34m2025-05-20 04:26:38[0m] Beginning epoch 106...
[[34m2025-05-20 04:42:20[0m] Beginning epoch 107...
[[34m2025-05-20 04:56:41[0m] (step=0270000) Train Loss: 0.0801, Train Steps/Sec: 2.66
[[34m2025-05-20 04:58:03[0m] Beginning epoch 108...
[[34m2025-05-20 05:13:45[0m] Beginning epoch 109...
[[34m2025-05-20 05:28:04[0m] (step=0275000) Train Loss: 0.0799, Train Steps/Sec: 2.66
[[34m2025-05-20 05:29:26[0m] Beginning epoch 110...
[[34m2025-05-20 05:45:08[0m] Beginning epoch 111...
[[34m2025-05-20 05:59:25[0m] (step=0280000) Train Loss: 0.0797, Train Steps/Sec: 2.66
[[34m2025-05-20 06:00:50[0m] Beginning epoch 112...
[[34m2025-05-20 06:16:31[0m] Beginning epoch 113...
[[34m2025-05-20 06:30:44[0m] (step=0285000) Train Loss: 0.0796, Train Steps/Sec: 2.66
[[34m2025-05-20 06:32:09[0m] Beginning epoch 114...
[[34m2025-05-20 06:47:47[0m] Beginning epoch 115...
[[34m2025-05-20 07:01:55[0m] (step=0290000) Train Loss: 0.0795, Train Steps/Sec: 2.67
[[34m2025-05-20 07:03:22[0m] Beginning epoch 116...
[[34m2025-05-20 07:19:05[0m] Beginning epoch 117...
[[34m2025-05-20 07:33:18[0m] (step=0295000) Train Loss: 0.0794, Train Steps/Sec: 2.65
[[34m2025-05-20 07:34:47[0m] Beginning epoch 118...
[[34m2025-05-20 07:50:28[0m] Beginning epoch 119...
[[34m2025-05-20 08:04:37[0m] (step=0300000) Train Loss: 0.0792, Train Steps/Sec: 2.66
[[34m2025-05-20 08:04:45[0m] Saved checkpoint to /scratch/bowenxi/dit_result/DiT-XL_2_0517_2h100/008-DiT-XL-2/checkpoints/0300000.pt
[[34m2025-05-20 08:06:15[0m] Beginning epoch 120...
[[34m2025-05-20 08:21:53[0m] Beginning epoch 121...
[[34m2025-05-20 08:36:02[0m] (step=0305000) Train Loss: 0.0792, Train Steps/Sec: 2.65
[[34m2025-05-20 08:37:34[0m] Beginning epoch 122...
[[34m2025-05-20 08:53:15[0m] Beginning epoch 123...
[[34m2025-05-20 09:07:17[0m] (step=0310000) Train Loss: 0.0790, Train Steps/Sec: 2.67
[[34m2025-05-20 09:08:50[0m] Beginning epoch 124...
[[34m2025-05-20 09:24:33[0m] Beginning epoch 125...
[[34m2025-05-20 09:38:39[0m] (step=0315000) Train Loss: 0.0790, Train Steps/Sec: 2.66
[[34m2025-05-20 09:40:14[0m] Beginning epoch 126...
[[34m2025-05-20 09:55:55[0m] Beginning epoch 127...
[[34m2025-05-20 10:10:00[0m] (step=0320000) Train Loss: 0.0789, Train Steps/Sec: 2.66
[[34m2025-05-20 10:11:37[0m] Beginning epoch 128...
[[34m2025-05-20 10:27:18[0m] Beginning epoch 129...
[[34m2025-05-20 10:41:21[0m] (step=0325000) Train Loss: 0.0787, Train Steps/Sec: 2.66
[[34m2025-05-20 10:42:59[0m] Beginning epoch 130...
[[34m2025-05-20 10:58:42[0m] Beginning epoch 131...
[[34m2025-05-20 11:12:44[0m] (step=0330000) Train Loss: 0.0786, Train Steps/Sec: 2.65
[[34m2025-05-20 11:14:24[0m] Beginning epoch 132...
[[34m2025-05-20 11:30:02[0m] Beginning epoch 133...
[[34m2025-05-20 11:44:02[0m] (step=0335000) Train Loss: 0.0786, Train Steps/Sec: 2.66
[[34m2025-05-20 11:45:42[0m] Beginning epoch 134...
[[34m2025-05-20 12:01:25[0m] Beginning epoch 135...
[[34m2025-05-20 12:15:23[0m] (step=0340000) Train Loss: 0.0782, Train Steps/Sec: 2.66
[[34m2025-05-20 12:17:05[0m] Beginning epoch 136...
[[34m2025-05-20 12:32:47[0m] Beginning epoch 137...
[[34m2025-05-20 12:46:40[0m] (step=0345000) Train Loss: 0.0782, Train Steps/Sec: 2.66
[[34m2025-05-20 12:48:23[0m] Beginning epoch 138...
[[34m2025-05-20 13:04:04[0m] Beginning epoch 139...
[[34m2025-05-20 13:18:02[0m] (step=0350000) Train Loss: 0.0780, Train Steps/Sec: 2.66
[[34m2025-05-20 13:19:48[0m] Beginning epoch 140...
[[34m2025-05-20 13:35:31[0m] Beginning epoch 141...
[[34m2025-05-20 13:49:26[0m] (step=0355000) Train Loss: 0.0781, Train Steps/Sec: 2.65
[[34m2025-05-20 13:51:13[0m] Beginning epoch 142...
[[34m2025-05-20 14:06:53[0m] Beginning epoch 143...
[[34m2025-05-20 14:20:46[0m] (step=0360000) Train Loss: 0.0779, Train Steps/Sec: 2.66
[[34m2025-05-20 14:22:35[0m] Beginning epoch 144...
[[34m2025-05-20 14:38:16[0m] Beginning epoch 145...
[[34m2025-05-20 14:52:08[0m] (step=0365000) Train Loss: 0.0778, Train Steps/Sec: 2.66
[[34m2025-05-20 14:53:58[0m] Beginning epoch 146...
[[34m2025-05-20 15:09:40[0m] Beginning epoch 147...
[[34m2025-05-20 15:23:30[0m] (step=0370000) Train Loss: 0.0775, Train Steps/Sec: 2.66
[[34m2025-05-20 15:25:21[0m] Beginning epoch 148...
[[34m2025-05-20 15:41:02[0m] Beginning epoch 149...
[[34m2025-05-20 15:54:52[0m] (step=0375000) Train Loss: 0.0774, Train Steps/Sec: 2.66
[[34m2025-05-20 15:56:46[0m] Beginning epoch 150...
[[34m2025-05-20 16:12:28[0m] Beginning epoch 151...
[[34m2025-05-20 16:26:14[0m] (step=0380000) Train Loss: 0.0774, Train Steps/Sec: 2.66
[[34m2025-05-20 16:28:09[0m] Beginning epoch 152...
[[34m2025-05-20 16:43:50[0m] Beginning epoch 153...
[[34m2025-05-20 16:57:34[0m] (step=0385000) Train Loss: 0.0773, Train Steps/Sec: 2.66
[[34m2025-05-20 16:59:30[0m] Beginning epoch 154...
[[34m2025-05-20 17:15:10[0m] Beginning epoch 155...
[[34m2025-05-20 17:28:54[0m] (step=0390000) Train Loss: 0.0774, Train Steps/Sec: 2.66
[[34m2025-05-20 17:30:51[0m] Beginning epoch 156...
[[34m2025-05-20 17:46:27[0m] Beginning epoch 157...
[[34m2025-05-20 18:00:03[0m] (step=0395000) Train Loss: 0.0771, Train Steps/Sec: 2.67
[[34m2025-05-20 18:02:01[0m] Beginning epoch 158...
[[34m2025-05-20 18:17:41[0m] Beginning epoch 159...
[[34m2025-05-20 18:31:22[0m] (step=0400000) Train Loss: 0.0770, Train Steps/Sec: 2.66
[[34m2025-05-20 18:31:31[0m] Saved checkpoint to /scratch/bowenxi/dit_result/DiT-XL_2_0517_2h100/008-DiT-XL-2/checkpoints/0400000.pt
[[34m2025-05-20 18:33:31[0m] Beginning epoch 160...
[[34m2025-05-20 18:49:11[0m] Beginning epoch 161...
[[34m2025-05-20 19:02:51[0m] (step=0405000) Train Loss: 0.0770, Train Steps/Sec: 2.65
[[34m2025-05-20 19:04:53[0m] Beginning epoch 162...
[[34m2025-05-20 19:20:33[0m] Beginning epoch 163...
[[34m2025-05-20 19:34:12[0m] (step=0410000) Train Loss: 0.0769, Train Steps/Sec: 2.66
[[34m2025-05-20 19:36:16[0m] Beginning epoch 164...
[[34m2025-05-20 19:51:56[0m] Beginning epoch 165...
[[34m2025-05-20 20:05:32[0m] (step=0415000) Train Loss: 0.0768, Train Steps/Sec: 2.66
[[34m2025-05-20 20:07:37[0m] Beginning epoch 166...
[[34m2025-05-20 20:23:18[0m] Beginning epoch 167...
[[34m2025-05-20 20:36:52[0m] (step=0420000) Train Loss: 0.0767, Train Steps/Sec: 2.66
[[34m2025-05-20 20:38:59[0m] Beginning epoch 168...
[[34m2025-05-20 20:54:41[0m] Beginning epoch 169...
[[34m2025-05-20 21:08:13[0m] (step=0425000) Train Loss: 0.0765, Train Steps/Sec: 2.66
[[34m2025-05-20 21:10:21[0m] Beginning epoch 170...
[[34m2025-05-20 21:26:03[0m] Beginning epoch 171...
[[34m2025-05-20 21:39:35[0m] (step=0430000) Train Loss: 0.0765, Train Steps/Sec: 2.66
[[34m2025-05-20 21:41:44[0m] Beginning epoch 172...
[[34m2025-05-20 21:57:26[0m] Beginning epoch 173...
[[34m2025-05-20 22:10:56[0m] (step=0435000) Train Loss: 0.0765, Train Steps/Sec: 2.66
[[34m2025-05-20 22:13:07[0m] Beginning epoch 174...
[[34m2025-05-20 22:28:42[0m] Beginning epoch 175...
[[34m2025-05-20 22:42:12[0m] (step=0440000) Train Loss: 0.0762, Train Steps/Sec: 2.67
[[34m2025-05-20 22:44:25[0m] Beginning epoch 176...
[[34m2025-05-20 23:00:07[0m] Beginning epoch 177...
[[34m2025-05-20 23:13:35[0m] (step=0445000) Train Loss: 0.0763, Train Steps/Sec: 2.66
[[34m2025-05-20 23:15:49[0m] Beginning epoch 178...
[[34m2025-05-20 23:31:30[0m] Beginning epoch 179...
[[34m2025-05-20 23:44:56[0m] (step=0450000) Train Loss: 0.0760, Train Steps/Sec: 2.66
[[34m2025-05-20 23:47:11[0m] Beginning epoch 180...
[[34m2025-05-21 00:02:52[0m] Beginning epoch 181...
[[34m2025-05-21 00:16:13[0m] (step=0455000) Train Loss: 0.0760, Train Steps/Sec: 2.66
[[34m2025-05-21 00:18:30[0m] Beginning epoch 182...
[[34m2025-05-21 00:34:13[0m] Beginning epoch 183...
[[34m2025-05-21 00:47:35[0m] (step=0460000) Train Loss: 0.0760, Train Steps/Sec: 2.66
[[34m2025-05-21 00:49:54[0m] Beginning epoch 184...
[[34m2025-05-21 01:05:36[0m] Beginning epoch 185...
[[34m2025-05-21 01:18:59[0m] (step=0465000) Train Loss: 0.0759, Train Steps/Sec: 2.65
[[34m2025-05-21 01:21:19[0m] Beginning epoch 186...
[[34m2025-05-21 01:37:02[0m] Beginning epoch 187...
[[34m2025-05-21 01:50:18[0m] (step=0470000) Train Loss: 0.0759, Train Steps/Sec: 2.66
[[34m2025-05-21 01:52:39[0m] Beginning epoch 188...
[[34m2025-05-21 02:08:19[0m] Beginning epoch 189...
[[34m2025-05-21 02:21:38[0m] (step=0475000) Train Loss: 0.0757, Train Steps/Sec: 2.66
[[34m2025-05-21 02:24:00[0m] Beginning epoch 190...
[[34m2025-05-21 02:39:42[0m] Beginning epoch 191...
[[34m2025-05-21 02:53:00[0m] (step=0480000) Train Loss: 0.0755, Train Steps/Sec: 2.66
[[34m2025-05-21 02:55:25[0m] Beginning epoch 192...
[[34m2025-05-21 03:11:06[0m] Beginning epoch 193...
[[34m2025-05-21 03:24:22[0m] (step=0485000) Train Loss: 0.0754, Train Steps/Sec: 2.66
[[34m2025-05-21 03:26:48[0m] Beginning epoch 194...
[[34m2025-05-21 03:42:29[0m] Beginning epoch 195...
[[34m2025-05-21 03:55:43[0m] (step=0490000) Train Loss: 0.0754, Train Steps/Sec: 2.66
[[34m2025-05-21 03:58:11[0m] Beginning epoch 196...
[[34m2025-05-21 04:13:52[0m] Beginning epoch 197...
[[34m2025-05-21 04:27:05[0m] (step=0495000) Train Loss: 0.0752, Train Steps/Sec: 2.66
[[34m2025-05-21 04:29:34[0m] Beginning epoch 198...
[[34m2025-05-21 04:45:16[0m] Beginning epoch 199...
[[34m2025-05-21 04:58:27[0m] (step=0500000) Train Loss: 0.0751, Train Steps/Sec: 2.66
[[34m2025-05-21 04:58:35[0m] Saved checkpoint to /scratch/bowenxi/dit_result/DiT-XL_2_0517_2h100/008-DiT-XL-2/checkpoints/0500000.pt
[[34m2025-05-21 05:01:06[0m] Beginning epoch 200...
[[34m2025-05-21 05:16:46[0m] Beginning epoch 201...
[[34m2025-05-21 05:29:53[0m] (step=0505000) Train Loss: 0.0750, Train Steps/Sec: 2.65
[[34m2025-05-21 05:32:25[0m] Beginning epoch 202...
[[34m2025-05-21 05:48:06[0m] Beginning epoch 203...
[[34m2025-05-21 06:01:13[0m] (step=0510000) Train Loss: 0.0749, Train Steps/Sec: 2.66
[[34m2025-05-21 06:03:46[0m] Beginning epoch 204...
[[34m2025-05-21 06:19:27[0m] Beginning epoch 205...
[[34m2025-05-21 06:32:33[0m] (step=0515000) Train Loss: 0.0750, Train Steps/Sec: 2.66
[[34m2025-05-21 06:35:08[0m] Beginning epoch 206...
[[34m2025-05-21 06:50:50[0m] Beginning epoch 207...
[[34m2025-05-21 07:03:55[0m] (step=0520000) Train Loss: 0.0749, Train Steps/Sec: 2.66
[[34m2025-05-21 07:06:32[0m] Beginning epoch 208...
[[34m2025-05-21 07:22:15[0m] Beginning epoch 209...
[[34m2025-05-21 07:35:14[0m] (step=0525000) Train Loss: 0.0747, Train Steps/Sec: 2.66
[[34m2025-05-21 07:37:53[0m] Beginning epoch 210...
[[34m2025-05-21 07:53:34[0m] Beginning epoch 211...
[[34m2025-05-21 08:06:36[0m] (step=0530000) Train Loss: 0.0747, Train Steps/Sec: 2.66
[[34m2025-05-21 08:09:16[0m] Beginning epoch 212...
[[34m2025-05-21 08:24:56[0m] Beginning epoch 213...
[[34m2025-05-21 08:37:57[0m] (step=0535000) Train Loss: 0.0746, Train Steps/Sec: 2.66
[[34m2025-05-21 08:40:39[0m] Beginning epoch 214...
[[34m2025-05-21 08:56:21[0m] Beginning epoch 215...
[[34m2025-05-21 09:09:20[0m] (step=0540000) Train Loss: 0.0745, Train Steps/Sec: 2.66
[[34m2025-05-21 09:12:03[0m] Beginning epoch 216...
[[34m2025-05-21 09:27:46[0m] Beginning epoch 217...
[[34m2025-05-21 09:40:43[0m] (step=0545000) Train Loss: 0.0743, Train Steps/Sec: 2.65
[[34m2025-05-21 09:43:28[0m] Beginning epoch 218...
[[34m2025-05-21 09:59:05[0m] Beginning epoch 219...
[[34m2025-05-21 10:12:02[0m] (step=0550000) Train Loss: 0.0746, Train Steps/Sec: 2.66
[[34m2025-05-21 10:14:48[0m] Beginning epoch 220...
[[34m2025-05-21 10:30:29[0m] Beginning epoch 221...
[[34m2025-05-21 10:43:23[0m] (step=0555000) Train Loss: 0.0744, Train Steps/Sec: 2.66
[[34m2025-05-21 10:46:11[0m] Beginning epoch 222...
[[34m2025-05-21 11:01:53[0m] Beginning epoch 223...
[[34m2025-05-21 11:14:43[0m] (step=0560000) Train Loss: 0.0742, Train Steps/Sec: 2.66
[[34m2025-05-21 11:17:32[0m] Beginning epoch 224...
[[34m2025-05-21 11:33:11[0m] Beginning epoch 225...
[[34m2025-05-21 11:46:00[0m] (step=0565000) Train Loss: 0.0742, Train Steps/Sec: 2.66
[[34m2025-05-21 11:48:51[0m] Beginning epoch 226...
[[34m2025-05-21 12:04:32[0m] Beginning epoch 227...
[[34m2025-05-21 12:17:23[0m] (step=0570000) Train Loss: 0.0740, Train Steps/Sec: 2.66
[[34m2025-05-21 12:20:15[0m] Beginning epoch 228...
[[34m2025-05-21 12:35:57[0m] Beginning epoch 229...
[[34m2025-05-21 12:48:44[0m] (step=0575000) Train Loss: 0.0739, Train Steps/Sec: 2.66
[[34m2025-05-21 12:51:37[0m] Beginning epoch 230...
[[34m2025-05-21 13:07:18[0m] Beginning epoch 231...
[[34m2025-05-21 13:20:05[0m] (step=0580000) Train Loss: 0.0740, Train Steps/Sec: 2.66
[[34m2025-05-21 13:23:00[0m] Beginning epoch 232...
[[34m2025-05-21 13:38:43[0m] Beginning epoch 233...
[[34m2025-05-21 13:51:27[0m] (step=0585000) Train Loss: 0.0739, Train Steps/Sec: 2.66
[[34m2025-05-21 13:54:23[0m] Beginning epoch 234...
[[34m2025-05-21 14:10:02[0m] Beginning epoch 235...
[[34m2025-05-21 14:22:45[0m] (step=0590000) Train Loss: 0.0736, Train Steps/Sec: 2.66
[[34m2025-05-21 14:25:43[0m] Beginning epoch 236...
[[34m2025-05-21 14:41:22[0m] Beginning epoch 237...
[[34m2025-05-21 14:54:05[0m] (step=0595000) Train Loss: 0.0737, Train Steps/Sec: 2.66
[[34m2025-05-21 14:57:04[0m] Beginning epoch 238...
[[34m2025-05-21 15:12:46[0m] Beginning epoch 239...
[[34m2025-05-21 15:25:27[0m] (step=0600000) Train Loss: 0.0736, Train Steps/Sec: 2.66
[[34m2025-05-21 15:25:36[0m] Saved checkpoint to /scratch/bowenxi/dit_result/DiT-XL_2_0517_2h100/008-DiT-XL-2/checkpoints/0600000.pt
[[34m2025-05-21 15:28:36[0m] Beginning epoch 240...
[[34m2025-05-21 15:44:16[0m] Beginning epoch 241...
[[34m2025-05-21 15:56:56[0m] (step=0605000) Train Loss: 0.0734, Train Steps/Sec: 2.65
[[34m2025-05-21 15:59:58[0m] Beginning epoch 242...
[[34m2025-05-21 16:15:40[0m] Beginning epoch 243...
[[34m2025-05-21 16:28:20[0m] (step=0610000) Train Loss: 0.0735, Train Steps/Sec: 2.65
[[34m2025-05-21 16:31:24[0m] Beginning epoch 244...
[[34m2025-05-21 16:47:05[0m] Beginning epoch 245...
[[34m2025-05-21 16:59:42[0m] (step=0615000) Train Loss: 0.0731, Train Steps/Sec: 2.66
[[34m2025-05-21 17:02:47[0m] Beginning epoch 246...
[[34m2025-05-21 17:18:28[0m] Beginning epoch 247...
[[34m2025-05-21 17:31:02[0m] (step=0620000) Train Loss: 0.0732, Train Steps/Sec: 2.66
[[34m2025-05-21 17:34:09[0m] Beginning epoch 248...
[[34m2025-05-21 17:49:50[0m] Beginning epoch 249...
[[34m2025-05-21 18:02:25[0m] (step=0625000) Train Loss: 0.0732, Train Steps/Sec: 2.66
[[34m2025-05-21 18:05:33[0m] Beginning epoch 250...
[[34m2025-05-21 18:21:13[0m] Beginning epoch 251...
[[34m2025-05-21 18:33:45[0m] (step=0630000) Train Loss: 0.0732, Train Steps/Sec: 2.66
[[34m2025-05-21 18:36:55[0m] Beginning epoch 252...
[[34m2025-05-21 18:52:35[0m] Beginning epoch 253...
[[34m2025-05-21 19:05:05[0m] (step=0635000) Train Loss: 0.0731, Train Steps/Sec: 2.66
[[34m2025-05-21 19:08:16[0m] Beginning epoch 254...
[[34m2025-05-21 19:23:58[0m] Beginning epoch 255...
[[34m2025-05-21 19:36:25[0m] (step=0640000) Train Loss: 0.0730, Train Steps/Sec: 2.66
[[34m2025-05-21 19:39:37[0m] Beginning epoch 256...
[[34m2025-05-21 19:55:20[0m] Beginning epoch 257...
[[34m2025-05-21 20:07:46[0m] (step=0645000) Train Loss: 0.0728, Train Steps/Sec: 2.66
[[34m2025-05-21 20:11:00[0m] Beginning epoch 258...
[[34m2025-05-21 20:26:40[0m] Beginning epoch 259...
[[34m2025-05-21 20:39:07[0m] (step=0650000) Train Loss: 0.0730, Train Steps/Sec: 2.66
[[34m2025-05-21 20:42:23[0m] Beginning epoch 260...
[[34m2025-05-21 20:58:05[0m] Beginning epoch 261...
[[34m2025-05-21 21:10:26[0m] (step=0655000) Train Loss: 0.0729, Train Steps/Sec: 2.66
[[34m2025-05-21 21:13:43[0m] Beginning epoch 262...
[[34m2025-05-21 21:29:25[0m] Beginning epoch 263...
[[34m2025-05-21 21:41:44[0m] (step=0660000) Train Loss: 0.0726, Train Steps/Sec: 2.66
[[34m2025-05-21 21:45:02[0m] Beginning epoch 264...
[[34m2025-05-21 22:00:45[0m] Beginning epoch 265...
[[34m2025-05-21 22:13:06[0m] (step=0665000) Train Loss: 0.0726, Train Steps/Sec: 2.66
[[34m2025-05-21 22:16:26[0m] Beginning epoch 266...
[[34m2025-05-21 22:32:08[0m] Beginning epoch 267...
[[34m2025-05-21 22:44:27[0m] (step=0670000) Train Loss: 0.0725, Train Steps/Sec: 2.66
[[34m2025-05-21 22:47:49[0m] Beginning epoch 268...
[[34m2025-05-21 23:03:26[0m] Beginning epoch 269...
[[34m2025-05-21 23:15:45[0m] (step=0675000) Train Loss: 0.0725, Train Steps/Sec: 2.66
[[34m2025-05-21 23:19:08[0m] Beginning epoch 270...
[[34m2025-05-21 23:34:48[0m] Beginning epoch 271...
[[34m2025-05-21 23:47:05[0m] (step=0680000) Train Loss: 0.0725, Train Steps/Sec: 2.66
[[34m2025-05-21 23:50:30[0m] Beginning epoch 272...
[[34m2025-05-22 00:06:10[0m] Beginning epoch 273...
[[34m2025-05-22 00:18:26[0m] (step=0685000) Train Loss: 0.0726, Train Steps/Sec: 2.66
[[34m2025-05-22 00:21:52[0m] Beginning epoch 274...
[[34m2025-05-22 00:37:34[0m] Beginning epoch 275...
[[34m2025-05-22 00:49:48[0m] (step=0690000) Train Loss: 0.0724, Train Steps/Sec: 2.66
[[34m2025-05-22 00:53:15[0m] Beginning epoch 276...
[[34m2025-05-22 01:08:56[0m] Beginning epoch 277...
[[34m2025-05-22 01:21:10[0m] (step=0695000) Train Loss: 0.0724, Train Steps/Sec: 2.66
[[34m2025-05-22 01:24:39[0m] Beginning epoch 278...
[[34m2025-05-22 01:40:18[0m] Beginning epoch 279...
[[34m2025-05-22 01:52:30[0m] (step=0700000) Train Loss: 0.0723, Train Steps/Sec: 2.66
[[34m2025-05-22 01:52:40[0m] Saved checkpoint to /scratch/bowenxi/dit_result/DiT-XL_2_0517_2h100/008-DiT-XL-2/checkpoints/0700000.pt
[[34m2025-05-22 01:56:10[0m] Beginning epoch 280...
[[34m2025-05-22 02:11:51[0m] Beginning epoch 281...
[[34m2025-05-22 02:23:57[0m] (step=0705000) Train Loss: 0.0723, Train Steps/Sec: 2.65
[[34m2025-05-22 02:27:28[0m] Beginning epoch 282...
[[34m2025-05-22 02:43:08[0m] Beginning epoch 283...
[[34m2025-05-22 02:55:16[0m] (step=0710000) Train Loss: 0.0719, Train Steps/Sec: 2.66
[[34m2025-05-22 02:58:49[0m] Beginning epoch 284...
[[34m2025-05-22 03:14:26[0m] Beginning epoch 285...
[[34m2025-05-22 03:26:32[0m] (step=0715000) Train Loss: 0.0719, Train Steps/Sec: 2.66
[[34m2025-05-22 03:30:08[0m] Beginning epoch 286...
[[34m2025-05-22 03:45:49[0m] Beginning epoch 287...
[[34m2025-05-22 03:57:54[0m] (step=0720000) Train Loss: 0.0720, Train Steps/Sec: 2.66
[[34m2025-05-22 04:01:30[0m] Beginning epoch 288...
[[34m2025-05-22 04:17:14[0m] Beginning epoch 289...
[[34m2025-05-22 04:29:16[0m] (step=0725000) Train Loss: 0.0719, Train Steps/Sec: 2.66
[[34m2025-05-22 04:32:53[0m] Beginning epoch 290...
[[34m2025-05-22 04:48:36[0m] Beginning epoch 291...
[[34m2025-05-22 05:00:39[0m] (step=0730000) Train Loss: 0.0720, Train Steps/Sec: 2.66
[[34m2025-05-22 05:04:18[0m] Beginning epoch 292...
[[34m2025-05-22 05:20:00[0m] Beginning epoch 293...
[[34m2025-05-22 05:32:00[0m] (step=0735000) Train Loss: 0.0719, Train Steps/Sec: 2.66
[[34m2025-05-22 05:35:41[0m] Beginning epoch 294...
[[34m2025-05-22 05:51:20[0m] Beginning epoch 295...
[[34m2025-05-22 06:03:20[0m] (step=0740000) Train Loss: 0.0718, Train Steps/Sec: 2.66
[[34m2025-05-22 06:07:03[0m] Beginning epoch 296...
[[34m2025-05-22 06:22:44[0m] Beginning epoch 297...
[[34m2025-05-22 06:34:42[0m] (step=0745000) Train Loss: 0.0715, Train Steps/Sec: 2.66
[[34m2025-05-22 06:38:26[0m] Beginning epoch 298...
[[34m2025-05-22 06:54:05[0m] Beginning epoch 299...
[[34m2025-05-22 07:05:58[0m] (step=0750000) Train Loss: 0.0715, Train Steps/Sec: 2.67
[[34m2025-05-22 07:09:42[0m] Beginning epoch 300...
[[34m2025-05-22 07:25:22[0m] Beginning epoch 301...
[[34m2025-05-22 07:37:16[0m] (step=0755000) Train Loss: 0.0718, Train Steps/Sec: 2.66
[[34m2025-05-22 07:41:04[0m] Beginning epoch 302...
[[34m2025-05-22 07:56:46[0m] Beginning epoch 303...
[[34m2025-05-22 08:08:39[0m] (step=0760000) Train Loss: 0.0715, Train Steps/Sec: 2.66
[[34m2025-05-22 08:12:28[0m] Beginning epoch 304...
[[34m2025-05-22 08:28:11[0m] Beginning epoch 305...
[[34m2025-05-22 08:40:02[0m] (step=0765000) Train Loss: 0.0713, Train Steps/Sec: 2.66
[[34m2025-05-22 08:43:52[0m] Beginning epoch 306...
[[34m2025-05-22 08:59:34[0m] Beginning epoch 307...
[[34m2025-05-22 09:11:25[0m] (step=0770000) Train Loss: 0.0714, Train Steps/Sec: 2.66
[[34m2025-05-22 09:15:16[0m] Beginning epoch 308...
[[34m2025-05-22 09:30:57[0m] Beginning epoch 309...
[[34m2025-05-22 09:42:47[0m] (step=0775000) Train Loss: 0.0714, Train Steps/Sec: 2.66
[[34m2025-05-22 09:46:40[0m] Beginning epoch 310...
[[34m2025-05-22 10:02:14[0m] Beginning epoch 311...
[[34m2025-05-22 10:14:02[0m] (step=0780000) Train Loss: 0.0713, Train Steps/Sec: 2.67
[[34m2025-05-22 10:17:57[0m] Beginning epoch 312...
[[34m2025-05-22 10:33:36[0m] Beginning epoch 313...
[[34m2025-05-22 10:45:21[0m] (step=0785000) Train Loss: 0.0711, Train Steps/Sec: 2.66
[[34m2025-05-22 10:49:17[0m] Beginning epoch 314...
[[34m2025-05-22 11:05:00[0m] Beginning epoch 315...
[[34m2025-05-22 11:16:45[0m] (step=0790000) Train Loss: 0.0710, Train Steps/Sec: 2.65
[[34m2025-05-22 11:20:43[0m] Beginning epoch 316...
[[34m2025-05-22 11:36:25[0m] Beginning epoch 317...
[[34m2025-05-22 11:48:06[0m] (step=0795000) Train Loss: 0.0710, Train Steps/Sec: 2.66
[[34m2025-05-22 11:52:05[0m] Beginning epoch 318...
[[34m2025-05-22 12:07:47[0m] Beginning epoch 319...
[[34m2025-05-22 12:19:28[0m] (step=0800000) Train Loss: 0.0711, Train Steps/Sec: 2.66
[[34m2025-05-22 12:19:36[0m] Saved checkpoint to /scratch/bowenxi/dit_result/DiT-XL_2_0517_2h100/008-DiT-XL-2/checkpoints/0800000.pt
[[34m2025-05-22 12:23:38[0m] Beginning epoch 320...
[[34m2025-05-22 12:39:20[0m] Beginning epoch 321...
[[34m2025-05-22 12:50:59[0m] (step=0805000) Train Loss: 0.0711, Train Steps/Sec: 2.64
[[34m2025-05-22 12:55:01[0m] Beginning epoch 322...
[[34m2025-05-22 13:10:42[0m] Beginning epoch 323...
[[34m2025-05-22 13:22:20[0m] (step=0810000) Train Loss: 0.0709, Train Steps/Sec: 2.66
[[34m2025-05-22 13:26:25[0m] Beginning epoch 324...
[[34m2025-05-22 13:42:07[0m] Beginning epoch 325...
[[34m2025-05-22 13:53:43[0m] (step=0815000) Train Loss: 0.0707, Train Steps/Sec: 2.66
[[34m2025-05-22 13:57:49[0m] Beginning epoch 326...
[[34m2025-05-22 14:13:32[0m] Beginning epoch 327...
[[34m2025-05-22 14:25:07[0m] (step=0820000) Train Loss: 0.0707, Train Steps/Sec: 2.65
[[34m2025-05-22 14:29:13[0m] Beginning epoch 328...
[[34m2025-05-22 14:44:53[0m] Beginning epoch 329...
[[34m2025-05-22 14:56:22[0m] (step=0825000) Train Loss: 0.0708, Train Steps/Sec: 2.67
[[34m2025-05-22 15:00:29[0m] Beginning epoch 330...
[[34m2025-05-22 15:16:04[0m] Beginning epoch 331...
[[34m2025-05-22 15:27:36[0m] (step=0830000) Train Loss: 0.0707, Train Steps/Sec: 2.67
[[34m2025-05-22 15:31:45[0m] Beginning epoch 332...
[[34m2025-05-22 15:47:25[0m] Beginning epoch 333...
[[34m2025-05-22 15:58:54[0m] (step=0835000) Train Loss: 0.0705, Train Steps/Sec: 2.66
[[34m2025-05-22 16:03:05[0m] Beginning epoch 334...
[[34m2025-05-22 16:18:46[0m] Beginning epoch 335...
[[34m2025-05-22 16:30:14[0m] (step=0840000) Train Loss: 0.0705, Train Steps/Sec: 2.66
[[34m2025-05-22 16:34:27[0m] Beginning epoch 336...
[[34m2025-05-22 16:50:07[0m] Beginning epoch 337...
[[34m2025-05-22 17:01:34[0m] (step=0845000) Train Loss: 0.0706, Train Steps/Sec: 2.66
[[34m2025-05-22 17:05:49[0m] Beginning epoch 338...
[[34m2025-05-22 17:21:30[0m] Beginning epoch 339...
[[34m2025-05-22 17:32:52[0m] (step=0850000) Train Loss: 0.0704, Train Steps/Sec: 2.66
[[34m2025-05-22 17:37:08[0m] Beginning epoch 340...
[[34m2025-05-22 17:52:48[0m] Beginning epoch 341...
[[34m2025-05-22 18:04:12[0m] (step=0855000) Train Loss: 0.0704, Train Steps/Sec: 2.66
[[34m2025-05-22 18:08:29[0m] Beginning epoch 342...
[[34m2025-05-22 18:24:11[0m] Beginning epoch 343...
[[34m2025-05-22 18:35:34[0m] (step=0860000) Train Loss: 0.0702, Train Steps/Sec: 2.66
[[34m2025-05-22 18:39:53[0m] Beginning epoch 344...
[[34m2025-05-22 18:55:36[0m] Beginning epoch 345...
[[34m2025-05-22 19:06:55[0m] (step=0865000) Train Loss: 0.0703, Train Steps/Sec: 2.66
[[34m2025-05-22 19:11:16[0m] Beginning epoch 346...
[[34m2025-05-22 19:26:59[0m] Beginning epoch 347...
[[34m2025-05-22 19:38:19[0m] (step=0870000) Train Loss: 0.0701, Train Steps/Sec: 2.65
[[34m2025-05-22 19:42:41[0m] Beginning epoch 348...
[[34m2025-05-22 19:58:22[0m] Beginning epoch 349...
[[34m2025-05-22 20:09:37[0m] (step=0875000) Train Loss: 0.0702, Train Steps/Sec: 2.66
[[34m2025-05-22 20:13:59[0m] Beginning epoch 350...
[[34m2025-05-22 20:29:40[0m] Beginning epoch 351...
[[34m2025-05-22 20:40:56[0m] (step=0880000) Train Loss: 0.0702, Train Steps/Sec: 2.66
[[34m2025-05-22 20:45:21[0m] Beginning epoch 352...
[[34m2025-05-22 21:01:04[0m] Beginning epoch 353...
[[34m2025-05-22 21:12:19[0m] (step=0885000) Train Loss: 0.0700, Train Steps/Sec: 2.66
[[34m2025-05-22 21:16:45[0m] Beginning epoch 354...
[[34m2025-05-22 21:32:26[0m] Beginning epoch 355...
[[34m2025-05-22 21:43:39[0m] (step=0890000) Train Loss: 0.0701, Train Steps/Sec: 2.66
[[34m2025-05-22 21:48:07[0m] Beginning epoch 356...
[[34m2025-05-22 22:03:49[0m] Beginning epoch 357...
[[34m2025-05-22 22:15:02[0m] (step=0895000) Train Loss: 0.0699, Train Steps/Sec: 2.66
[[34m2025-05-22 22:19:32[0m] Beginning epoch 358...
[[34m2025-05-22 22:35:13[0m] Beginning epoch 359...
[[34m2025-05-22 22:46:21[0m] (step=0900000) Train Loss: 0.0697, Train Steps/Sec: 2.66
[[34m2025-05-22 22:46:30[0m] Saved checkpoint to /scratch/bowenxi/dit_result/DiT-XL_2_0517_2h100/008-DiT-XL-2/checkpoints/0900000.pt
[[34m2025-05-22 22:50:59[0m] Beginning epoch 360...
[[34m2025-05-22 23:06:41[0m] Beginning epoch 361...
[[34m2025-05-22 23:17:49[0m] (step=0905000) Train Loss: 0.0698, Train Steps/Sec: 2.65
[[34m2025-05-22 23:22:22[0m] Beginning epoch 362...
[[34m2025-05-22 23:38:04[0m] Beginning epoch 363...
[[34m2025-05-22 23:49:13[0m] (step=0910000) Train Loss: 0.0698, Train Steps/Sec: 2.65
[[34m2025-05-22 23:53:47[0m] Beginning epoch 364...
[[34m2025-05-23 00:09:27[0m] Beginning epoch 365...
[[34m2025-05-23 00:20:32[0m] (step=0915000) Train Loss: 0.0698, Train Steps/Sec: 2.66
[[34m2025-05-23 00:25:08[0m] Beginning epoch 366...
[[34m2025-05-23 00:40:51[0m] Beginning epoch 367...
[[34m2025-05-23 00:51:55[0m] (step=0920000) Train Loss: 0.0698, Train Steps/Sec: 2.66
[[34m2025-05-23 00:56:31[0m] Beginning epoch 368...
[[34m2025-05-23 01:12:07[0m] Beginning epoch 369...
[[34m2025-05-23 01:23:07[0m] (step=0925000) Train Loss: 0.0696, Train Steps/Sec: 2.67
[[34m2025-05-23 01:27:44[0m] Beginning epoch 370...
[[34m2025-05-23 01:43:25[0m] Beginning epoch 371...
[[34m2025-05-23 01:54:25[0m] (step=0930000) Train Loss: 0.0697, Train Steps/Sec: 2.66
[[34m2025-05-23 01:59:04[0m] Beginning epoch 372...
[[34m2025-05-23 02:14:47[0m] Beginning epoch 373...
[[34m2025-05-23 02:25:47[0m] (step=0935000) Train Loss: 0.0695, Train Steps/Sec: 2.66
[[34m2025-05-23 02:30:29[0m] Beginning epoch 374...
[[34m2025-05-23 02:46:11[0m] Beginning epoch 375...
[[34m2025-05-23 02:57:08[0m] (step=0940000) Train Loss: 0.0693, Train Steps/Sec: 2.66
[[34m2025-05-23 03:01:50[0m] Beginning epoch 376...
[[34m2025-05-23 03:17:32[0m] Beginning epoch 377...
[[34m2025-05-23 03:28:30[0m] (step=0945000) Train Loss: 0.0694, Train Steps/Sec: 2.66
[[34m2025-05-23 03:33:14[0m] Beginning epoch 378...
[[34m2025-05-23 03:48:56[0m] Beginning epoch 379...
[[34m2025-05-23 03:59:50[0m] (step=0950000) Train Loss: 0.0695, Train Steps/Sec: 2.66
[[34m2025-05-23 04:04:34[0m] Beginning epoch 380...
[[34m2025-05-23 04:20:18[0m] Beginning epoch 381...
[[34m2025-05-23 04:31:11[0m] (step=0955000) Train Loss: 0.0692, Train Steps/Sec: 2.66
[[34m2025-05-23 04:35:58[0m] Beginning epoch 382...
[[34m2025-05-23 04:51:41[0m] Beginning epoch 383...
[[34m2025-05-23 05:02:35[0m] (step=0960000) Train Loss: 0.0693, Train Steps/Sec: 2.65
[[34m2025-05-23 05:07:24[0m] Beginning epoch 384...
[[34m2025-05-23 05:23:07[0m] Beginning epoch 385...
[[34m2025-05-23 05:33:58[0m] (step=0965000) Train Loss: 0.0692, Train Steps/Sec: 2.66
[[34m2025-05-23 05:38:48[0m] Beginning epoch 386...
[[34m2025-05-23 05:54:29[0m] Beginning epoch 387...
[[34m2025-05-23 06:05:19[0m] (step=0970000) Train Loss: 0.0692, Train Steps/Sec: 2.66
[[34m2025-05-23 06:10:11[0m] Beginning epoch 388...
[[34m2025-05-23 06:25:52[0m] Beginning epoch 389...
[[34m2025-05-23 06:36:39[0m] (step=0975000) Train Loss: 0.0691, Train Steps/Sec: 2.66
[[34m2025-05-23 06:41:32[0m] Beginning epoch 390...
[[34m2025-05-23 06:57:12[0m] Beginning epoch 391...
[[34m2025-05-23 07:07:58[0m] (step=0980000) Train Loss: 0.0690, Train Steps/Sec: 2.66
[[34m2025-05-23 07:12:53[0m] Beginning epoch 392...
[[34m2025-05-23 07:28:33[0m] Beginning epoch 393...
[[34m2025-05-23 07:39:18[0m] (step=0985000) Train Loss: 0.0690, Train Steps/Sec: 2.66
[[34m2025-05-23 07:44:15[0m] Beginning epoch 394...
[[34m2025-05-23 07:59:56[0m] Beginning epoch 395...
[[34m2025-05-23 08:10:40[0m] (step=0990000) Train Loss: 0.0691, Train Steps/Sec: 2.66
[[34m2025-05-23 08:15:39[0m] Beginning epoch 396...
[[34m2025-05-23 08:31:21[0m] Beginning epoch 397...
[[34m2025-05-23 08:42:04[0m] (step=0995000) Train Loss: 0.0688, Train Steps/Sec: 2.65
[[34m2025-05-23 08:47:04[0m] Beginning epoch 398...
[[34m2025-05-23 09:02:46[0m] Beginning epoch 399...
[[34m2025-05-23 09:13:27[0m] (step=1000000) Train Loss: 0.0690, Train Steps/Sec: 2.66
[[34m2025-05-23 09:13:36[0m] Saved checkpoint to /scratch/bowenxi/dit_result/DiT-XL_2_0517_2h100/008-DiT-XL-2/checkpoints/1000000.pt
[[34m2025-05-23 09:18:36[0m] Beginning epoch 400...
[[34m2025-05-23 09:34:19[0m] Beginning epoch 401...
[[34m2025-05-23 09:44:58[0m] (step=1005000) Train Loss: 0.0689, Train Steps/Sec: 2.64
[[34m2025-05-23 09:50:01[0m] Beginning epoch 402...
[[34m2025-05-23 10:05:42[0m] Beginning epoch 403...
[[34m2025-05-23 10:16:20[0m] (step=1010000) Train Loss: 0.0688, Train Steps/Sec: 2.66
[[34m2025-05-23 10:21:24[0m] Beginning epoch 404...
[[34m2025-05-23 10:37:03[0m] Beginning epoch 405...
[[34m2025-05-23 10:47:37[0m] (step=1015000) Train Loss: 0.0688, Train Steps/Sec: 2.66
[[34m2025-05-23 10:52:42[0m] Beginning epoch 406...
[[34m2025-05-23 11:08:24[0m] Beginning epoch 407...
[[34m2025-05-23 11:18:59[0m] (step=1020000) Train Loss: 0.0688, Train Steps/Sec: 2.66
[[34m2025-05-23 11:24:07[0m] Beginning epoch 408...
[[34m2025-05-23 11:39:48[0m] Beginning epoch 409...
[[34m2025-05-23 11:50:18[0m] (step=1025000) Train Loss: 0.0686, Train Steps/Sec: 2.66
[[34m2025-05-23 11:55:24[0m] Beginning epoch 410...
[[34m2025-05-23 12:11:07[0m] Beginning epoch 411...
[[34m2025-05-23 12:21:39[0m] (step=1030000) Train Loss: 0.0685, Train Steps/Sec: 2.66
[[34m2025-05-23 12:26:49[0m] Beginning epoch 412...
[[34m2025-05-23 12:42:30[0m] Beginning epoch 413...
[[34m2025-05-23 12:53:00[0m] (step=1035000) Train Loss: 0.0687, Train Steps/Sec: 2.66
[[34m2025-05-23 12:58:12[0m] Beginning epoch 414...
[[34m2025-05-23 13:13:50[0m] Beginning epoch 415...
[[34m2025-05-23 13:24:19[0m] (step=1040000) Train Loss: 0.0685, Train Steps/Sec: 2.66
[[34m2025-05-23 13:29:31[0m] Beginning epoch 416...
[[34m2025-05-23 13:45:14[0m] Beginning epoch 417...
[[34m2025-05-23 13:55:42[0m] (step=1045000) Train Loss: 0.0685, Train Steps/Sec: 2.66
[[34m2025-05-23 14:00:56[0m] Beginning epoch 418...
[[34m2025-05-23 14:16:37[0m] Beginning epoch 419...
[[34m2025-05-23 14:27:04[0m] (step=1050000) Train Loss: 0.0685, Train Steps/Sec: 2.66
[[34m2025-05-23 14:32:21[0m] Beginning epoch 420...
[[34m2025-05-23 14:48:03[0m] Beginning epoch 421...
[[34m2025-05-23 14:58:27[0m] (step=1055000) Train Loss: 0.0684, Train Steps/Sec: 2.66
[[34m2025-05-23 15:03:44[0m] Beginning epoch 422...
[[34m2025-05-23 15:19:22[0m] Beginning epoch 423...
[[34m2025-05-23 15:29:43[0m] (step=1060000) Train Loss: 0.0684, Train Steps/Sec: 2.66
[[34m2025-05-23 15:35:02[0m] Beginning epoch 424...
[[34m2025-05-23 15:50:43[0m] Beginning epoch 425...
[[34m2025-05-23 16:01:04[0m] (step=1065000) Train Loss: 0.0683, Train Steps/Sec: 2.66
[[34m2025-05-23 16:06:24[0m] Beginning epoch 426...
[[34m2025-05-23 16:22:02[0m] Beginning epoch 427...
[[34m2025-05-23 16:32:22[0m] (step=1070000) Train Loss: 0.0682, Train Steps/Sec: 2.66
[[34m2025-05-23 16:37:43[0m] Beginning epoch 428...
[[34m2025-05-23 16:53:25[0m] Beginning epoch 429...
[[34m2025-05-23 17:03:43[0m] (step=1075000) Train Loss: 0.0682, Train Steps/Sec: 2.66
[[34m2025-05-23 17:09:07[0m] Beginning epoch 430...
[[34m2025-05-23 17:24:50[0m] Beginning epoch 431...
[[34m2025-05-23 17:35:07[0m] (step=1080000) Train Loss: 0.0683, Train Steps/Sec: 2.65
[[34m2025-05-23 17:40:32[0m] Beginning epoch 432...
[[34m2025-05-23 17:56:14[0m] Beginning epoch 433...
[[34m2025-05-23 18:06:29[0m] (step=1085000) Train Loss: 0.0680, Train Steps/Sec: 2.66
[[34m2025-05-23 18:11:55[0m] Beginning epoch 434...
[[34m2025-05-23 18:27:38[0m] Beginning epoch 435...
[[34m2025-05-23 18:37:53[0m] (step=1090000) Train Loss: 0.0682, Train Steps/Sec: 2.65
[[34m2025-05-23 18:43:21[0m] Beginning epoch 436...
[[34m2025-05-23 18:59:03[0m] Beginning epoch 437...
[[34m2025-05-23 19:09:15[0m] (step=1095000) Train Loss: 0.0682, Train Steps/Sec: 2.66
[[34m2025-05-23 19:14:45[0m] Beginning epoch 438...
[[34m2025-05-23 19:30:27[0m] Beginning epoch 439...
[[34m2025-05-23 19:40:38[0m] (step=1100000) Train Loss: 0.0679, Train Steps/Sec: 2.66
[[34m2025-05-23 19:40:48[0m] Saved checkpoint to /scratch/bowenxi/dit_result/DiT-XL_2_0517_2h100/008-DiT-XL-2/checkpoints/1100000.pt
[[34m2025-05-23 19:46:19[0m] Beginning epoch 440...
[[34m2025-05-23 20:01:58[0m] Beginning epoch 441...
[[34m2025-05-23 20:12:03[0m] (step=1105000) Train Loss: 0.0679, Train Steps/Sec: 2.65
[[34m2025-05-23 20:17:34[0m] Beginning epoch 442...
[[34m2025-05-23 20:33:15[0m] Beginning epoch 443...
[[34m2025-05-23 20:43:24[0m] (step=1110000) Train Loss: 0.0677, Train Steps/Sec: 2.66
[[34m2025-05-23 20:48:59[0m] Beginning epoch 444...
[[34m2025-05-23 21:04:40[0m] Beginning epoch 445...
[[34m2025-05-23 21:14:47[0m] (step=1115000) Train Loss: 0.0679, Train Steps/Sec: 2.65
[[34m2025-05-23 21:20:24[0m] Beginning epoch 446...
[[34m2025-05-23 21:36:04[0m] Beginning epoch 447...
[[34m2025-05-23 21:46:08[0m] (step=1120000) Train Loss: 0.0678, Train Steps/Sec: 2.66
[[34m2025-05-23 21:51:45[0m] Beginning epoch 448...
[[34m2025-05-23 22:07:27[0m] Beginning epoch 449...
[[34m2025-05-23 22:17:30[0m] (step=1125000) Train Loss: 0.0678, Train Steps/Sec: 2.66
[[34m2025-05-23 22:23:08[0m] Beginning epoch 450...
[[34m2025-05-23 22:38:51[0m] Beginning epoch 451...
[[34m2025-05-23 22:48:48[0m] (step=1130000) Train Loss: 0.0676, Train Steps/Sec: 2.66
[[34m2025-05-23 22:54:26[0m] Beginning epoch 452...
[[34m2025-05-23 23:10:06[0m] Beginning epoch 453...
[[34m2025-05-23 23:20:07[0m] (step=1135000) Train Loss: 0.0675, Train Steps/Sec: 2.66
[[34m2025-05-23 23:25:49[0m] Beginning epoch 454...
[[34m2025-05-23 23:41:29[0m] Beginning epoch 455...
[[34m2025-05-23 23:51:27[0m] (step=1140000) Train Loss: 0.0678, Train Steps/Sec: 2.66
[[34m2025-05-23 23:57:11[0m] Beginning epoch 456...
[[34m2025-05-24 00:12:53[0m] Beginning epoch 457...
[[34m2025-05-24 00:22:49[0m] (step=1145000) Train Loss: 0.0676, Train Steps/Sec: 2.66
[[34m2025-05-24 00:28:33[0m] Beginning epoch 458...
[[34m2025-05-24 00:44:16[0m] Beginning epoch 459...
[[34m2025-05-24 00:54:08[0m] (step=1150000) Train Loss: 0.0678, Train Steps/Sec: 2.66
[[34m2025-05-24 00:59:52[0m] Beginning epoch 460...
[[34m2025-05-24 01:15:30[0m] Beginning epoch 461...
[[34m2025-05-24 01:25:23[0m] (step=1155000) Train Loss: 0.0675, Train Steps/Sec: 2.67
[[34m2025-05-24 01:31:10[0m] Beginning epoch 462...
[[34m2025-05-24 01:46:49[0m] Beginning epoch 463...
[[34m2025-05-24 01:56:42[0m] (step=1160000) Train Loss: 0.0675, Train Steps/Sec: 2.66
[[34m2025-05-24 02:02:31[0m] Beginning epoch 464...
[[34m2025-05-24 02:18:13[0m] Beginning epoch 465...
[[34m2025-05-24 02:28:02[0m] (step=1165000) Train Loss: 0.0674, Train Steps/Sec: 2.66
[[34m2025-05-24 02:33:51[0m] Beginning epoch 466...
[[34m2025-05-24 02:49:30[0m] Beginning epoch 467...
[[34m2025-05-24 02:59:18[0m] (step=1170000) Train Loss: 0.0674, Train Steps/Sec: 2.66
[[34m2025-05-24 03:05:10[0m] Beginning epoch 468...
[[34m2025-05-24 03:20:49[0m] Beginning epoch 469...
[[34m2025-05-24 03:30:35[0m] (step=1175000) Train Loss: 0.0673, Train Steps/Sec: 2.66
[[34m2025-05-24 03:36:27[0m] Beginning epoch 470...
[[34m2025-05-24 03:52:06[0m] Beginning epoch 471...
[[34m2025-05-24 04:01:53[0m] (step=1180000) Train Loss: 0.0673, Train Steps/Sec: 2.66
[[34m2025-05-24 04:07:48[0m] Beginning epoch 472...
[[34m2025-05-24 04:23:27[0m] Beginning epoch 473...
[[34m2025-05-24 04:33:07[0m] (step=1185000) Train Loss: 0.0674, Train Steps/Sec: 2.67
[[34m2025-05-24 04:39:02[0m] Beginning epoch 474...
[[34m2025-05-24 04:54:36[0m] Beginning epoch 475...
[[34m2025-05-24 05:04:20[0m] (step=1190000) Train Loss: 0.0672, Train Steps/Sec: 2.67
[[34m2025-05-24 05:10:19[0m] Beginning epoch 476...
[[34m2025-05-24 05:25:59[0m] Beginning epoch 477...
[[34m2025-05-24 05:35:40[0m] (step=1195000) Train Loss: 0.0673, Train Steps/Sec: 2.66
[[34m2025-05-24 05:41:38[0m] Beginning epoch 478...
[[34m2025-05-24 05:57:20[0m] Beginning epoch 479...
[[34m2025-05-24 06:07:01[0m] (step=1200000) Train Loss: 0.0672, Train Steps/Sec: 2.66
[[34m2025-05-24 06:07:11[0m] Saved checkpoint to /scratch/bowenxi/dit_result/DiT-XL_2_0517_2h100/008-DiT-XL-2/checkpoints/1200000.pt
[[34m2025-05-24 06:13:12[0m] Beginning epoch 480...
[[34m2025-05-24 06:28:48[0m] Beginning epoch 481...
[[34m2025-05-24 06:38:27[0m] (step=1205000) Train Loss: 0.0671, Train Steps/Sec: 2.65
[[34m2025-05-24 06:44:30[0m] Beginning epoch 482...
[[34m2025-05-24 07:00:12[0m] Beginning epoch 483...
[[34m2025-05-24 07:09:47[0m] (step=1210000) Train Loss: 0.0671, Train Steps/Sec: 2.66
[[34m2025-05-24 07:15:49[0m] Beginning epoch 484...
[[34m2025-05-24 07:31:31[0m] Beginning epoch 485...
[[34m2025-05-24 07:41:07[0m] (step=1215000) Train Loss: 0.0670, Train Steps/Sec: 2.66
[[34m2025-05-24 07:47:13[0m] Beginning epoch 486...
[[34m2025-05-24 08:02:54[0m] Beginning epoch 487...
[[34m2025-05-24 08:12:29[0m] (step=1220000) Train Loss: 0.0669, Train Steps/Sec: 2.66
[[34m2025-05-24 08:18:37[0m] Beginning epoch 488...
[[34m2025-05-24 08:34:18[0m] Beginning epoch 489...
[[34m2025-05-24 08:43:52[0m] (step=1225000) Train Loss: 0.0669, Train Steps/Sec: 2.66
[[34m2025-05-24 08:50:01[0m] Beginning epoch 490...
[[34m2025-05-24 09:05:42[0m] Beginning epoch 491...
[[34m2025-05-24 09:15:13[0m] (step=1230000) Train Loss: 0.0669, Train Steps/Sec: 2.66
[[34m2025-05-24 09:21:23[0m] Beginning epoch 492...
[[34m2025-05-24 09:36:58[0m] Beginning epoch 493...
[[34m2025-05-24 09:46:26[0m] (step=1235000) Train Loss: 0.0669, Train Steps/Sec: 2.67
[[34m2025-05-24 09:52:38[0m] Beginning epoch 494...
[[34m2025-05-24 10:08:13[0m] Beginning epoch 495...
[[34m2025-05-24 10:17:36[0m] (step=1240000) Train Loss: 0.0668, Train Steps/Sec: 2.67
[[34m2025-05-24 10:23:46[0m] Beginning epoch 496...
[[34m2025-05-24 10:39:28[0m] Beginning epoch 497...
[[34m2025-05-24 10:48:54[0m] (step=1245000) Train Loss: 0.0669, Train Steps/Sec: 2.66
[[34m2025-05-24 10:55:09[0m] Beginning epoch 498...
[[34m2025-05-24 11:10:50[0m] Beginning epoch 499...
[[34m2025-05-24 11:20:16[0m] (step=1250000) Train Loss: 0.0667, Train Steps/Sec: 2.66
[[34m2025-05-24 11:26:32[0m] Beginning epoch 500...
[[34m2025-05-24 11:42:14[0m] Beginning epoch 501...
[[34m2025-05-24 11:51:38[0m] (step=1255000) Train Loss: 0.0665, Train Steps/Sec: 2.66
[[34m2025-05-24 11:57:55[0m] Beginning epoch 502...
[[34m2025-05-24 12:13:37[0m] Beginning epoch 503...
[[34m2025-05-24 12:22:58[0m] (step=1260000) Train Loss: 0.0666, Train Steps/Sec: 2.66
[[34m2025-05-24 12:29:18[0m] Beginning epoch 504...
[[34m2025-05-24 12:44:54[0m] Beginning epoch 505...
[[34m2025-05-24 12:54:14[0m] (step=1265000) Train Loss: 0.0667, Train Steps/Sec: 2.67
[[34m2025-05-24 13:00:35[0m] Beginning epoch 506...
[[34m2025-05-24 13:16:14[0m] Beginning epoch 507...
[[34m2025-05-24 13:25:33[0m] (step=1270000) Train Loss: 0.0666, Train Steps/Sec: 2.66
[[34m2025-05-24 13:31:55[0m] Beginning epoch 508...
[[34m2025-05-24 13:47:36[0m] Beginning epoch 509...
[[34m2025-05-24 13:56:53[0m] (step=1275000) Train Loss: 0.0666, Train Steps/Sec: 2.66
[[34m2025-05-24 14:03:16[0m] Beginning epoch 510...
[[34m2025-05-24 14:18:59[0m] Beginning epoch 511...
[[34m2025-05-24 14:28:14[0m] (step=1280000) Train Loss: 0.0666, Train Steps/Sec: 2.66
[[34m2025-05-24 14:34:39[0m] Beginning epoch 512...
[[34m2025-05-24 14:50:21[0m] Beginning epoch 513...
[[34m2025-05-24 14:59:32[0m] (step=1285000) Train Loss: 0.0667, Train Steps/Sec: 2.66
[[34m2025-05-24 15:05:59[0m] Beginning epoch 514...
[[34m2025-05-24 15:21:40[0m] Beginning epoch 515...
[[34m2025-05-24 15:30:53[0m] (step=1290000) Train Loss: 0.0665, Train Steps/Sec: 2.66
[[34m2025-05-24 15:37:21[0m] Beginning epoch 516...
[[34m2025-05-24 15:53:03[0m] Beginning epoch 517...
[[34m2025-05-24 16:02:15[0m] (step=1295000) Train Loss: 0.0666, Train Steps/Sec: 2.66
[[34m2025-05-24 16:08:42[0m] Beginning epoch 518...
[[34m2025-05-24 16:24:25[0m] Beginning epoch 519...
[[34m2025-05-24 16:33:36[0m] (step=1300000) Train Loss: 0.0665, Train Steps/Sec: 2.66
[[34m2025-05-24 16:33:46[0m] Saved checkpoint to /scratch/bowenxi/dit_result/DiT-XL_2_0517_2h100/008-DiT-XL-2/checkpoints/1300000.pt
[[34m2025-05-24 16:40:17[0m] Beginning epoch 520...
[[34m2025-05-24 16:55:58[0m] Beginning epoch 521...
[[34m2025-05-24 17:05:08[0m] (step=1305000) Train Loss: 0.0662, Train Steps/Sec: 2.64
[[34m2025-05-24 17:11:40[0m] Beginning epoch 522...
[[34m2025-05-24 17:27:22[0m] Beginning epoch 523...
[[34m2025-05-24 17:36:29[0m] (step=1310000) Train Loss: 0.0664, Train Steps/Sec: 2.66
[[34m2025-05-24 17:43:04[0m] Beginning epoch 524...
[[34m2025-05-24 17:58:45[0m] Beginning epoch 525...
[[34m2025-05-24 18:07:51[0m] (step=1315000) Train Loss: 0.0663, Train Steps/Sec: 2.66
[[34m2025-05-24 18:14:26[0m] Beginning epoch 526...
[[34m2025-05-24 18:30:04[0m] Beginning epoch 527...
[[34m2025-05-24 18:39:08[0m] (step=1320000) Train Loss: 0.0663, Train Steps/Sec: 2.66
[[34m2025-05-24 18:45:45[0m] Beginning epoch 528...
[[34m2025-05-24 19:01:23[0m] Beginning epoch 529...
[[34m2025-05-24 19:10:26[0m] (step=1325000) Train Loss: 0.0663, Train Steps/Sec: 2.66
[[34m2025-05-24 19:17:05[0m] Beginning epoch 530...
[[34m2025-05-24 19:32:45[0m] Beginning epoch 531...
[[34m2025-05-24 19:41:47[0m] (step=1330000) Train Loss: 0.0662, Train Steps/Sec: 2.66
[[34m2025-05-24 19:48:28[0m] Beginning epoch 532...
[[34m2025-05-24 20:04:07[0m] Beginning epoch 533...
[[34m2025-05-24 20:13:07[0m] (step=1335000) Train Loss: 0.0663, Train Steps/Sec: 2.66
[[34m2025-05-24 20:19:49[0m] Beginning epoch 534...
[[34m2025-05-24 20:35:29[0m] Beginning epoch 535...
[[34m2025-05-24 20:44:27[0m] (step=1340000) Train Loss: 0.0662, Train Steps/Sec: 2.66
[[34m2025-05-24 20:51:09[0m] Beginning epoch 536...
[[34m2025-05-24 21:06:49[0m] Beginning epoch 537...
[[34m2025-05-24 21:15:47[0m] (step=1345000) Train Loss: 0.0661, Train Steps/Sec: 2.66
[[34m2025-05-24 21:22:31[0m] Beginning epoch 538...
[[34m2025-05-24 21:38:13[0m] Beginning epoch 539...
[[34m2025-05-24 21:47:07[0m] (step=1350000) Train Loss: 0.0659, Train Steps/Sec: 2.66
[[34m2025-05-24 21:53:53[0m] Beginning epoch 540...
[[34m2025-05-24 22:09:36[0m] Beginning epoch 541...
[[34m2025-05-24 22:18:28[0m] (step=1355000) Train Loss: 0.0660, Train Steps/Sec: 2.66
[[34m2025-05-24 22:25:16[0m] Beginning epoch 542...
[[34m2025-05-24 22:40:58[0m] Beginning epoch 543...
[[34m2025-05-24 22:49:51[0m] (step=1360000) Train Loss: 0.0662, Train Steps/Sec: 2.66
[[34m2025-05-24 22:56:39[0m] Beginning epoch 544...
[[34m2025-05-24 23:12:15[0m] Beginning epoch 545...
[[34m2025-05-24 23:21:05[0m] (step=1365000) Train Loss: 0.0658, Train Steps/Sec: 2.67
[[34m2025-05-24 23:27:55[0m] Beginning epoch 546...
[[34m2025-05-24 23:43:32[0m] Beginning epoch 547...
[[34m2025-05-24 23:52:21[0m] (step=1370000) Train Loss: 0.0659, Train Steps/Sec: 2.67
[[34m2025-05-24 23:59:13[0m] Beginning epoch 548...
[[34m2025-05-25 00:14:56[0m] Beginning epoch 549...
[[34m2025-05-25 00:23:43[0m] (step=1375000) Train Loss: 0.0659, Train Steps/Sec: 2.66
[[34m2025-05-25 00:30:37[0m] Beginning epoch 550...
[[34m2025-05-25 00:46:18[0m] Beginning epoch 551...
[[34m2025-05-25 00:55:05[0m] (step=1380000) Train Loss: 0.0658, Train Steps/Sec: 2.66
[[34m2025-05-25 01:02:00[0m] Beginning epoch 552...
[[34m2025-05-25 01:17:42[0m] Beginning epoch 553...
[[34m2025-05-25 01:26:27[0m] (step=1385000) Train Loss: 0.0658, Train Steps/Sec: 2.66
[[34m2025-05-25 01:33:24[0m] Beginning epoch 554...
[[34m2025-05-25 01:49:07[0m] Beginning epoch 555...
[[34m2025-05-25 01:57:49[0m] (step=1390000) Train Loss: 0.0657, Train Steps/Sec: 2.66
[[34m2025-05-25 02:04:47[0m] Beginning epoch 556...
[[34m2025-05-25 02:20:27[0m] Beginning epoch 557...
[[34m2025-05-25 02:29:08[0m] (step=1395000) Train Loss: 0.0658, Train Steps/Sec: 2.66
[[34m2025-05-25 02:36:07[0m] Beginning epoch 558...
[[34m2025-05-25 02:51:48[0m] Beginning epoch 559...
[[34m2025-05-25 03:00:29[0m] (step=1400000) Train Loss: 0.0656, Train Steps/Sec: 2.66
[[34m2025-05-25 03:00:39[0m] Saved checkpoint to /scratch/bowenxi/dit_result/DiT-XL_2_0517_2h100/008-DiT-XL-2/checkpoints/1400000.pt
[[34m2025-05-25 03:07:41[0m] Beginning epoch 560...
[[34m2025-05-25 03:23:22[0m] Beginning epoch 561...
[[34m2025-05-25 03:32:00[0m] (step=1405000) Train Loss: 0.0656, Train Steps/Sec: 2.64
[[34m2025-05-25 03:39:03[0m] Beginning epoch 562...
[[34m2025-05-25 03:54:42[0m] Beginning epoch 563...
[[34m2025-05-25 04:03:19[0m] (step=1410000) Train Loss: 0.0657, Train Steps/Sec: 2.66
[[34m2025-05-25 04:10:24[0m] Beginning epoch 564...
[[34m2025-05-25 04:26:01[0m] Beginning epoch 565...
[[34m2025-05-25 04:34:37[0m] (step=1415000) Train Loss: 0.0657, Train Steps/Sec: 2.66
[[34m2025-05-25 04:41:43[0m] Beginning epoch 566...
[[34m2025-05-25 04:57:26[0m] Beginning epoch 567...
[[34m2025-05-25 05:06:00[0m] (step=1420000) Train Loss: 0.0656, Train Steps/Sec: 2.66
[[34m2025-05-25 05:13:08[0m] Beginning epoch 568...
[[34m2025-05-25 05:28:50[0m] Beginning epoch 569...
[[34m2025-05-25 05:37:23[0m] (step=1425000) Train Loss: 0.0656, Train Steps/Sec: 2.65
[[34m2025-05-25 05:44:32[0m] Beginning epoch 570...
[[34m2025-05-25 06:00:14[0m] Beginning epoch 571...
[[34m2025-05-25 06:08:44[0m] (step=1430000) Train Loss: 0.0656, Train Steps/Sec: 2.66
[[34m2025-05-25 06:15:53[0m] Beginning epoch 572...
[[34m2025-05-25 06:31:30[0m] Beginning epoch 573...
[[34m2025-05-25 06:40:00[0m] (step=1435000) Train Loss: 0.0656, Train Steps/Sec: 2.67
[[34m2025-05-25 06:47:12[0m] Beginning epoch 574...
[[34m2025-05-25 07:02:55[0m] Beginning epoch 575...
[[34m2025-05-25 07:11:23[0m] (step=1440000) Train Loss: 0.0656, Train Steps/Sec: 2.66
[[34m2025-05-25 07:18:37[0m] Beginning epoch 576...
[[34m2025-05-25 07:34:19[0m] Beginning epoch 577...
[[34m2025-05-25 07:42:46[0m] (step=1445000) Train Loss: 0.0654, Train Steps/Sec: 2.66
[[34m2025-05-25 07:50:01[0m] Beginning epoch 578...
[[34m2025-05-25 08:05:43[0m] Beginning epoch 579...
[[34m2025-05-25 08:14:09[0m] (step=1450000) Train Loss: 0.0655, Train Steps/Sec: 2.66
[[34m2025-05-25 08:21:26[0m] Beginning epoch 580...
[[34m2025-05-25 08:37:07[0m] Beginning epoch 581...
[[34m2025-05-25 08:45:32[0m] (step=1455000) Train Loss: 0.0654, Train Steps/Sec: 2.66
[[34m2025-05-25 08:52:49[0m] Beginning epoch 582...
[[34m2025-05-25 09:08:30[0m] Beginning epoch 583...
[[34m2025-05-25 09:16:50[0m] (step=1460000) Train Loss: 0.0654, Train Steps/Sec: 2.66
[[34m2025-05-25 09:24:09[0m] Beginning epoch 584...
[[34m2025-05-25 09:39:48[0m] Beginning epoch 585...
[[34m2025-05-25 09:48:09[0m] (step=1465000) Train Loss: 0.0653, Train Steps/Sec: 2.66
[[34m2025-05-25 09:55:30[0m] Beginning epoch 586...
[[34m2025-05-25 10:11:10[0m] Beginning epoch 587...
[[34m2025-05-25 10:19:30[0m] (step=1470000) Train Loss: 0.0652, Train Steps/Sec: 2.66
[[34m2025-05-25 10:26:53[0m] Beginning epoch 588...
[[34m2025-05-25 10:42:35[0m] Beginning epoch 589...
[[34m2025-05-25 10:50:54[0m] (step=1475000) Train Loss: 0.0650, Train Steps/Sec: 2.65
[[34m2025-05-25 10:58:19[0m] Beginning epoch 590...
[[34m2025-05-25 11:13:59[0m] Beginning epoch 591...
[[34m2025-05-25 11:22:11[0m] (step=1480000) Train Loss: 0.0651, Train Steps/Sec: 2.66
[[34m2025-05-25 11:29:33[0m] Beginning epoch 592...
[[34m2025-05-25 11:45:17[0m] Beginning epoch 593...
[[34m2025-05-25 11:53:32[0m] (step=1485000) Train Loss: 0.0652, Train Steps/Sec: 2.66
[[34m2025-05-25 12:00:58[0m] Beginning epoch 594...
[[34m2025-05-25 12:16:34[0m] Beginning epoch 595...
[[34m2025-05-25 12:24:48[0m] (step=1490000) Train Loss: 0.0651, Train Steps/Sec: 2.66
[[34m2025-05-25 12:32:17[0m] Beginning epoch 596...
[[34m2025-05-25 12:47:57[0m] Beginning epoch 597...
[[34m2025-05-25 12:56:06[0m] (step=1495000) Train Loss: 0.0650, Train Steps/Sec: 2.66
[[34m2025-05-25 13:03:34[0m] Beginning epoch 598...
[[34m2025-05-25 13:19:12[0m] Beginning epoch 599...
[[34m2025-05-25 13:27:23[0m] (step=1500000) Train Loss: 0.0652, Train Steps/Sec: 2.66
[[34m2025-05-25 13:27:33[0m] Saved checkpoint to /scratch/bowenxi/dit_result/DiT-XL_2_0517_2h100/008-DiT-XL-2/checkpoints/1500000.pt
[[34m2025-05-25 13:35:05[0m] Beginning epoch 600...
[[34m2025-05-25 13:50:47[0m] Beginning epoch 601...
[[34m2025-05-25 13:58:56[0m] (step=1505000) Train Loss: 0.0651, Train Steps/Sec: 2.64
[[34m2025-05-25 14:06:29[0m] Beginning epoch 602...
[[34m2025-05-25 14:22:11[0m] Beginning epoch 603...
[[34m2025-05-25 14:30:15[0m] (step=1510000) Train Loss: 0.0651, Train Steps/Sec: 2.66
[[34m2025-05-25 14:37:46[0m] Beginning epoch 604...
[[34m2025-05-25 14:53:29[0m] Beginning epoch 605...
[[34m2025-05-25 15:01:35[0m] (step=1515000) Train Loss: 0.0650, Train Steps/Sec: 2.66
[[34m2025-05-25 15:09:11[0m] Beginning epoch 606...
[[34m2025-05-25 15:24:52[0m] Beginning epoch 607...
[[34m2025-05-25 15:32:55[0m] (step=1520000) Train Loss: 0.0649, Train Steps/Sec: 2.66
[[34m2025-05-25 15:40:33[0m] Beginning epoch 608...
[[34m2025-05-25 15:56:15[0m] Beginning epoch 609...
[[34m2025-05-25 16:04:17[0m] (step=1525000) Train Loss: 0.0648, Train Steps/Sec: 2.66
[[34m2025-05-25 16:11:55[0m] Beginning epoch 610...
[[34m2025-05-25 16:27:32[0m] Beginning epoch 611...
[[34m2025-05-25 16:35:34[0m] (step=1530000) Train Loss: 0.0649, Train Steps/Sec: 2.66
[[34m2025-05-25 16:43:15[0m] Beginning epoch 612...
[[34m2025-05-25 16:58:57[0m] Beginning epoch 613...
[[34m2025-05-25 17:06:57[0m] (step=1535000) Train Loss: 0.0647, Train Steps/Sec: 2.66
[[34m2025-05-25 17:14:40[0m] Beginning epoch 614...
[[34m2025-05-25 17:30:21[0m] Beginning epoch 615...
[[34m2025-05-25 17:38:18[0m] (step=1540000) Train Loss: 0.0648, Train Steps/Sec: 2.66
[[34m2025-05-25 17:46:01[0m] Beginning epoch 616...
[[34m2025-05-25 18:01:40[0m] Beginning epoch 617...
[[34m2025-05-25 18:09:37[0m] (step=1545000) Train Loss: 0.0649, Train Steps/Sec: 2.66
[[34m2025-05-25 18:17:23[0m] Beginning epoch 618...
[[34m2025-05-25 18:33:04[0m] Beginning epoch 619...
[[34m2025-05-25 18:40:57[0m] (step=1550000) Train Loss: 0.0647, Train Steps/Sec: 2.66
[[34m2025-05-25 18:48:41[0m] Beginning epoch 620...
[[34m2025-05-25 19:04:19[0m] Beginning epoch 621...
[[34m2025-05-25 19:12:13[0m] (step=1555000) Train Loss: 0.0648, Train Steps/Sec: 2.66
[[34m2025-05-25 19:20:01[0m] Beginning epoch 622...
[[34m2025-05-25 19:35:43[0m] Beginning epoch 623...
[[34m2025-05-25 19:43:35[0m] (step=1560000) Train Loss: 0.0648, Train Steps/Sec: 2.66
[[34m2025-05-25 19:51:24[0m] Beginning epoch 624...
[[34m2025-05-25 20:07:05[0m] Beginning epoch 625...
[[34m2025-05-25 20:14:55[0m] (step=1565000) Train Loss: 0.0648, Train Steps/Sec: 2.66
[[34m2025-05-25 20:22:46[0m] Beginning epoch 626...
[[34m2025-05-25 20:38:23[0m] Beginning epoch 627...
[[34m2025-05-25 20:46:12[0m] (step=1570000) Train Loss: 0.0646, Train Steps/Sec: 2.66
[[34m2025-05-25 20:54:06[0m] Beginning epoch 628...
[[34m2025-05-25 21:09:49[0m] Beginning epoch 629...
[[34m2025-05-25 21:17:38[0m] (step=1575000) Train Loss: 0.0648, Train Steps/Sec: 2.65
[[34m2025-05-25 21:25:32[0m] Beginning epoch 630...
[[34m2025-05-25 21:41:11[0m] Beginning epoch 631...
[[34m2025-05-25 21:48:56[0m] (step=1580000) Train Loss: 0.0646, Train Steps/Sec: 2.66
[[34m2025-05-25 21:56:51[0m] Beginning epoch 632...
[[34m2025-05-25 22:12:31[0m] Beginning epoch 633...
[[34m2025-05-25 22:20:17[0m] (step=1585000) Train Loss: 0.0646, Train Steps/Sec: 2.66
[[34m2025-05-25 22:28:14[0m] Beginning epoch 634...
[[34m2025-05-25 22:43:58[0m] Beginning epoch 635...
[[34m2025-05-25 22:51:40[0m] (step=1590000) Train Loss: 0.0644, Train Steps/Sec: 2.65
[[34m2025-05-25 22:59:38[0m] Beginning epoch 636...
[[34m2025-05-25 23:15:20[0m] Beginning epoch 637...
[[34m2025-05-25 23:23:02[0m] (step=1595000) Train Loss: 0.0643, Train Steps/Sec: 2.66
[[34m2025-05-25 23:31:01[0m] Beginning epoch 638...
[[34m2025-05-25 23:46:39[0m] Beginning epoch 639...
[[34m2025-05-25 23:54:19[0m] (step=1600000) Train Loss: 0.0646, Train Steps/Sec: 2.66
[[34m2025-05-25 23:54:28[0m] Saved checkpoint to /scratch/bowenxi/dit_result/DiT-XL_2_0517_2h100/008-DiT-XL-2/checkpoints/1600000.pt
[[34m2025-05-26 00:02:29[0m] Beginning epoch 640...
[[34m2025-05-26 00:18:10[0m] Beginning epoch 641...
[[34m2025-05-26 00:25:49[0m] (step=1605000) Train Loss: 0.0646, Train Steps/Sec: 2.64
[[34m2025-05-26 00:33:53[0m] Beginning epoch 642...
slurmstepd: error: *** JOB 27237822 ON scg010 CANCELLED AT 2025-05-26T00:43:52 DUE TO TIME LIMIT ***
