
=====================================================================
This module is only for creating or activating Python environments:
$ mamba create -n myenv -c conda-forge python=3 <package_name>
$ source activate myenv

Only run "pip install" after activating an environment.
Running pip without activating an environment is known to cause issues.

To list available environments:
$ mamba info --envs

Other uses are not tested. More info: https://links.asu.edu/solpy
=====================================================================

  
W0518 17:46:23.216000 2973494 site-packages/torch/distributed/run.py:793] 
W0518 17:46:23.216000 2973494 site-packages/torch/distributed/run.py:793] *****************************************
W0518 17:46:23.216000 2973494 site-packages/torch/distributed/run.py:793] Setting OMP_NUM_THREADS environment variable for each process to be 1 in default, to avoid your system being overloaded, please further tune the variable for optimal performance in your application as needed. 
W0518 17:46:23.216000 2973494 site-packages/torch/distributed/run.py:793] *****************************************
[[34m2025-05-18 17:46:29[0m] Experiment directory created at /scratch/bowenxi/dit_result/DiT-L_2_0513_4h100/009-DiT-XL-4
[[34m2025-05-18 17:46:38[0m] DiT Parameters: 674,908,448
[[34m2025-05-18 17:47:06[0m] Dataset contains 1,281,167 latents from (/data/yyang409/bowen/imagenet_feature/swin_base/patch4_window7_224/image_features_w_label_train.npz)
[[34m2025-05-18 17:47:06[0m] Training for 1400 epochs...
[[34m2025-05-18 17:47:06[0m] Beginning epoch 0...
[[34m2025-05-18 17:57:51[0m] Beginning epoch 1...
[[34m2025-05-18 18:08:32[0m] (step=0010000) Train Loss: 0.1395, Train Steps/Sec: 7.77
[[34m2025-05-18 18:08:34[0m] Beginning epoch 2...
[[34m2025-05-18 18:19:16[0m] Beginning epoch 3...
[[34m2025-05-18 18:29:55[0m] (step=0020000) Train Loss: 0.1191, Train Steps/Sec: 7.79
[[34m2025-05-18 18:29:58[0m] Beginning epoch 4...
[[34m2025-05-18 18:40:40[0m] Beginning epoch 5...
[[34m2025-05-18 18:51:19[0m] (step=0030000) Train Loss: 0.1144, Train Steps/Sec: 7.79
[[34m2025-05-18 18:51:22[0m] Beginning epoch 6...
[[34m2025-05-18 19:02:04[0m] Beginning epoch 7...
[[34m2025-05-18 19:12:42[0m] (step=0040000) Train Loss: 0.1107, Train Steps/Sec: 7.79
[[34m2025-05-18 19:12:47[0m] Beginning epoch 8...
[[34m2025-05-18 19:23:29[0m] Beginning epoch 9...
[[34m2025-05-18 19:34:06[0m] (step=0050000) Train Loss: 0.1077, Train Steps/Sec: 7.79
[[34m2025-05-18 19:34:11[0m] Beginning epoch 10...
[[34m2025-05-18 19:44:53[0m] Beginning epoch 11...
[[34m2025-05-18 19:55:29[0m] (step=0060000) Train Loss: 0.1052, Train Steps/Sec: 7.79
[[34m2025-05-18 19:55:35[0m] Beginning epoch 12...
[[34m2025-05-18 20:06:17[0m] Beginning epoch 13...
[[34m2025-05-18 20:16:52[0m] (step=0070000) Train Loss: 0.1032, Train Steps/Sec: 7.79
[[34m2025-05-18 20:16:59[0m] Beginning epoch 14...
[[34m2025-05-18 20:27:41[0m] Beginning epoch 15...
[[34m2025-05-18 20:38:14[0m] (step=0080000) Train Loss: 0.1012, Train Steps/Sec: 7.80
[[34m2025-05-18 20:38:23[0m] Beginning epoch 16...
[[34m2025-05-18 20:49:05[0m] Beginning epoch 17...
[[34m2025-05-18 20:59:37[0m] (step=0090000) Train Loss: 0.0997, Train Steps/Sec: 7.79
[[34m2025-05-18 20:59:47[0m] Beginning epoch 18...
[[34m2025-05-18 21:10:29[0m] Beginning epoch 19...
[[34m2025-05-18 21:21:01[0m] (step=0100000) Train Loss: 0.0987, Train Steps/Sec: 7.79
[[34m2025-05-18 21:21:08[0m] Saved checkpoint to /scratch/bowenxi/dit_result/DiT-L_2_0513_4h100/009-DiT-XL-4/checkpoints/0100000.pt
[[34m2025-05-18 21:21:18[0m] Beginning epoch 20...
[[34m2025-05-18 21:32:00[0m] Beginning epoch 21...
[[34m2025-05-18 21:42:31[0m] (step=0110000) Train Loss: 0.0976, Train Steps/Sec: 7.75
[[34m2025-05-18 21:42:42[0m] Beginning epoch 22...
[[34m2025-05-18 21:53:24[0m] Beginning epoch 23...
[[34m2025-05-18 22:03:54[0m] (step=0120000) Train Loss: 0.0965, Train Steps/Sec: 7.79
[[34m2025-05-18 22:04:06[0m] Beginning epoch 24...
[[34m2025-05-18 22:14:48[0m] Beginning epoch 25...
[[34m2025-05-18 22:25:17[0m] (step=0130000) Train Loss: 0.0956, Train Steps/Sec: 7.79
[[34m2025-05-18 22:25:31[0m] Beginning epoch 26...
[[34m2025-05-18 22:36:13[0m] Beginning epoch 27...
[[34m2025-05-18 22:46:41[0m] (step=0140000) Train Loss: 0.0948, Train Steps/Sec: 7.79
[[34m2025-05-18 22:46:55[0m] Beginning epoch 28...
[[34m2025-05-18 22:57:37[0m] Beginning epoch 29...
[[34m2025-05-18 23:08:03[0m] (step=0150000) Train Loss: 0.0941, Train Steps/Sec: 7.80
[[34m2025-05-18 23:08:19[0m] Beginning epoch 30...
[[34m2025-05-18 23:19:00[0m] Beginning epoch 31...
[[34m2025-05-18 23:29:25[0m] (step=0160000) Train Loss: 0.0936, Train Steps/Sec: 7.80
[[34m2025-05-18 23:29:42[0m] Beginning epoch 32...
[[34m2025-05-18 23:40:24[0m] Beginning epoch 33...
[[34m2025-05-18 23:50:48[0m] (step=0170000) Train Loss: 0.0929, Train Steps/Sec: 7.80
[[34m2025-05-18 23:51:06[0m] Beginning epoch 34...
[[34m2025-05-19 00:01:47[0m] Beginning epoch 35...
[[34m2025-05-19 00:12:10[0m] (step=0180000) Train Loss: 0.0924, Train Steps/Sec: 7.80
[[34m2025-05-19 00:12:29[0m] Beginning epoch 36...
[[34m2025-05-19 00:23:11[0m] Beginning epoch 37...
[[34m2025-05-19 00:33:34[0m] (step=0190000) Train Loss: 0.0919, Train Steps/Sec: 7.79
[[34m2025-05-19 00:33:53[0m] Beginning epoch 38...
[[34m2025-05-19 00:44:35[0m] Beginning epoch 39...
[[34m2025-05-19 00:54:58[0m] (step=0200000) Train Loss: 0.0915, Train Steps/Sec: 7.79
[[34m2025-05-19 00:55:06[0m] Saved checkpoint to /scratch/bowenxi/dit_result/DiT-L_2_0513_4h100/009-DiT-XL-4/checkpoints/0200000.pt
[[34m2025-05-19 00:55:26[0m] Beginning epoch 40...
[[34m2025-05-19 01:06:09[0m] Beginning epoch 41...
[[34m2025-05-19 01:16:29[0m] (step=0210000) Train Loss: 0.0909, Train Steps/Sec: 7.75
[[34m2025-05-19 01:16:50[0m] Beginning epoch 42...
[[34m2025-05-19 01:27:32[0m] Beginning epoch 43...
[[34m2025-05-19 01:37:51[0m] (step=0220000) Train Loss: 0.0904, Train Steps/Sec: 7.80
[[34m2025-05-19 01:38:14[0m] Beginning epoch 44...
[[34m2025-05-19 01:48:56[0m] Beginning epoch 45...
[[34m2025-05-19 01:59:13[0m] (step=0230000) Train Loss: 0.0901, Train Steps/Sec: 7.80
[[34m2025-05-19 01:59:37[0m] Beginning epoch 46...
[[34m2025-05-19 02:10:19[0m] Beginning epoch 47...
[[34m2025-05-19 02:20:36[0m] (step=0240000) Train Loss: 0.0895, Train Steps/Sec: 7.80
[[34m2025-05-19 02:21:01[0m] Beginning epoch 48...
[[34m2025-05-19 02:31:43[0m] Beginning epoch 49...
[[34m2025-05-19 02:41:58[0m] (step=0250000) Train Loss: 0.0894, Train Steps/Sec: 7.80
[[34m2025-05-19 02:42:25[0m] Beginning epoch 50...
[[34m2025-05-19 02:53:07[0m] Beginning epoch 51...
[[34m2025-05-19 03:03:21[0m] (step=0260000) Train Loss: 0.0887, Train Steps/Sec: 7.80
[[34m2025-05-19 03:03:48[0m] Beginning epoch 52...
[[34m2025-05-19 03:14:30[0m] Beginning epoch 53...
[[34m2025-05-19 03:24:44[0m] (step=0270000) Train Loss: 0.0887, Train Steps/Sec: 7.80
[[34m2025-05-19 03:25:12[0m] Beginning epoch 54...
[[34m2025-05-19 03:35:54[0m] Beginning epoch 55...
[[34m2025-05-19 03:46:07[0m] (step=0280000) Train Loss: 0.0882, Train Steps/Sec: 7.79
[[34m2025-05-19 03:46:36[0m] Beginning epoch 56...
[[34m2025-05-19 03:57:18[0m] Beginning epoch 57...
[[34m2025-05-19 04:07:30[0m] (step=0290000) Train Loss: 0.0878, Train Steps/Sec: 7.79
[[34m2025-05-19 04:08:00[0m] Beginning epoch 58...
[[34m2025-05-19 04:18:43[0m] Beginning epoch 59...
[[34m2025-05-19 04:28:54[0m] (step=0300000) Train Loss: 0.0876, Train Steps/Sec: 7.79
[[34m2025-05-19 04:29:00[0m] Saved checkpoint to /scratch/bowenxi/dit_result/DiT-L_2_0513_4h100/009-DiT-XL-4/checkpoints/0300000.pt
[[34m2025-05-19 04:29:31[0m] Beginning epoch 60...
[[34m2025-05-19 04:40:13[0m] Beginning epoch 61...
[[34m2025-05-19 04:50:23[0m] (step=0310000) Train Loss: 0.0876, Train Steps/Sec: 7.76
[[34m2025-05-19 04:50:55[0m] Beginning epoch 62...
[[34m2025-05-19 05:01:37[0m] Beginning epoch 63...
[[34m2025-05-19 05:11:45[0m] (step=0320000) Train Loss: 0.0872, Train Steps/Sec: 7.80
[[34m2025-05-19 05:12:18[0m] Beginning epoch 64...
[[34m2025-05-19 05:23:00[0m] Beginning epoch 65...
[[34m2025-05-19 05:33:08[0m] (step=0330000) Train Loss: 0.0869, Train Steps/Sec: 7.80
[[34m2025-05-19 05:33:42[0m] Beginning epoch 66...
[[34m2025-05-19 05:44:23[0m] Beginning epoch 67...
[[34m2025-05-19 05:54:30[0m] (step=0340000) Train Loss: 0.0865, Train Steps/Sec: 7.80
[[34m2025-05-19 05:55:05[0m] Beginning epoch 68...
[[34m2025-05-19 06:05:47[0m] Beginning epoch 69...
[[34m2025-05-19 06:15:53[0m] (step=0350000) Train Loss: 0.0862, Train Steps/Sec: 7.80
[[34m2025-05-19 06:16:29[0m] Beginning epoch 70...
[[34m2025-05-19 06:27:11[0m] Beginning epoch 71...
[[34m2025-05-19 06:37:16[0m] (step=0360000) Train Loss: 0.0862, Train Steps/Sec: 7.79
[[34m2025-05-19 06:37:53[0m] Beginning epoch 72...
[[34m2025-05-19 06:48:35[0m] Beginning epoch 73...
[[34m2025-05-19 06:58:38[0m] (step=0370000) Train Loss: 0.0857, Train Steps/Sec: 7.80
[[34m2025-05-19 06:59:17[0m] Beginning epoch 74...
[[34m2025-05-19 07:09:59[0m] Beginning epoch 75...
[[34m2025-05-19 07:20:01[0m] (step=0380000) Train Loss: 0.0855, Train Steps/Sec: 7.79
[[34m2025-05-19 07:20:41[0m] Beginning epoch 76...
[[34m2025-05-19 07:31:23[0m] Beginning epoch 77...
[[34m2025-05-19 07:41:24[0m] (step=0390000) Train Loss: 0.0855, Train Steps/Sec: 7.80
[[34m2025-05-19 07:42:04[0m] Beginning epoch 78...
[[34m2025-05-19 07:52:46[0m] Beginning epoch 79...
[[34m2025-05-19 08:02:47[0m] (step=0400000) Train Loss: 0.0853, Train Steps/Sec: 7.80
[[34m2025-05-19 08:02:54[0m] Saved checkpoint to /scratch/bowenxi/dit_result/DiT-L_2_0513_4h100/009-DiT-XL-4/checkpoints/0400000.pt
[[34m2025-05-19 08:03:35[0m] Beginning epoch 80...
[[34m2025-05-19 08:14:17[0m] Beginning epoch 81...
[[34m2025-05-19 08:24:17[0m] (step=0410000) Train Loss: 0.0849, Train Steps/Sec: 7.75
[[34m2025-05-19 08:24:59[0m] Beginning epoch 82...
[[34m2025-05-19 08:35:41[0m] Beginning epoch 83...
[[34m2025-05-19 08:45:40[0m] (step=0420000) Train Loss: 0.0848, Train Steps/Sec: 7.79
[[34m2025-05-19 08:46:23[0m] Beginning epoch 84...
[[34m2025-05-19 08:57:05[0m] Beginning epoch 85...
[[34m2025-05-19 09:07:03[0m] (step=0430000) Train Loss: 0.0847, Train Steps/Sec: 7.79
[[34m2025-05-19 09:07:47[0m] Beginning epoch 86...
[[34m2025-05-19 09:18:29[0m] Beginning epoch 87...
[[34m2025-05-19 09:28:26[0m] (step=0440000) Train Loss: 0.0844, Train Steps/Sec: 7.79
[[34m2025-05-19 09:29:11[0m] Beginning epoch 88...
[[34m2025-05-19 09:39:53[0m] Beginning epoch 89...
[[34m2025-05-19 09:49:49[0m] (step=0450000) Train Loss: 0.0843, Train Steps/Sec: 7.79
[[34m2025-05-19 09:50:35[0m] Beginning epoch 90...
[[34m2025-05-19 10:01:17[0m] Beginning epoch 91...
[[34m2025-05-19 10:11:12[0m] (step=0460000) Train Loss: 0.0839, Train Steps/Sec: 7.79
[[34m2025-05-19 10:11:59[0m] Beginning epoch 92...
[[34m2025-05-19 10:22:42[0m] Beginning epoch 93...
[[34m2025-05-19 10:32:35[0m] (step=0470000) Train Loss: 0.0840, Train Steps/Sec: 7.79
[[34m2025-05-19 10:33:24[0m] Beginning epoch 94...
[[34m2025-05-19 10:44:06[0m] Beginning epoch 95...
[[34m2025-05-19 10:53:58[0m] (step=0480000) Train Loss: 0.0837, Train Steps/Sec: 7.80
[[34m2025-05-19 10:54:48[0m] Beginning epoch 96...
[[34m2025-05-19 11:05:30[0m] Beginning epoch 97...
[[34m2025-05-19 11:15:22[0m] (step=0490000) Train Loss: 0.0834, Train Steps/Sec: 7.79
[[34m2025-05-19 11:16:12[0m] Beginning epoch 98...
[[34m2025-05-19 11:26:55[0m] Beginning epoch 99...
[[34m2025-05-19 11:36:45[0m] (step=0500000) Train Loss: 0.0833, Train Steps/Sec: 7.79
[[34m2025-05-19 11:36:52[0m] Saved checkpoint to /scratch/bowenxi/dit_result/DiT-L_2_0513_4h100/009-DiT-XL-4/checkpoints/0500000.pt
[[34m2025-05-19 11:37:43[0m] Beginning epoch 100...
[[34m2025-05-19 11:48:25[0m] Beginning epoch 101...
[[34m2025-05-19 11:58:15[0m] (step=0510000) Train Loss: 0.0829, Train Steps/Sec: 7.75
[[34m2025-05-19 11:59:08[0m] Beginning epoch 102...
[[34m2025-05-19 12:09:50[0m] Beginning epoch 103...
[[34m2025-05-19 12:19:38[0m] (step=0520000) Train Loss: 0.0831, Train Steps/Sec: 7.79
[[34m2025-05-19 12:20:32[0m] Beginning epoch 104...
[[34m2025-05-19 12:31:14[0m] Beginning epoch 105...
[[34m2025-05-19 12:41:04[0m] (step=0530000) Train Loss: 0.0825, Train Steps/Sec: 7.77
[[34m2025-05-19 12:42:00[0m] Beginning epoch 106...
[[34m2025-05-19 12:52:44[0m] Beginning epoch 107...
[[34m2025-05-19 13:02:33[0m] (step=0540000) Train Loss: 0.0827, Train Steps/Sec: 7.76
[[34m2025-05-19 13:03:29[0m] Beginning epoch 108...
[[34m2025-05-19 13:14:13[0m] Beginning epoch 109...
[[34m2025-05-19 13:23:59[0m] (step=0550000) Train Loss: 0.0826, Train Steps/Sec: 7.77
[[34m2025-05-19 13:24:56[0m] Beginning epoch 110...
[[34m2025-05-19 13:35:38[0m] Beginning epoch 111...
[[34m2025-05-19 13:45:22[0m] (step=0560000) Train Loss: 0.0824, Train Steps/Sec: 7.79
[[34m2025-05-19 13:46:20[0m] Beginning epoch 112...
[[34m2025-05-19 13:57:02[0m] Beginning epoch 113...
[[34m2025-05-19 14:06:45[0m] (step=0570000) Train Loss: 0.0823, Train Steps/Sec: 7.80
[[34m2025-05-19 14:07:44[0m] Beginning epoch 114...
[[34m2025-05-19 14:18:26[0m] Beginning epoch 115...
[[34m2025-05-19 14:28:08[0m] (step=0580000) Train Loss: 0.0821, Train Steps/Sec: 7.80
[[34m2025-05-19 14:29:08[0m] Beginning epoch 116...
[[34m2025-05-19 14:39:52[0m] Beginning epoch 117...
[[34m2025-05-19 14:49:37[0m] (step=0590000) Train Loss: 0.0820, Train Steps/Sec: 7.76
[[34m2025-05-19 14:50:38[0m] Beginning epoch 118...
[[34m2025-05-19 15:01:25[0m] Beginning epoch 119...
[[34m2025-05-19 15:11:09[0m] (step=0600000) Train Loss: 0.0819, Train Steps/Sec: 7.74
[[34m2025-05-19 15:11:16[0m] Saved checkpoint to /scratch/bowenxi/dit_result/DiT-L_2_0513_4h100/009-DiT-XL-4/checkpoints/0600000.pt
[[34m2025-05-19 15:12:19[0m] Beginning epoch 120...
[[34m2025-05-19 15:23:01[0m] Beginning epoch 121...
[[34m2025-05-19 15:32:40[0m] (step=0610000) Train Loss: 0.0819, Train Steps/Sec: 7.75
[[34m2025-05-19 15:33:43[0m] Beginning epoch 122...
[[34m2025-05-19 15:44:25[0m] Beginning epoch 123...
[[34m2025-05-19 15:54:06[0m] (step=0620000) Train Loss: 0.0813, Train Steps/Sec: 7.77
[[34m2025-05-19 15:55:11[0m] Beginning epoch 124...
[[34m2025-05-19 16:05:56[0m] Beginning epoch 125...
[[34m2025-05-19 16:15:37[0m] (step=0630000) Train Loss: 0.0814, Train Steps/Sec: 7.75
[[34m2025-05-19 16:16:42[0m] Beginning epoch 126...
[[34m2025-05-19 16:27:28[0m] Beginning epoch 127...
[[34m2025-05-19 16:37:08[0m] (step=0640000) Train Loss: 0.0813, Train Steps/Sec: 7.74
[[34m2025-05-19 16:38:14[0m] Beginning epoch 128...
[[34m2025-05-19 16:49:00[0m] Beginning epoch 129...
[[34m2025-05-19 16:58:40[0m] (step=0650000) Train Loss: 0.0811, Train Steps/Sec: 7.74
[[34m2025-05-19 16:59:47[0m] Beginning epoch 130...
[[34m2025-05-19 17:10:35[0m] Beginning epoch 131...
[[34m2025-05-19 17:20:15[0m] (step=0660000) Train Loss: 0.0810, Train Steps/Sec: 7.72
[[34m2025-05-19 17:21:23[0m] Beginning epoch 132...
[[34m2025-05-19 17:32:12[0m] Beginning epoch 133...
[[34m2025-05-19 17:41:50[0m] (step=0670000) Train Loss: 0.0808, Train Steps/Sec: 7.72
[[34m2025-05-19 17:43:00[0m] Beginning epoch 134...
[[34m2025-05-19 17:53:48[0m] Beginning epoch 135...
[[34m2025-05-19 18:03:26[0m] (step=0680000) Train Loss: 0.0807, Train Steps/Sec: 7.72
[[34m2025-05-19 18:04:37[0m] Beginning epoch 136...
[[34m2025-05-19 18:15:25[0m] Beginning epoch 137...
[[34m2025-05-19 18:25:01[0m] (step=0690000) Train Loss: 0.0810, Train Steps/Sec: 7.72
[[34m2025-05-19 18:26:13[0m] Beginning epoch 138...
[[34m2025-05-19 18:37:01[0m] Beginning epoch 139...
[[34m2025-05-19 18:46:36[0m] (step=0700000) Train Loss: 0.0807, Train Steps/Sec: 7.72
[[34m2025-05-19 18:46:44[0m] Saved checkpoint to /scratch/bowenxi/dit_result/DiT-L_2_0513_4h100/009-DiT-XL-4/checkpoints/0700000.pt
[[34m2025-05-19 18:47:56[0m] Beginning epoch 140...
[[34m2025-05-19 18:58:44[0m] Beginning epoch 141...
[[34m2025-05-19 19:08:19[0m] (step=0710000) Train Loss: 0.0804, Train Steps/Sec: 7.68
[[34m2025-05-19 19:09:33[0m] Beginning epoch 142...
[[34m2025-05-19 19:20:21[0m] Beginning epoch 143...
[[34m2025-05-19 19:29:54[0m] (step=0720000) Train Loss: 0.0804, Train Steps/Sec: 7.72
[[34m2025-05-19 19:31:09[0m] Beginning epoch 144...
[[34m2025-05-19 19:41:57[0m] Beginning epoch 145...
[[34m2025-05-19 19:51:30[0m] (step=0730000) Train Loss: 0.0804, Train Steps/Sec: 7.71
[[34m2025-05-19 19:52:46[0m] Beginning epoch 146...
[[34m2025-05-19 20:03:34[0m] Beginning epoch 147...
[[34m2025-05-19 20:13:06[0m] (step=0740000) Train Loss: 0.0801, Train Steps/Sec: 7.72
[[34m2025-05-19 20:14:22[0m] Beginning epoch 148...
[[34m2025-05-19 20:25:11[0m] Beginning epoch 149...
[[34m2025-05-19 20:34:41[0m] (step=0750000) Train Loss: 0.0800, Train Steps/Sec: 7.72
[[34m2025-05-19 20:35:59[0m] Beginning epoch 150...
[[34m2025-05-19 20:46:47[0m] Beginning epoch 151...
[[34m2025-05-19 20:56:17[0m] (step=0760000) Train Loss: 0.0802, Train Steps/Sec: 7.72
[[34m2025-05-19 20:57:35[0m] Beginning epoch 152...
[[34m2025-05-19 21:08:22[0m] Beginning epoch 153...
[[34m2025-05-19 21:17:48[0m] (step=0770000) Train Loss: 0.0801, Train Steps/Sec: 7.74
[[34m2025-05-19 21:19:08[0m] Beginning epoch 154...
[[34m2025-05-19 21:29:55[0m] Beginning epoch 155...
[[34m2025-05-19 21:39:21[0m] (step=0780000) Train Loss: 0.0801, Train Steps/Sec: 7.74
[[34m2025-05-19 21:40:42[0m] Beginning epoch 156...
[[34m2025-05-19 21:51:28[0m] Beginning epoch 157...
[[34m2025-05-19 22:00:53[0m] (step=0790000) Train Loss: 0.0797, Train Steps/Sec: 7.74
[[34m2025-05-19 22:02:15[0m] Beginning epoch 158...
[[34m2025-05-19 22:13:01[0m] Beginning epoch 159...
[[34m2025-05-19 22:22:25[0m] (step=0800000) Train Loss: 0.0794, Train Steps/Sec: 7.74
[[34m2025-05-19 22:22:32[0m] Saved checkpoint to /scratch/bowenxi/dit_result/DiT-L_2_0513_4h100/009-DiT-XL-4/checkpoints/0800000.pt
[[34m2025-05-19 22:23:55[0m] Beginning epoch 160...
[[34m2025-05-19 22:34:42[0m] Beginning epoch 161...
[[34m2025-05-19 22:44:04[0m] (step=0810000) Train Loss: 0.0798, Train Steps/Sec: 7.70
[[34m2025-05-19 22:45:28[0m] Beginning epoch 162...
[[34m2025-05-19 22:56:13[0m] Beginning epoch 163...
[[34m2025-05-19 23:05:35[0m] (step=0820000) Train Loss: 0.0794, Train Steps/Sec: 7.75
[[34m2025-05-19 23:07:00[0m] Beginning epoch 164...
[[34m2025-05-19 23:17:46[0m] Beginning epoch 165...
[[34m2025-05-19 23:27:06[0m] (step=0830000) Train Loss: 0.0794, Train Steps/Sec: 7.75
[[34m2025-05-19 23:28:32[0m] Beginning epoch 166...
[[34m2025-05-19 23:39:18[0m] Beginning epoch 167...
[[34m2025-05-19 23:48:37[0m] (step=0840000) Train Loss: 0.0791, Train Steps/Sec: 7.74
[[34m2025-05-19 23:50:04[0m] Beginning epoch 168...
[[34m2025-05-20 00:00:51[0m] Beginning epoch 169...
[[34m2025-05-20 00:10:09[0m] (step=0850000) Train Loss: 0.0791, Train Steps/Sec: 7.74
[[34m2025-05-20 00:11:37[0m] Beginning epoch 170...
[[34m2025-05-20 00:22:24[0m] Beginning epoch 171...
[[34m2025-05-20 00:31:39[0m] (step=0860000) Train Loss: 0.0791, Train Steps/Sec: 7.76
[[34m2025-05-20 00:33:07[0m] Beginning epoch 172...
[[34m2025-05-20 00:43:49[0m] Beginning epoch 173...
[[34m2025-05-20 00:53:02[0m] (step=0870000) Train Loss: 0.0788, Train Steps/Sec: 7.79
[[34m2025-05-20 00:54:32[0m] Beginning epoch 174...
[[34m2025-05-20 01:05:14[0m] Beginning epoch 175...
[[34m2025-05-20 01:14:25[0m] (step=0880000) Train Loss: 0.0790, Train Steps/Sec: 7.79
[[34m2025-05-20 01:15:56[0m] Beginning epoch 176...
[[34m2025-05-20 01:26:38[0m] Beginning epoch 177...
[[34m2025-05-20 01:35:48[0m] (step=0890000) Train Loss: 0.0787, Train Steps/Sec: 7.79
[[34m2025-05-20 01:37:20[0m] Beginning epoch 178...
[[34m2025-05-20 01:48:02[0m] Beginning epoch 179...
[[34m2025-05-20 01:57:11[0m] (step=0900000) Train Loss: 0.0787, Train Steps/Sec: 7.80
[[34m2025-05-20 01:57:18[0m] Saved checkpoint to /scratch/bowenxi/dit_result/DiT-L_2_0513_4h100/009-DiT-XL-4/checkpoints/0900000.pt
[[34m2025-05-20 01:58:51[0m] Beginning epoch 180...
[[34m2025-05-20 02:09:33[0m] Beginning epoch 181...
[[34m2025-05-20 02:18:41[0m] (step=0910000) Train Loss: 0.0787, Train Steps/Sec: 7.75
[[34m2025-05-20 02:20:15[0m] Beginning epoch 182...
[[34m2025-05-20 02:30:57[0m] Beginning epoch 183...
[[34m2025-05-20 02:40:04[0m] (step=0920000) Train Loss: 0.0785, Train Steps/Sec: 7.79
[[34m2025-05-20 02:41:39[0m] Beginning epoch 184...
[[34m2025-05-20 02:52:21[0m] Beginning epoch 185...
[[34m2025-05-20 03:01:27[0m] (step=0930000) Train Loss: 0.0785, Train Steps/Sec: 7.79
[[34m2025-05-20 03:03:03[0m] Beginning epoch 186...
[[34m2025-05-20 03:13:45[0m] Beginning epoch 187...
[[34m2025-05-20 03:22:50[0m] (step=0940000) Train Loss: 0.0784, Train Steps/Sec: 7.79
[[34m2025-05-20 03:24:27[0m] Beginning epoch 188...
[[34m2025-05-20 03:35:09[0m] Beginning epoch 189...
[[34m2025-05-20 03:44:14[0m] (step=0950000) Train Loss: 0.0782, Train Steps/Sec: 7.79
[[34m2025-05-20 03:45:52[0m] Beginning epoch 190...
[[34m2025-05-20 03:56:33[0m] Beginning epoch 191...
[[34m2025-05-20 04:05:37[0m] (step=0960000) Train Loss: 0.0781, Train Steps/Sec: 7.79
[[34m2025-05-20 04:07:16[0m] Beginning epoch 192...
[[34m2025-05-20 04:17:58[0m] Beginning epoch 193...
[[34m2025-05-20 04:27:00[0m] (step=0970000) Train Loss: 0.0780, Train Steps/Sec: 7.80
[[34m2025-05-20 04:28:40[0m] Beginning epoch 194...
[[34m2025-05-20 04:39:22[0m] Beginning epoch 195...
[[34m2025-05-20 04:48:24[0m] (step=0980000) Train Loss: 0.0780, Train Steps/Sec: 7.79
[[34m2025-05-20 04:50:04[0m] Beginning epoch 196...
[[34m2025-05-20 05:00:46[0m] Beginning epoch 197...
[[34m2025-05-20 05:09:47[0m] (step=0990000) Train Loss: 0.0781, Train Steps/Sec: 7.80
[[34m2025-05-20 05:11:28[0m] Beginning epoch 198...
[[34m2025-05-20 05:22:10[0m] Beginning epoch 199...
[[34m2025-05-20 05:31:10[0m] (step=1000000) Train Loss: 0.0777, Train Steps/Sec: 7.79
[[34m2025-05-20 05:31:17[0m] Saved checkpoint to /scratch/bowenxi/dit_result/DiT-L_2_0513_4h100/009-DiT-XL-4/checkpoints/1000000.pt
[[34m2025-05-20 05:33:00[0m] Beginning epoch 200...
[[34m2025-05-20 05:43:42[0m] Beginning epoch 201...
[[34m2025-05-20 05:52:40[0m] (step=1010000) Train Loss: 0.0777, Train Steps/Sec: 7.75
[[34m2025-05-20 05:54:24[0m] Beginning epoch 202...
[[34m2025-05-20 06:05:06[0m] Beginning epoch 203...
[[34m2025-05-20 06:14:03[0m] (step=1020000) Train Loss: 0.0778, Train Steps/Sec: 7.79
[[34m2025-05-20 06:15:48[0m] Beginning epoch 204...
[[34m2025-05-20 06:26:30[0m] Beginning epoch 205...
[[34m2025-05-20 06:35:26[0m] (step=1030000) Train Loss: 0.0776, Train Steps/Sec: 7.79
[[34m2025-05-20 06:37:12[0m] Beginning epoch 206...
[[34m2025-05-20 06:47:54[0m] Beginning epoch 207...
[[34m2025-05-20 06:56:50[0m] (step=1040000) Train Loss: 0.0777, Train Steps/Sec: 7.79
[[34m2025-05-20 06:58:37[0m] Beginning epoch 208...
[[34m2025-05-20 07:09:19[0m] Beginning epoch 209...
[[34m2025-05-20 07:18:13[0m] (step=1050000) Train Loss: 0.0775, Train Steps/Sec: 7.79
[[34m2025-05-20 07:20:01[0m] Beginning epoch 210...
[[34m2025-05-20 07:30:43[0m] Beginning epoch 211...
[[34m2025-05-20 07:39:36[0m] (step=1060000) Train Loss: 0.0776, Train Steps/Sec: 7.79
[[34m2025-05-20 07:41:25[0m] Beginning epoch 212...
[[34m2025-05-20 07:52:07[0m] Beginning epoch 213...
[[34m2025-05-20 08:01:00[0m] (step=1070000) Train Loss: 0.0773, Train Steps/Sec: 7.79
[[34m2025-05-20 08:02:50[0m] Beginning epoch 214...
[[34m2025-05-20 08:13:32[0m] Beginning epoch 215...
[[34m2025-05-20 08:22:23[0m] (step=1080000) Train Loss: 0.0771, Train Steps/Sec: 7.79
[[34m2025-05-20 08:24:14[0m] Beginning epoch 216...
[[34m2025-05-20 08:34:56[0m] Beginning epoch 217...
[[34m2025-05-20 08:43:46[0m] (step=1090000) Train Loss: 0.0772, Train Steps/Sec: 7.80
[[34m2025-05-20 08:45:38[0m] Beginning epoch 218...
[[34m2025-05-20 08:56:20[0m] Beginning epoch 219...
[[34m2025-05-20 09:05:09[0m] (step=1100000) Train Loss: 0.0771, Train Steps/Sec: 7.80
[[34m2025-05-20 09:05:16[0m] Saved checkpoint to /scratch/bowenxi/dit_result/DiT-L_2_0513_4h100/009-DiT-XL-4/checkpoints/1100000.pt
[[34m2025-05-20 09:07:08[0m] Beginning epoch 220...
[[34m2025-05-20 09:17:51[0m] Beginning epoch 221...
[[34m2025-05-20 09:26:39[0m] (step=1110000) Train Loss: 0.0771, Train Steps/Sec: 7.75
[[34m2025-05-20 09:28:33[0m] Beginning epoch 222...
[[34m2025-05-20 09:39:15[0m] Beginning epoch 223...
[[34m2025-05-20 09:48:02[0m] (step=1120000) Train Loss: 0.0771, Train Steps/Sec: 7.79
[[34m2025-05-20 09:49:57[0m] Beginning epoch 224...
[[34m2025-05-20 10:00:39[0m] Beginning epoch 225...
[[34m2025-05-20 10:09:25[0m] (step=1130000) Train Loss: 0.0770, Train Steps/Sec: 7.79
[[34m2025-05-20 10:11:21[0m] Beginning epoch 226...
[[34m2025-05-20 10:22:03[0m] Beginning epoch 227...
[[34m2025-05-20 10:30:48[0m] (step=1140000) Train Loss: 0.0768, Train Steps/Sec: 7.80
[[34m2025-05-20 10:32:45[0m] Beginning epoch 228...
[[34m2025-05-20 10:43:26[0m] Beginning epoch 229...
[[34m2025-05-20 10:52:10[0m] (step=1150000) Train Loss: 0.0771, Train Steps/Sec: 7.80
[[34m2025-05-20 10:54:09[0m] Beginning epoch 230...
[[34m2025-05-20 11:04:50[0m] Beginning epoch 231...
[[34m2025-05-20 11:13:33[0m] (step=1160000) Train Loss: 0.0767, Train Steps/Sec: 7.79
[[34m2025-05-20 11:15:33[0m] Beginning epoch 232...
[[34m2025-05-20 11:26:15[0m] Beginning epoch 233...
[[34m2025-05-20 11:34:57[0m] (step=1170000) Train Loss: 0.0765, Train Steps/Sec: 7.79
[[34m2025-05-20 11:36:57[0m] Beginning epoch 234...
[[34m2025-05-20 11:47:39[0m] Beginning epoch 235...
[[34m2025-05-20 11:56:20[0m] (step=1180000) Train Loss: 0.0767, Train Steps/Sec: 7.79
[[34m2025-05-20 11:58:21[0m] Beginning epoch 236...
[[34m2025-05-20 12:09:04[0m] Beginning epoch 237...
[[34m2025-05-20 12:17:43[0m] (step=1190000) Train Loss: 0.0766, Train Steps/Sec: 7.80
[[34m2025-05-20 12:19:45[0m] Beginning epoch 238...
[[34m2025-05-20 12:30:27[0m] Beginning epoch 239...
[[34m2025-05-20 12:39:06[0m] (step=1200000) Train Loss: 0.0766, Train Steps/Sec: 7.79
[[34m2025-05-20 12:39:13[0m] Saved checkpoint to /scratch/bowenxi/dit_result/DiT-L_2_0513_4h100/009-DiT-XL-4/checkpoints/1200000.pt
[[34m2025-05-20 12:41:16[0m] Beginning epoch 240...
[[34m2025-05-20 12:51:59[0m] Beginning epoch 241...
[[34m2025-05-20 13:00:36[0m] (step=1210000) Train Loss: 0.0766, Train Steps/Sec: 7.75
[[34m2025-05-20 13:02:41[0m] Beginning epoch 242...
[[34m2025-05-20 13:13:23[0m] Beginning epoch 243...
[[34m2025-05-20 13:21:59[0m] (step=1220000) Train Loss: 0.0762, Train Steps/Sec: 7.79
[[34m2025-05-20 13:24:05[0m] Beginning epoch 244...
[[34m2025-05-20 13:34:47[0m] Beginning epoch 245...
[[34m2025-05-20 13:43:22[0m] (step=1230000) Train Loss: 0.0762, Train Steps/Sec: 7.80
[[34m2025-05-20 13:45:29[0m] Beginning epoch 246...
[[34m2025-05-20 13:56:10[0m] Beginning epoch 247...
[[34m2025-05-20 14:04:45[0m] (step=1240000) Train Loss: 0.0763, Train Steps/Sec: 7.80
[[34m2025-05-20 14:06:52[0m] Beginning epoch 248...
[[34m2025-05-20 14:17:35[0m] Beginning epoch 249...
[[34m2025-05-20 14:26:08[0m] (step=1250000) Train Loss: 0.0762, Train Steps/Sec: 7.79
[[34m2025-05-20 14:28:17[0m] Beginning epoch 250...
[[34m2025-05-20 14:38:59[0m] Beginning epoch 251...
[[34m2025-05-20 14:47:31[0m] (step=1260000) Train Loss: 0.0762, Train Steps/Sec: 7.80
[[34m2025-05-20 14:49:40[0m] Beginning epoch 252...
[[34m2025-05-20 15:00:22[0m] Beginning epoch 253...
[[34m2025-05-20 15:08:54[0m] (step=1270000) Train Loss: 0.0760, Train Steps/Sec: 7.80
[[34m2025-05-20 15:11:04[0m] Beginning epoch 254...
[[34m2025-05-20 15:21:46[0m] Beginning epoch 255...
[[34m2025-05-20 15:30:16[0m] (step=1280000) Train Loss: 0.0761, Train Steps/Sec: 7.80
[[34m2025-05-20 15:32:28[0m] Beginning epoch 256...
[[34m2025-05-20 15:43:10[0m] Beginning epoch 257...
[[34m2025-05-20 15:51:40[0m] (step=1290000) Train Loss: 0.0764, Train Steps/Sec: 7.79
[[34m2025-05-20 15:53:52[0m] Beginning epoch 258...
[[34m2025-05-20 16:04:33[0m] Beginning epoch 259...
[[34m2025-05-20 16:13:02[0m] (step=1300000) Train Loss: 0.0761, Train Steps/Sec: 7.80
[[34m2025-05-20 16:13:11[0m] Saved checkpoint to /scratch/bowenxi/dit_result/DiT-L_2_0513_4h100/009-DiT-XL-4/checkpoints/1300000.pt
[[34m2025-05-20 16:15:24[0m] Beginning epoch 260...
[[34m2025-05-20 16:26:06[0m] Beginning epoch 261...
[[34m2025-05-20 16:34:34[0m] (step=1310000) Train Loss: 0.0759, Train Steps/Sec: 7.75
[[34m2025-05-20 16:36:49[0m] Beginning epoch 262...
[[34m2025-05-20 16:47:31[0m] Beginning epoch 263...
[[34m2025-05-20 16:55:57[0m] (step=1320000) Train Loss: 0.0760, Train Steps/Sec: 7.79
[[34m2025-05-20 16:58:13[0m] Beginning epoch 264...
[[34m2025-05-20 17:08:54[0m] Beginning epoch 265...
[[34m2025-05-20 17:17:20[0m] (step=1330000) Train Loss: 0.0758, Train Steps/Sec: 7.80
[[34m2025-05-20 17:19:36[0m] Beginning epoch 266...
[[34m2025-05-20 17:30:18[0m] Beginning epoch 267...
[[34m2025-05-20 17:38:43[0m] (step=1340000) Train Loss: 0.0761, Train Steps/Sec: 7.79
[[34m2025-05-20 17:41:00[0m] Beginning epoch 268...
[[34m2025-05-20 17:51:42[0m] Beginning epoch 269...
[[34m2025-05-20 18:00:06[0m] (step=1350000) Train Loss: 0.0757, Train Steps/Sec: 7.79
[[34m2025-05-20 18:02:25[0m] Beginning epoch 270...
[[34m2025-05-20 18:13:06[0m] Beginning epoch 271...
[[34m2025-05-20 18:21:29[0m] (step=1360000) Train Loss: 0.0757, Train Steps/Sec: 7.80
[[34m2025-05-20 18:23:48[0m] Beginning epoch 272...
[[34m2025-05-20 18:34:30[0m] Beginning epoch 273...
[[34m2025-05-20 18:42:52[0m] (step=1370000) Train Loss: 0.0756, Train Steps/Sec: 7.79
[[34m2025-05-20 18:45:13[0m] Beginning epoch 274...
[[34m2025-05-20 18:55:55[0m] Beginning epoch 275...
[[34m2025-05-20 19:04:15[0m] (step=1380000) Train Loss: 0.0756, Train Steps/Sec: 7.79
[[34m2025-05-20 19:06:37[0m] Beginning epoch 276...
[[34m2025-05-20 19:17:19[0m] Beginning epoch 277...
[[34m2025-05-20 19:25:38[0m] (step=1390000) Train Loss: 0.0755, Train Steps/Sec: 7.79
[[34m2025-05-20 19:28:01[0m] Beginning epoch 278...
[[34m2025-05-20 19:38:43[0m] Beginning epoch 279...
[[34m2025-05-20 19:47:02[0m] (step=1400000) Train Loss: 0.0754, Train Steps/Sec: 7.79
[[34m2025-05-20 19:47:08[0m] Saved checkpoint to /scratch/bowenxi/dit_result/DiT-L_2_0513_4h100/009-DiT-XL-4/checkpoints/1400000.pt
[[34m2025-05-20 19:49:32[0m] Beginning epoch 280...
[[34m2025-05-20 20:00:14[0m] Beginning epoch 281...
[[34m2025-05-20 20:08:31[0m] (step=1410000) Train Loss: 0.0754, Train Steps/Sec: 7.75
[[34m2025-05-20 20:10:56[0m] Beginning epoch 282...
[[34m2025-05-20 20:21:38[0m] Beginning epoch 283...
[[34m2025-05-20 20:29:54[0m] (step=1420000) Train Loss: 0.0755, Train Steps/Sec: 7.79
[[34m2025-05-20 20:32:20[0m] Beginning epoch 284...
[[34m2025-05-20 20:43:03[0m] Beginning epoch 285...
[[34m2025-05-20 20:51:18[0m] (step=1430000) Train Loss: 0.0753, Train Steps/Sec: 7.79
[[34m2025-05-20 20:53:45[0m] Beginning epoch 286...
[[34m2025-05-20 21:04:27[0m] Beginning epoch 287...
[[34m2025-05-20 21:12:41[0m] (step=1440000) Train Loss: 0.0755, Train Steps/Sec: 7.79
[[34m2025-05-20 21:15:09[0m] Beginning epoch 288...
[[34m2025-05-20 21:25:51[0m] Beginning epoch 289...
[[34m2025-05-20 21:34:05[0m] (step=1450000) Train Loss: 0.0752, Train Steps/Sec: 7.79
[[34m2025-05-20 21:36:34[0m] Beginning epoch 290...
[[34m2025-05-20 21:47:16[0m] Beginning epoch 291...
[[34m2025-05-20 21:55:28[0m] (step=1460000) Train Loss: 0.0753, Train Steps/Sec: 7.79
[[34m2025-05-20 21:57:59[0m] Beginning epoch 292...
[[34m2025-05-20 22:08:41[0m] Beginning epoch 293...
[[34m2025-05-20 22:16:52[0m] (step=1470000) Train Loss: 0.0750, Train Steps/Sec: 7.79
[[34m2025-05-20 22:19:23[0m] Beginning epoch 294...
[[34m2025-05-20 22:30:05[0m] Beginning epoch 295...
[[34m2025-05-20 22:38:15[0m] (step=1480000) Train Loss: 0.0748, Train Steps/Sec: 7.80
[[34m2025-05-20 22:40:47[0m] Beginning epoch 296...
[[34m2025-05-20 22:51:29[0m] Beginning epoch 297...
[[34m2025-05-20 22:59:39[0m] (step=1490000) Train Loss: 0.0750, Train Steps/Sec: 7.79
[[34m2025-05-20 23:02:12[0m] Beginning epoch 298...
[[34m2025-05-20 23:12:54[0m] Beginning epoch 299...
[[34m2025-05-20 23:21:02[0m] (step=1500000) Train Loss: 0.0750, Train Steps/Sec: 7.79
[[34m2025-05-20 23:21:09[0m] Saved checkpoint to /scratch/bowenxi/dit_result/DiT-L_2_0513_4h100/009-DiT-XL-4/checkpoints/1500000.pt
[[34m2025-05-20 23:23:43[0m] Beginning epoch 300...
[[34m2025-05-20 23:34:25[0m] Beginning epoch 301...
slurmstepd: error: *** JOB 27198729 ON scg020 CANCELLED AT 2025-05-20T23:37:45 ***
