
=====================================================================
This module is only for creating or activating Python environments:
$ mamba create -n myenv -c conda-forge python=3 <package_name>
$ source activate myenv

Only run "pip install" after activating an environment.
Running pip without activating an environment is known to cause issues.

To list available environments:
$ mamba info --envs

Other uses are not tested. More info: https://links.asu.edu/solpy
=====================================================================

  
W0529 21:44:20.054000 2310215 site-packages/torch/distributed/run.py:793] 
W0529 21:44:20.054000 2310215 site-packages/torch/distributed/run.py:793] *****************************************
W0529 21:44:20.054000 2310215 site-packages/torch/distributed/run.py:793] Setting OMP_NUM_THREADS environment variable for each process to be 1 in default, to avoid your system being overloaded, please further tune the variable for optimal performance in your application as needed. 
W0529 21:44:20.054000 2310215 site-packages/torch/distributed/run.py:793] *****************************************
[[34m2025-05-29 21:44:28[0m] Experiment directory created at /scratch/bowenxi/dit_result/DiT-XL_2_0520_4h100/004-DiT-XL-2
[[34m2025-05-29 21:44:37[0m] DiT Parameters: 675,088,136
/home/bowenxi/DiT/dit_sol_training/../1_train_resume.py:187: FutureWarning: You are using `torch.load` with `weights_only=False` (the current default value), which uses the default pickle module implicitly. It is possible to construct malicious pickle data which will execute arbitrary code during unpickling (See https://github.com/pytorch/pytorch/blob/main/SECURITY.md#untrusted-models for more details). In a future release, the default value for `weights_only` will be flipped to `True`. This limits the functions that could be executed during unpickling. Arbitrary objects will no longer be allowed to be loaded via this mode unless they are explicitly allowlisted by the user via `torch.serialization.add_safe_globals`. We recommend you start setting `weights_only=True` for any use case where you don't have full control of the loaded file. Please open an issue on GitHub for any issues related to this experimental feature.
  checkpoint = torch.load(args.resume, map_location=map_location)
/home/bowenxi/DiT/dit_sol_training/../1_train_resume.py:187: FutureWarning: You are using `torch.load` with `weights_only=False` (the current default value), which uses the default pickle module implicitly. It is possible to construct malicious pickle data which will execute arbitrary code during unpickling (See https://github.com/pytorch/pytorch/blob/main/SECURITY.md#untrusted-models for more details). In a future release, the default value for `weights_only` will be flipped to `True`. This limits the functions that could be executed during unpickling. Arbitrary objects will no longer be allowed to be loaded via this mode unless they are explicitly allowlisted by the user via `torch.serialization.add_safe_globals`. We recommend you start setting `weights_only=True` for any use case where you don't have full control of the loaded file. Please open an issue on GitHub for any issues related to this experimental feature.
  checkpoint = torch.load(args.resume, map_location=map_location)
/home/bowenxi/DiT/dit_sol_training/../1_train_resume.py:187: FutureWarning: You are using `torch.load` with `weights_only=False` (the current default value), which uses the default pickle module implicitly. It is possible to construct malicious pickle data which will execute arbitrary code during unpickling (See https://github.com/pytorch/pytorch/blob/main/SECURITY.md#untrusted-models for more details). In a future release, the default value for `weights_only` will be flipped to `True`. This limits the functions that could be executed during unpickling. Arbitrary objects will no longer be allowed to be loaded via this mode unless they are explicitly allowlisted by the user via `torch.serialization.add_safe_globals`. We recommend you start setting `weights_only=True` for any use case where you don't have full control of the loaded file. Please open an issue on GitHub for any issues related to this experimental feature.
  checkpoint = torch.load(args.resume, map_location=map_location)
/home/bowenxi/DiT/dit_sol_training/../1_train_resume.py:187: FutureWarning: You are using `torch.load` with `weights_only=False` (the current default value), which uses the default pickle module implicitly. It is possible to construct malicious pickle data which will execute arbitrary code during unpickling (See https://github.com/pytorch/pytorch/blob/main/SECURITY.md#untrusted-models for more details). In a future release, the default value for `weights_only` will be flipped to `True`. This limits the functions that could be executed during unpickling. Arbitrary objects will no longer be allowed to be loaded via this mode unless they are explicitly allowlisted by the user via `torch.serialization.add_safe_globals`. We recommend you start setting `weights_only=True` for any use case where you don't have full control of the loaded file. Please open an issue on GitHub for any issues related to this experimental feature.
  checkpoint = torch.load(args.resume, map_location=map_location)
[[34m2025-05-29 21:44:58[0m] Resumed from checkpoint /scratch/bowenxi/dit_result/DiT-XL_2_0520_4h100/003-DiT-XL-2/checkpoints/0200000.pt at step 0 (epoch ~0)
[[34m2025-05-29 21:47:11[0m] Dataset contains 1,281,167 latents from (/data/yyang409/bowen/imagenet_feature/swin_base/patch4_window7_224/image_features_w_label_train.npz)
[[34m2025-05-29 21:47:11[0m] Training for 1400 epochs...
[[34m2025-05-29 21:47:11[0m] Beginning epoch 0...
[[34m2025-05-29 22:25:30[0m] (step=0010000) Train Loss: 0.0698, Train Steps/Sec: 4.35
[[34m2025-05-29 22:25:33[0m] Beginning epoch 1...
[[34m2025-05-29 23:03:46[0m] (step=0020000) Train Loss: 0.0695, Train Steps/Sec: 4.36
[[34m2025-05-29 23:03:51[0m] Beginning epoch 2...
[[34m2025-05-29 23:42:03[0m] (step=0030000) Train Loss: 0.0695, Train Steps/Sec: 4.35
[[34m2025-05-29 23:42:10[0m] Beginning epoch 3...
[[34m2025-05-30 00:20:24[0m] (step=0040000) Train Loss: 0.0695, Train Steps/Sec: 4.35
[[34m2025-05-30 00:20:33[0m] Beginning epoch 4...
[[34m2025-05-30 00:58:42[0m] (step=0050000) Train Loss: 0.0695, Train Steps/Sec: 4.35
[[34m2025-05-30 00:58:54[0m] Beginning epoch 5...
[[34m2025-05-30 01:36:58[0m] (step=0060000) Train Loss: 0.0698, Train Steps/Sec: 4.36
[[34m2025-05-30 01:37:11[0m] Beginning epoch 6...
[[34m2025-05-30 02:15:12[0m] (step=0070000) Train Loss: 0.0699, Train Steps/Sec: 4.36
[[34m2025-05-30 02:15:27[0m] Beginning epoch 7...
[[34m2025-05-30 02:53:26[0m] (step=0080000) Train Loss: 0.0695, Train Steps/Sec: 4.36
[[34m2025-05-30 02:53:44[0m] Beginning epoch 8...
[[34m2025-05-30 03:31:46[0m] (step=0090000) Train Loss: 0.0698, Train Steps/Sec: 4.35
[[34m2025-05-30 03:32:05[0m] Beginning epoch 9...
[[34m2025-05-30 04:09:59[0m] (step=0100000) Train Loss: 0.0699, Train Steps/Sec: 4.36
[[34m2025-05-30 04:10:09[0m] Saved checkpoint to /scratch/bowenxi/dit_result/DiT-XL_2_0520_4h100/004-DiT-XL-2/checkpoints/0100000.pt
[[34m2025-05-30 04:10:30[0m] Beginning epoch 10...
[[34m2025-05-30 04:48:29[0m] (step=0110000) Train Loss: 0.0699, Train Steps/Sec: 4.33
[[34m2025-05-30 04:48:53[0m] Beginning epoch 11...
[[34m2025-05-30 05:26:47[0m] (step=0120000) Train Loss: 0.0697, Train Steps/Sec: 4.35
[[34m2025-05-30 05:27:12[0m] Beginning epoch 12...
[[34m2025-05-30 06:05:08[0m] (step=0130000) Train Loss: 0.0700, Train Steps/Sec: 4.35
[[34m2025-05-30 06:05:35[0m] Beginning epoch 13...
[[34m2025-05-30 06:43:25[0m] (step=0140000) Train Loss: 0.0698, Train Steps/Sec: 4.35
[[34m2025-05-30 06:43:55[0m] Beginning epoch 14...
[[34m2025-05-30 07:21:41[0m] (step=0150000) Train Loss: 0.0697, Train Steps/Sec: 4.36
[[34m2025-05-30 07:22:13[0m] Beginning epoch 15...
[[34m2025-05-30 08:00:00[0m] (step=0160000) Train Loss: 0.0698, Train Steps/Sec: 4.35
[[34m2025-05-30 08:00:35[0m] Beginning epoch 16...
[[34m2025-05-30 08:38:21[0m] (step=0170000) Train Loss: 0.0699, Train Steps/Sec: 4.35
[[34m2025-05-30 08:38:57[0m] Beginning epoch 17...
[[34m2025-05-30 09:16:42[0m] (step=0180000) Train Loss: 0.0698, Train Steps/Sec: 4.35
[[34m2025-05-30 09:17:19[0m] Beginning epoch 18...
[[34m2025-05-30 09:55:07[0m] (step=0190000) Train Loss: 0.0698, Train Steps/Sec: 4.34
[[34m2025-05-30 09:55:48[0m] Beginning epoch 19...
[[34m2025-05-30 10:34:27[0m] (step=0200000) Train Loss: 0.0700, Train Steps/Sec: 4.24
[[34m2025-05-30 10:34:35[0m] Saved checkpoint to /scratch/bowenxi/dit_result/DiT-XL_2_0520_4h100/004-DiT-XL-2/checkpoints/0200000.pt
[[34m2025-05-30 10:35:17[0m] Beginning epoch 20...
[[34m2025-05-30 11:12:57[0m] (step=0210000) Train Loss: 0.0698, Train Steps/Sec: 4.33
[[34m2025-05-30 11:13:42[0m] Beginning epoch 21...
[[34m2025-05-30 11:51:21[0m] (step=0220000) Train Loss: 0.0699, Train Steps/Sec: 4.34
[[34m2025-05-30 11:52:07[0m] Beginning epoch 22...
[[34m2025-05-30 12:29:41[0m] (step=0230000) Train Loss: 0.0696, Train Steps/Sec: 4.35
[[34m2025-05-30 12:30:29[0m] Beginning epoch 23...
[[34m2025-05-30 13:08:04[0m] (step=0240000) Train Loss: 0.0697, Train Steps/Sec: 4.34
[[34m2025-05-30 13:08:54[0m] Beginning epoch 24...
[[34m2025-05-30 13:46:26[0m] (step=0250000) Train Loss: 0.0698, Train Steps/Sec: 4.34
[[34m2025-05-30 13:47:18[0m] Beginning epoch 25...
[[34m2025-05-30 14:24:49[0m] (step=0260000) Train Loss: 0.0696, Train Steps/Sec: 4.34
[[34m2025-05-30 14:25:44[0m] Beginning epoch 26...
[[34m2025-05-30 15:03:24[0m] (step=0270000) Train Loss: 0.0701, Train Steps/Sec: 4.32
[[34m2025-05-30 15:04:21[0m] Beginning epoch 27...
[[34m2025-05-30 15:41:54[0m] (step=0280000) Train Loss: 0.0699, Train Steps/Sec: 4.33
[[34m2025-05-30 15:42:53[0m] Beginning epoch 28...
[[34m2025-05-30 16:20:23[0m] (step=0290000) Train Loss: 0.0697, Train Steps/Sec: 4.33
[[34m2025-05-30 16:21:24[0m] Beginning epoch 29...
[[34m2025-05-30 16:58:51[0m] (step=0300000) Train Loss: 0.0695, Train Steps/Sec: 4.33
[[34m2025-05-30 16:59:00[0m] Saved checkpoint to /scratch/bowenxi/dit_result/DiT-XL_2_0520_4h100/004-DiT-XL-2/checkpoints/0300000.pt
[[34m2025-05-30 17:00:02[0m] Beginning epoch 30...
[[34m2025-05-30 17:37:21[0m] (step=0310000) Train Loss: 0.0698, Train Steps/Sec: 4.33
[[34m2025-05-30 17:38:25[0m] Beginning epoch 31...
[[34m2025-05-30 18:15:39[0m] (step=0320000) Train Loss: 0.0697, Train Steps/Sec: 4.35
[[34m2025-05-30 18:16:46[0m] Beginning epoch 32...
[[34m2025-05-30 18:54:00[0m] (step=0330000) Train Loss: 0.0700, Train Steps/Sec: 4.35
[[34m2025-05-30 18:55:09[0m] Beginning epoch 33...
[[34m2025-05-30 19:32:18[0m] (step=0340000) Train Loss: 0.0698, Train Steps/Sec: 4.35
[[34m2025-05-30 19:33:29[0m] Beginning epoch 34...
[[34m2025-05-30 20:10:33[0m] (step=0350000) Train Loss: 0.0697, Train Steps/Sec: 4.36
[[34m2025-05-30 20:11:46[0m] Beginning epoch 35...
[[34m2025-05-30 20:48:50[0m] (step=0360000) Train Loss: 0.0701, Train Steps/Sec: 4.35
[[34m2025-05-30 20:50:05[0m] Beginning epoch 36...
[[34m2025-05-30 21:27:06[0m] (step=0370000) Train Loss: 0.0698, Train Steps/Sec: 4.36
[[34m2025-05-30 21:28:23[0m] Beginning epoch 37...
[[34m2025-05-30 22:05:27[0m] (step=0380000) Train Loss: 0.0698, Train Steps/Sec: 4.35
[[34m2025-05-30 22:06:46[0m] Beginning epoch 38...
[[34m2025-05-30 22:43:45[0m] (step=0390000) Train Loss: 0.0699, Train Steps/Sec: 4.35
[[34m2025-05-30 22:45:06[0m] Beginning epoch 39...
[[34m2025-05-30 23:22:06[0m] (step=0400000) Train Loss: 0.0699, Train Steps/Sec: 4.35
[[34m2025-05-30 23:22:13[0m] Saved checkpoint to /scratch/bowenxi/dit_result/DiT-XL_2_0520_4h100/004-DiT-XL-2/checkpoints/0400000.pt
[[34m2025-05-30 23:23:36[0m] Beginning epoch 40...
[[34m2025-05-31 00:00:33[0m] (step=0410000) Train Loss: 0.0700, Train Steps/Sec: 4.33
[[34m2025-05-31 00:01:58[0m] Beginning epoch 41...
[[34m2025-05-31 00:38:51[0m] (step=0420000) Train Loss: 0.0699, Train Steps/Sec: 4.35
[[34m2025-05-31 00:40:19[0m] Beginning epoch 42...
[[34m2025-05-31 01:17:13[0m] (step=0430000) Train Loss: 0.0697, Train Steps/Sec: 4.34
[[34m2025-05-31 01:18:43[0m] Beginning epoch 43...
[[34m2025-05-31 01:55:34[0m] (step=0440000) Train Loss: 0.0695, Train Steps/Sec: 4.35
[[34m2025-05-31 01:57:06[0m] Beginning epoch 44...
[[34m2025-05-31 02:33:54[0m] (step=0450000) Train Loss: 0.0698, Train Steps/Sec: 4.35
[[34m2025-05-31 02:35:28[0m] Beginning epoch 45...
[[34m2025-05-31 03:12:15[0m] (step=0460000) Train Loss: 0.0696, Train Steps/Sec: 4.35
[[34m2025-05-31 03:13:51[0m] Beginning epoch 46...
[[34m2025-05-31 03:50:35[0m] (step=0470000) Train Loss: 0.0694, Train Steps/Sec: 4.35
[[34m2025-05-31 03:52:13[0m] Beginning epoch 47...
[[34m2025-05-31 04:28:54[0m] (step=0480000) Train Loss: 0.0697, Train Steps/Sec: 4.35
[[34m2025-05-31 04:30:34[0m] Beginning epoch 48...
[[34m2025-05-31 05:07:20[0m] (step=0490000) Train Loss: 0.0694, Train Steps/Sec: 4.34
[[34m2025-05-31 05:09:05[0m] Beginning epoch 49...
[[34m2025-05-31 05:46:41[0m] (step=0500000) Train Loss: 0.0695, Train Steps/Sec: 4.24
[[34m2025-05-31 05:46:51[0m] Saved checkpoint to /scratch/bowenxi/dit_result/DiT-XL_2_0520_4h100/004-DiT-XL-2/checkpoints/0500000.pt
[[34m2025-05-31 05:48:38[0m] Beginning epoch 50...
[[34m2025-05-31 06:26:11[0m] (step=0510000) Train Loss: 0.0694, Train Steps/Sec: 4.22
[[34m2025-05-31 06:28:00[0m] Beginning epoch 51...
[[34m2025-05-31 07:05:32[0m] (step=0520000) Train Loss: 0.0697, Train Steps/Sec: 4.24
[[34m2025-05-31 07:07:23[0m] Beginning epoch 52...
[[34m2025-05-31 07:44:51[0m] (step=0530000) Train Loss: 0.0691, Train Steps/Sec: 4.24
[[34m2025-05-31 07:46:44[0m] Beginning epoch 53...
[[34m2025-05-31 08:24:13[0m] (step=0540000) Train Loss: 0.0696, Train Steps/Sec: 4.23
[[34m2025-05-31 08:26:08[0m] Beginning epoch 54...
[[34m2025-05-31 09:03:32[0m] (step=0550000) Train Loss: 0.0694, Train Steps/Sec: 4.24
[[34m2025-05-31 09:05:30[0m] Beginning epoch 55...
[[34m2025-05-31 09:41:56[0m] (step=0560000) Train Loss: 0.0694, Train Steps/Sec: 4.34
[[34m2025-05-31 09:43:52[0m] Beginning epoch 56...
[[34m2025-05-31 10:20:12[0m] (step=0570000) Train Loss: 0.0696, Train Steps/Sec: 4.36
[[34m2025-05-31 10:22:10[0m] Beginning epoch 57...
[[34m2025-05-31 10:58:29[0m] (step=0580000) Train Loss: 0.0693, Train Steps/Sec: 4.35
[[34m2025-05-31 11:00:30[0m] Beginning epoch 58...
[[34m2025-05-31 11:36:48[0m] (step=0590000) Train Loss: 0.0693, Train Steps/Sec: 4.35
[[34m2025-05-31 11:38:51[0m] Beginning epoch 59...
[[34m2025-05-31 12:15:09[0m] (step=0600000) Train Loss: 0.0693, Train Steps/Sec: 4.35
[[34m2025-05-31 12:15:16[0m] Saved checkpoint to /scratch/bowenxi/dit_result/DiT-XL_2_0520_4h100/004-DiT-XL-2/checkpoints/0600000.pt
[[34m2025-05-31 12:17:21[0m] Beginning epoch 60...
[[34m2025-05-31 12:53:35[0m] (step=0610000) Train Loss: 0.0693, Train Steps/Sec: 4.34
[[34m2025-05-31 12:55:41[0m] Beginning epoch 61...
slurmstepd: error: *** JOB 27657134 ON scg020 CANCELLED AT 2025-05-31T13:08:22 DUE TO PREEMPTION ***
