`
=====================================================================
This module is only for creating or activating Python environments:
$ mamba create -n myenv -c conda-forge python=3 <package_name>
$ source activate myenv

Only run "pip install" after activating an environment.
Running pip without activating an environment is known to cause issues.

To list available environments:
$ mamba info --envs

Other uses are not tested. More info: https://links.asu.edu/solpy
=====================================================================

  
W0521 11:26:57.697000 4186033 site-packages/torch/distributed/run.py:793] 
W0521 11:26:57.697000 4186033 site-packages/torch/distributed/run.py:793] *****************************************
W0521 11:26:57.697000 4186033 site-packages/torch/distributed/run.py:793] Setting OMP_NUM_THREADS environment variable for each process to be 1 in default, to avoid your system being overloaded, please further tune the variable for optimal performance in your application as needed. 
W0521 11:26:57.697000 4186033 site-packages/torch/distributed/run.py:793] *****************************************
[[34m2025-05-21 11:27:06[0m] Experiment directory created at /scratch/bowenxi/dit_result/DiT-XL_2_0520_4h100/002-DiT-XL-2
[[34m2025-05-21 11:27:15[0m] DiT Parameters: 675,088,136
/home/bowenxi/DiT/dit_sol_training/../1_train_resume.py:187: FutureWarning: You are using `torch.load` with `weights_only=False` (the current default value), which uses the default pickle module implicitly. It is possible to construct malicious pickle data which will execute arbitrary code during unpickling (See https://github.com/pytorch/pytorch/blob/main/SECURITY.md#untrusted-models for more details). In a future release, the default value for `weights_only` will be flipped to `True`. This limits the functions that could be executed during unpickling. Arbitrary objects will no longer be allowed to be loaded via this mode unless they are explicitly allowlisted by the user via `torch.serialization.add_safe_globals`. We recommend you start setting `weights_only=True` for any use case where you don't have full control of the loaded file. Please open an issue on GitHub for any issues related to this experimental feature.
  checkpoint = torch.load(args.resume, map_location=map_location)
/home/bowenxi/DiT/dit_sol_training/../1_train_resume.py:187: FutureWarning: You are using `torch.load` with `weights_only=False` (the current default value), which uses the default pickle module implicitly. It is possible to construct malicious pickle data which will execute arbitrary code during unpickling (See https://github.com/pytorch/pytorch/blob/main/SECURITY.md#untrusted-models for more details). In a future release, the default value for `weights_only` will be flipped to `True`. This limits the functions that could be executed during unpickling. Arbitrary objects will no longer be allowed to be loaded via this mode unless they are explicitly allowlisted by the user via `torch.serialization.add_safe_globals`. We recommend you start setting `weights_only=True` for any use case where you don't have full control of the loaded file. Please open an issue on GitHub for any issues related to this experimental feature.
  checkpoint = torch.load(args.resume, map_location=map_location)
/home/bowenxi/DiT/dit_sol_training/../1_train_resume.py:187: FutureWarning: You are using `torch.load` with `weights_only=False` (the current default value), which uses the default pickle module implicitly. It is possible to construct malicious pickle data which will execute arbitrary code during unpickling (See https://github.com/pytorch/pytorch/blob/main/SECURITY.md#untrusted-models for more details). In a future release, the default value for `weights_only` will be flipped to `True`. This limits the functions that could be executed during unpickling. Arbitrary objects will no longer be allowed to be loaded via this mode unless they are explicitly allowlisted by the user via `torch.serialization.add_safe_globals`. We recommend you start setting `weights_only=True` for any use case where you don't have full control of the loaded file. Please open an issue on GitHub for any issues related to this experimental feature.
  checkpoint = torch.load(args.resume, map_location=map_location)
/home/bowenxi/DiT/dit_sol_training/../1_train_resume.py:187: FutureWarning: You are using `torch.load` with `weights_only=False` (the current default value), which uses the default pickle module implicitly. It is possible to construct malicious pickle data which will execute arbitrary code during unpickling (See https://github.com/pytorch/pytorch/blob/main/SECURITY.md#untrusted-models for more details). In a future release, the default value for `weights_only` will be flipped to `True`. This limits the functions that could be executed during unpickling. Arbitrary objects will no longer be allowed to be loaded via this mode unless they are explicitly allowlisted by the user via `torch.serialization.add_safe_globals`. We recommend you start setting `weights_only=True` for any use case where you don't have full control of the loaded file. Please open an issue on GitHub for any issues related to this experimental feature.
  checkpoint = torch.load(args.resume, map_location=map_location)
[[34m2025-05-21 11:27:33[0m] Resumed from checkpoint /scratch/bowenxi/dit_result/DiT-XL_2_0520_4h100/001-DiT-XL-2/checkpoints/0200000.pt at step 0 (epoch ~0)
[[34m2025-05-21 11:28:02[0m] Dataset contains 1,281,167 latents from (/data/yyang409/bowen/imagenet_feature/swin_base/patch4_window7_224/image_features_w_label_train.npz)
[[34m2025-05-21 11:28:02[0m] Training for 1400 epochs...
[[34m2025-05-21 11:28:02[0m] Beginning epoch 0...
[[34m2025-05-21 12:06:41[0m] (step=0010000) Train Loss: 0.0761, Train Steps/Sec: 4.31
[[34m2025-05-21 12:06:44[0m] Beginning epoch 1...
[[34m2025-05-21 12:45:10[0m] (step=0020000) Train Loss: 0.0757, Train Steps/Sec: 4.33
[[34m2025-05-21 12:45:15[0m] Beginning epoch 2...
[[34m2025-05-21 13:23:39[0m] (step=0030000) Train Loss: 0.0756, Train Steps/Sec: 4.33
[[34m2025-05-21 13:23:47[0m] Beginning epoch 3...
[[34m2025-05-21 14:02:10[0m] (step=0040000) Train Loss: 0.0755, Train Steps/Sec: 4.33
[[34m2025-05-21 14:02:19[0m] Beginning epoch 4...
[[34m2025-05-21 14:40:40[0m] (step=0050000) Train Loss: 0.0756, Train Steps/Sec: 4.33
[[34m2025-05-21 14:40:51[0m] Beginning epoch 5...
[[34m2025-05-21 15:19:11[0m] (step=0060000) Train Loss: 0.0758, Train Steps/Sec: 4.33
[[34m2025-05-21 15:19:24[0m] Beginning epoch 6...
[[34m2025-05-21 15:57:46[0m] (step=0070000) Train Loss: 0.0758, Train Steps/Sec: 4.32
[[34m2025-05-21 15:58:02[0m] Beginning epoch 7...
[[34m2025-05-21 16:36:21[0m] (step=0080000) Train Loss: 0.0753, Train Steps/Sec: 4.32
[[34m2025-05-21 16:36:38[0m] Beginning epoch 8...
[[34m2025-05-21 17:14:58[0m] (step=0090000) Train Loss: 0.0757, Train Steps/Sec: 4.32
[[34m2025-05-21 17:15:18[0m] Beginning epoch 9...
[[34m2025-05-21 17:53:30[0m] (step=0100000) Train Loss: 0.0757, Train Steps/Sec: 4.33
[[34m2025-05-21 17:53:37[0m] Saved checkpoint to /scratch/bowenxi/dit_result/DiT-XL_2_0520_4h100/002-DiT-XL-2/checkpoints/0100000.pt
[[34m2025-05-21 17:53:59[0m] Beginning epoch 10...
[[34m2025-05-21 18:32:08[0m] (step=0110000) Train Loss: 0.0757, Train Steps/Sec: 4.31
[[34m2025-05-21 18:32:31[0m] Beginning epoch 11...
[[34m2025-05-21 19:10:38[0m] (step=0120000) Train Loss: 0.0754, Train Steps/Sec: 4.33
[[34m2025-05-21 19:11:04[0m] Beginning epoch 12...
[[34m2025-05-21 19:49:08[0m] (step=0130000) Train Loss: 0.0757, Train Steps/Sec: 4.33
[[34m2025-05-21 19:49:36[0m] Beginning epoch 13...
[[34m2025-05-21 20:27:38[0m] (step=0140000) Train Loss: 0.0755, Train Steps/Sec: 4.33
[[34m2025-05-21 20:28:09[0m] Beginning epoch 14...
[[34m2025-05-21 21:06:09[0m] (step=0150000) Train Loss: 0.0754, Train Steps/Sec: 4.33
[[34m2025-05-21 21:06:41[0m] Beginning epoch 15...
[[34m2025-05-21 21:44:40[0m] (step=0160000) Train Loss: 0.0754, Train Steps/Sec: 4.33
[[34m2025-05-21 21:45:14[0m] Beginning epoch 16...
[[34m2025-05-21 22:23:10[0m] (step=0170000) Train Loss: 0.0755, Train Steps/Sec: 4.33
[[34m2025-05-21 22:23:46[0m] Beginning epoch 17...
[[34m2025-05-21 23:01:40[0m] (step=0180000) Train Loss: 0.0754, Train Steps/Sec: 4.33
[[34m2025-05-21 23:02:19[0m] Beginning epoch 18...
[[34m2025-05-21 23:40:11[0m] (step=0190000) Train Loss: 0.0753, Train Steps/Sec: 4.33
[[34m2025-05-21 23:40:51[0m] Beginning epoch 19...
[[34m2025-05-22 00:18:41[0m] (step=0200000) Train Loss: 0.0755, Train Steps/Sec: 4.33
[[34m2025-05-22 00:18:49[0m] Saved checkpoint to /scratch/bowenxi/dit_result/DiT-XL_2_0520_4h100/002-DiT-XL-2/checkpoints/0200000.pt
[[34m2025-05-22 00:19:32[0m] Beginning epoch 20...
[[34m2025-05-22 00:57:20[0m] (step=0210000) Train Loss: 0.0754, Train Steps/Sec: 4.31
[[34m2025-05-22 00:58:04[0m] Beginning epoch 21...
[[34m2025-05-22 01:35:50[0m] (step=0220000) Train Loss: 0.0754, Train Steps/Sec: 4.33
[[34m2025-05-22 01:36:36[0m] Beginning epoch 22...
[[34m2025-05-22 02:14:20[0m] (step=0230000) Train Loss: 0.0750, Train Steps/Sec: 4.33
[[34m2025-05-22 02:15:09[0m] Beginning epoch 23...
[[34m2025-05-22 02:52:51[0m] (step=0240000) Train Loss: 0.0752, Train Steps/Sec: 4.33
[[34m2025-05-22 02:53:42[0m] Beginning epoch 24...
[[34m2025-05-22 03:31:21[0m] (step=0250000) Train Loss: 0.0752, Train Steps/Sec: 4.33
[[34m2025-05-22 03:32:14[0m] Beginning epoch 25...
[[34m2025-05-22 04:09:52[0m] (step=0260000) Train Loss: 0.0750, Train Steps/Sec: 4.33
[[34m2025-05-22 04:10:46[0m] Beginning epoch 26...
[[34m2025-05-22 04:48:22[0m] (step=0270000) Train Loss: 0.0755, Train Steps/Sec: 4.33
[[34m2025-05-22 04:49:19[0m] Beginning epoch 27...
[[34m2025-05-22 05:26:53[0m] (step=0280000) Train Loss: 0.0752, Train Steps/Sec: 4.33
[[34m2025-05-22 05:27:52[0m] Beginning epoch 28...
[[34m2025-05-22 06:05:22[0m] (step=0290000) Train Loss: 0.0750, Train Steps/Sec: 4.33
[[34m2025-05-22 06:06:24[0m] Beginning epoch 29...
[[34m2025-05-22 06:43:53[0m] (step=0300000) Train Loss: 0.0748, Train Steps/Sec: 4.33
[[34m2025-05-22 06:44:00[0m] Saved checkpoint to /scratch/bowenxi/dit_result/DiT-XL_2_0520_4h100/002-DiT-XL-2/checkpoints/0300000.pt
[[34m2025-05-22 06:45:03[0m] Beginning epoch 30...
[[34m2025-05-22 07:22:29[0m] (step=0310000) Train Loss: 0.0751, Train Steps/Sec: 4.32
[[34m2025-05-22 07:23:34[0m] Beginning epoch 31...
[[34m2025-05-22 08:01:00[0m] (step=0320000) Train Loss: 0.0750, Train Steps/Sec: 4.33
[[34m2025-05-22 08:02:07[0m] Beginning epoch 32...
[[34m2025-05-22 08:39:30[0m] (step=0330000) Train Loss: 0.0753, Train Steps/Sec: 4.33
[[34m2025-05-22 08:40:39[0m] Beginning epoch 33...
[[34m2025-05-22 09:18:00[0m] (step=0340000) Train Loss: 0.0751, Train Steps/Sec: 4.33
[[34m2025-05-22 09:19:12[0m] Beginning epoch 34...
[[34m2025-05-22 09:56:30[0m] (step=0350000) Train Loss: 0.0750, Train Steps/Sec: 4.33
[[34m2025-05-22 09:57:44[0m] Beginning epoch 35...
[[34m2025-05-22 10:35:01[0m] (step=0360000) Train Loss: 0.0753, Train Steps/Sec: 4.33
[[34m2025-05-22 10:36:17[0m] Beginning epoch 36...
[[34m2025-05-22 11:13:31[0m] (step=0370000) Train Loss: 0.0750, Train Steps/Sec: 4.33
[[34m2025-05-22 11:14:49[0m] Beginning epoch 37...
[[34m2025-05-22 11:52:02[0m] (step=0380000) Train Loss: 0.0750, Train Steps/Sec: 4.33
[[34m2025-05-22 11:53:22[0m] Beginning epoch 38...
[[34m2025-05-22 12:30:33[0m] (step=0390000) Train Loss: 0.0751, Train Steps/Sec: 4.33
[[34m2025-05-22 12:31:55[0m] Beginning epoch 39...
[[34m2025-05-22 13:09:03[0m] (step=0400000) Train Loss: 0.0751, Train Steps/Sec: 4.33
[[34m2025-05-22 13:09:10[0m] Saved checkpoint to /scratch/bowenxi/dit_result/DiT-XL_2_0520_4h100/002-DiT-XL-2/checkpoints/0400000.pt
[[34m2025-05-22 13:10:34[0m] Beginning epoch 40...
[[34m2025-05-22 13:47:41[0m] (step=0410000) Train Loss: 0.0751, Train Steps/Sec: 4.31
[[34m2025-05-22 13:49:07[0m] Beginning epoch 41...
[[34m2025-05-22 14:26:11[0m] (step=0420000) Train Loss: 0.0750, Train Steps/Sec: 4.33
[[34m2025-05-22 14:27:39[0m] Beginning epoch 42...
[[34m2025-05-22 15:04:41[0m] (step=0430000) Train Loss: 0.0748, Train Stes/Sec: 4.33
[[34m2025-05-22 15:06:12[0m] Beginning epoch 43...
[[34m2025-05-22 15:43:12[0m] (step=0440000) Train Loss: 0.0746, Train Steps/Sec: 4.33
[[34m2025-05-22 15:44:44[0m] Beginning epoch 44...
[[34m2025-05-22 16:21:42[0m] (step=0450000) Train Loss: 0.0748, Train Steps/Sec: 4.33
[[34m2025-05-22 16:23:17[0m] Beginning epoch 45...
 [[34m2025-05-22 17:00:14[0m] (step=0460000) Train Loss: 0.0747, Train Steps/Sec: 4.33
[[34m2025-05-22 17:01:50[0m] Beginning epoch 46...
[[34m2025-05-22 17:38:45[0m] (step=0470000) Train Loss: 0.0744, Train Steps/Sec: 4.33
[[34m2025-05-22 17:40:24[0m] Beginning epoch 47...
[[34m2025-05-22 18:17:16[0m] (step=0480000) Train Loss: 0.0747, Train Steps/Sec: 4.33
[[34m2025-05-22 18:18:57[0m] Beginning epoch 48...
[[34m2025-05-22 18:55:47[0m] (step=0490000) Train Loss: 0.0743, Train Steps/Sec: 4.33
[[34m2025-05-22 18:57:30[0m] Beginning epoch 49...
[[34m2025-05-22 19:34:18[0m] (step=0500000) Train Loss: 0.0744, Train Steps/Sec: 4.33
[[34m2025-05-22 19:34:26[0m] Saved checkpoint to /scratch/bowenxi/dit_result/DiT-XL_2_0520_4h100/002-DiT-XL-2/checkpoints/0500000.pt
[[34m2025-05-22 19:36:10[0m] Beginning epoch 50...
[[34m2025-05-22 20:12:56[0m] (step=0510000) Train Loss: 0.0743, Train Steps/Sec: 4.31
[[34m2025-05-22 20:14:43[0m] Beginning epoch 51...
[[34m2025-05-22 20:51:27[0m] (step=0520000) Train Loss: 0.0746, Train Steps/Sec: 4.33
[[34m2025-05-22 20:53:16[0m] Beginning epoch 52...
[[34m2025-05-22 21:29:57[0m] (step=0530000) Train Loss: 0.0740, Train Steps/Sec: 4.33
[[34m2025-05-22 21:31:48[0m] Beginning epoch 53...
[[34m2025-05-22 22:08:28[0m] (step=0540000) Train Loss: 0.0745, Train Steps/Sec: 4.33
[[34m2025-05-22 22:10:21[0m] Beginning epoch 54...
[[34m2025-05-22 22:47:01[0m] (step=0550000) Train Loss: 0.0743, Train Steps/Sec: 4.32
[[34m2025-05-22 22:48:57[0m] Beginning epoch 55...
[[34m2025-05-22 23:25:36[0m] (step=0560000) Train Loss: 0.0742, Train Steps/Sec: 4.32
[[34m2025-05-22 23:27:34[0m] Beginning epoch 56...
[[34m2025-05-23 00:04:10[0m] (step=0570000) Train Loss: 0.0744, Train Steps/Sec: 4.32
[[34m2025-05-23 00:06:10[0m] Beginning epoch 57...
[[34m2025-05-23 00:42:44[0m] (step=0580000) Train Loss: 0.0741, Train Steps/Sec: 4.32
[[34m2025-05-23 00:44:46[0m] Beginning epoch 58...
[[34m2025-05-23 01:21:18[0m] (step=0590000) Train Loss: 0.0741, Train Steps/Sec: 4.32
[[34m2025-05-23 01:23:22[0m] Beginning epoch 59...
[[34m2025-05-23 01:59:52[0m] (step=0600000) Train Loss: 0.0741, Train Steps/Sec: 4.32
[[34m2025-05-23 02:00:00[0m] Saved checkpoint to /scratch/bowenxi/dit_result/DiT-XL_2_0520_4h100/002-DiT-XL-2/checkpoints/0600000.pt
[[34m2025-05-23 02:02:05[0m] Beginning epoch 60...
[[34m2025-05-23 02:38:30[0m] (step=0610000) Train Loss: 0.0741, Train Steps/Sec: 4.31
[[34m2025-05-23 02:40:38[0m] Beginning epoch 61...
[[34m2025-05-23 03:17:01[0m] (step=0620000) Train Loss: 0.0738, Train Steps/Sec: 4.33
[[34m2025-05-23 03:19:11[0m] Beginning epoch 62...
[[34m2025-05-23 03:55:31[0m] (step=0630000) Train Loss: 0.0742, Train Steps/Sec: 4.33
[[34m2025-05-23 03:57:43[0m] Beginning epoch 63...
[[34m2025-05-23 04:34:02[0m] (step=0640000) Train Loss: 0.0740, Train Steps/Sec: 4.33
[[34m2025-05-23 04:36:16[0m] Beginning epoch 64...
[[34m2025-05-23 05:12:33[0m] (step=0650000) Train Loss: 0.0739, Train Steps/Sec: 4.33
[[34m2025-05-23 05:14:49[0m] Beginning epoch 65...
[[34m2025-05-23 05:51:03[0m] (step=0660000) Train Loss: 0.0740, Train Steps/Sec: 4.33
[[34m2025-05-23 05:53:21[0m] Beginning epoch 66...
[[34m2025-05-23 06:29:34[0m] (step=0670000) Train Loss: 0.0738, Train Steps/Sec: 4.33
[[34m2025-05-23 06:31:54[0m] Beginning epoch 67...
[[34m2025-05-23 07:08:03[0m] (step=0680000) Train Loss: 0.0738, Train Steps/Sec: 4.33
[[34m2025-05-23 07:10:26[0m] Beginning epoch 68...
[[34m2025-05-23 07:46:34[0m] (step=0690000) Train Loss: 0.0745, Train Steps/Sec: 4.33
[[34m2025-05-23 07:48:58[0m] Beginning epoch 69...
[[34m2025-05-23 08:25:05[0m] (step=0700000) Train Loss: 0.0739, Train Steps/Sec: 4.33
[[34m2025-05-23 08:25:12[0m] Saved checkpoint to /scratch/bowenxi/dit_result/DiT-XL_2_0520_4h100/002-DiT-XL-2/checkpoints/0700000.pt
[[34m2025-05-23 08:27:38[0m] Beginning epoch 70...
[[34m2025-05-23 09:03:43[0m] (step=0710000) Train Loss: 0.0736, Train Steps/Sec: 4.31
[[34m2025-05-23 09:06:12[0m] Beginning epoch 71...
[[34m2025-05-23 09:42:14[0m] (step=0720000) Train Loss: 0.0737, Train Steps/Sec: 4.33
[[34m2025-05-23 09:44:44[0m] Beginning epoch 72...
[[34m2025-05-23 10:20:44[0m] (step=0730000) Train Loss: 0.0742, Train Steps/Sec: 4.33
[[34m2025-05-23 10:23:17[0m] Beginning epoch 73...
[[34m2025-05-23 10:59:14[0m] (step=0740000) Train Loss: 0.0740, Train Steps/Sec: 4.33
[[34m2025-05-23 11:01:49[0m] Beginning epoch 74...
[[34m2025-05-23 11:37:45[0m] (step=0750000) Train Loss: 0.0738, Train Steps/Sec: 4.33
[[34m2025-05-23 11:40:22[0m] Beginning epoch 75...
[[34m2025-05-23 12:16:16[0m] (step=0760000) Train Loss: 0.0741, Train Steps/Sec: 4.33
[[34m2025-05-23 12:18:55[0m] Beginning epoch 76...
[[34m2025-05-23 12:54:46[0m] (step=0770000) Train Loss: 0.0740, Train Steps/Sec: 4.33
[[34m2025-05-23 12:57:27[0m] Beginning epoch 77...
[[34m2025-05-23 13:33:16[0m] (step=0780000) Train Loss: 0.0738, Train Steps/Sec: 4.33
[[34m2025-05-23 13:35:59[0m] Beginning epoch 78...
[[34m2025-05-23 14:11:47[0m] (step=0790000) Train Loss: 0.0738, Train Steps/Sec: 4.33
[[34m2025-05-23 14:14:32[0m] Beginning epoch 79...
[[34m2025-05-23 14:50:18[0m] (step=0800000) Train Loss: 0.0736, Train Steps/Sec: 4.33
[[34m2025-05-23 14:50:25[0m] Saved checkpoint to /scratch/bowenxi/dit_result/DiT-XL_2_0520_4h100/002-DiT-XL-2/checkpoints/0800000.pt
[[34m2025-05-23 14:53:12[0m] Beginning epoch 80...
[[34m2025-05-23 15:28:56[0m] (step=0810000) Train Loss: 0.0739, Train Steps/Sec: 4.31
[[34m2025-05-23 15:31:46[0m] Beginning epoch 81...
[[34m2025-05-23 16:07:27[0m] (step=0820000) Train Loss: 0.0737, Train Steps/Sec: 4.33
[[34m2025-05-23 16:10:18[0m] Beginning epoch 82...
[[34m2025-05-23 16:45:58[0m] (step=0830000) Train Loss: 0.0737, Train Steps/Sec: 4.33
[[34m2025-05-23 16:48:52[0m] Beginning epoch 83...
[[34m2025-05-23 17:24:29[0m] (step=0840000) Train Loss: 0.0736, Train Steps/Sec: 4.33
[[34m2025-05-23 17:27:24[0m] Beginning epoch 84...
[[34m2025-05-23 18:02:59[0m] (step=0850000) Train Loss: 0.0735, Train Steps/Sec: 4.33
[[34m2025-05-23 18:05:57[0m] Beginning epoch 85...
[[34m2025-05-23 18:41:29[0m] (step=0860000) Train Loss: 0.0734, Train Steps/Sec: 4.33
[[34m2025-05-23 18:44:28[0m] Beginning epoch 86...
[[34m2025-05-23 19:19:58[0m] (step=0870000) Train Loss: 0.0733, Train Steps/Sec: 4.33
[[34m2025-05-23 19:23:00[0m] Beginning epoch 87...
[[34m2025-05-23 19:58:28[0m] (step=0880000) Train Loss: 0.0740, Train Steps/Sec: 4.33
[[34m2025-05-23 20:01:32[0m] Beginning epoch 88...
[[34m2025-05-23 20:37:08[0m] (step=0890000) Train Loss: 0.0734, Train Steps/Sec: 4.31
[[34m2025-05-23 20:40:15[0m] Beginning epoch 89...
[[34m2025-05-23 21:15:49[0m] (step=0900000) Train Loss: 0.0736, Train Steps/Sec: 4.31
[[34m2025-05-23 21:15:57[0m] Saved checkpoint to /scratch/bowenxi/dit_result/DiT-XL_2_0520_4h100/002-DiT-XL-2/checkpoints/0900000.pt
[[34m2025-05-23 21:19:06[0m] Beginning epoch 90...
[[34m2025-05-23 21:54:38[0m] (step=0910000) Train Loss: 0.0735, Train Steps/Sec: 4.30
[[34m2025-05-23 21:57:48[0m] Beginning epoch 91...
[[34m2025-05-23 22:33:19[0m] (step=0920000) Train Loss: 0.0735, Train Steps/Sec: 4.31
[[34m2025-05-23 22:36:32[0m] Beginning epoch 92...
[[34m2025-05-23 23:12:02[0m] (step=0930000) Train Loss: 0.0735, Train Steps/Sec: 4.30
[[34m2025-05-23 23:15:17[0m] Beginning epoch 93...
[[34m2025-05-23 23:50:45[0m] (step=0940000) Train Loss: 0.0735, Train Steps/Sec: 4.31
[[34m2025-05-23 23:54:02[0m] Beginning epoch 94...
[[34m2025-05-24 00:29:28[0m] (step=0950000) Train Loss: 0.0733, Train Steps/Sec: 4.31
[[34m2025-05-24 00:32:47[0m] Beginning epoch 95...
[[34m2025-05-24 01:08:10[0m] (step=0960000) Train Loss: 0.0733, Train Steps/Sec: 4.31
[[34m2025-05-24 01:11:31[0m] Beginning epoch 96...
[[34m2025-05-24 01:46:50[0m] (step=0970000) Train Loss: 0.0731, Train Steps/Sec: 4.31
[[34m2025-05-24 01:50:13[0m] Beginning epoch 97...
[[34m2025-05-24 02:25:33[0m] (step=0980000) Train Loss: 0.0731, Train Steps/Sec: 4.31
[[34m2025-05-24 02:28:58[0m] Beginning epoch 98...
[[34m2025-05-24 03:04:13[0m] (step=0990000) Train Loss: 0.0735, Train Steps/Sec: 4.31
[[34m2025-05-24 03:07:41[0m] Beginning epoch 99...
[[34m2025-05-24 03:42:54[0m] (step=1000000) Train Loss: 0.0730, Train Steps/Sec: 4.31
[[34m2025-05-24 03:43:02[0m] Saved checkpoint to /scratch/bowenxi/dit_result/DiT-XL_2_0520_4h100/002-DiT-XL-2/checkpoints/1000000.pt
[[34m2025-05-24 03:46:32[0m] Beginning epoch 100...
[[34m2025-05-24 04:21:43[0m] (step=1010000) Train Loss: 0.0732, Train Steps/Sec: 4.29
[[34m2025-05-24 04:25:15[0m] Beginning epoch 101...
[[34m2025-05-24 05:00:23[0m] (step=1020000) Train Loss: 0.0732, Train Steps/Sec: 4.31
[[34m2025-05-24 05:03:57[0m] Beginning epoch 102...
[[34m2025-05-24 05:39:05[0m] (step=1030000) Train Loss: 0.0731, Train Steps/Sec: 4.31
[[34m2025-05-24 05:42:40[0m] Beginning epoch 103...
[[34m2025-05-24 06:17:44[0m] (step=1040000) Train Loss: 0.0733, Train Steps/Sec: 4.31
[[34m2025-05-24 06:21:22[0m] Beginning epoch 104...
[[34m2025-05-24 06:56:24[0m] (step=1050000) Train Loss: 0.0731, Train Steps/Sec: 4.31
[[34m2025-05-24 07:00:04[0m] Beginning epoch 105...
[[34m2025-05-24 07:35:06[0m] (step=1060000) Train Loss: 0.0732, Train Steps/Sec: 4.31
[[34m2025-05-24 07:38:48[0m] Beginning epoch 106...
[[34m2025-05-24 08:13:46[0m] (step=1070000) Train Loss: 0.0729, Train Steps/Sec: 4.31
[[34m2025-05-24 08:17:30[0m] Beginning epoch 107...
[[34m2025-05-24 08:52:27[0m] (step=1080000) Train Loss: 0.0729, Train Steps/Sec: 4.31
[[34m2025-05-24 08:56:13[0m] Beginning epoch 108...
[[34m2025-05-24 09:31:08[0m] (step=1090000) Train Loss: 0.0731, Train Steps/Sec: 4.31
[[34m2025-05-24 09:34:56[0m] Beginning epoch 109...
[[34m2025-05-24 10:09:47[0m] (step=1100000) Train Loss: 0.0728, Train Steps/Sec: 4.31
[[34m2025-05-24 10:09:56[0m] Saved checkpoint to /scratch/bowenxi/dit_result/DiT-XL_2_0520_4h100/002-DiT-XL-2/checkpoints/1100000.pt
[[34m2025-05-24 10:13:46[0m] Beginning epoch 110...
[[34m2025-05-24 10:48:37[0m] (step=1110000) Train Loss: 0.0730, Train Steps/Sec: 4.29
[[34m2025-05-24 10:52:30[0m] Beginning epoch 111...
[[34m2025-05-24 11:27:18[0m] (step=1120000) Train Loss: 0.0731, Train Steps/Sec: 4.31
[[34m2025-05-24 11:31:13[0m] Beginning epoch 112...
[[34m2025-05-24 12:06:01[0m] (step=1130000) Train Loss: 0.0730, Train Steps/Sec: 4.31
[[34m2025-05-24 12:09:58[0m] Beginning epoch 113...
[[34m2025-05-24 12:44:41[0m] (step=1140000) Train Loss: 0.0731, Train Steps/Sec: 4.31
[[34m2025-05-24 12:48:40[0m] Beginning epoch 114...
[[34m2025-05-24 13:23:22[0m] (step=1150000) Train Loss: 0.0732, Train Steps/Sec: 4.31
[[34m2025-05-24 13:27:23[0m] Beginning epoch 115...
[[34m2025-05-24 14:02:02[0m] (step=1160000) Train Loss: 0.0728, Train Steps/Sec: 4.31
[[34m2025-05-24 14:06:05[0m] Beginning epoch 116...
[[34m2025-05-24 14:40:45[0m] (step=1170000) Train Loss: 0.0728, Train Steps/Sec: 4.31
[[34m2025-05-24 14:44:50[0m] Beginning epoch 117...
[[34m2025-05-24 15:19:25[0m] (step=1180000) Train Loss: 0.0726, Train Steps/Sec: 4.31
[[34m2025-05-24 15:23:32[0m] Beginning epoch 118...
[[34m2025-05-24 15:58:08[0m] (step=1190000) Train Loss: 0.0727, Train Steps/Sec: 4.31
[[34m2025-05-24 16:02:17[0m] Beginning epoch 119...
[[34m2025-05-24 16:36:49[0m] (step=1200000) Train Loss: 0.0730, Train Steps/Sec: 4.31
[[34m2025-05-24 16:36:58[0m] Saved checkpoint to /scratch/bowenxi/dit_result/DiT-XL_2_0520_4h100/002-DiT-XL-2/checkpoints/1200000.pt
[[34m2025-05-24 16:41:09[0m] Beginning epoch 120...
[[34m2025-05-24 17:15:38[0m] (step=1210000) Train Loss: 0.0729, Train Steps/Sec: 4.29
[[34m2025-05-24 17:19:51[0m] Beginning epoch 121...
[[34m2025-05-24 17:54:19[0m] (step=1220000) Train Loss: 0.0726, Train Steps/Sec: 4.31
[[34m2025-05-24 17:58:34[0m] Beginning epoch 122...
[[34m2025-05-24 18:32:58[0m] (step=1230000) Train Loss: 0.0728, Train Steps/Sec: 4.31
[[34m2025-05-24 18:37:16[0m] Beginning epoch 123...
[[34m2025-05-24 19:11:40[0m] (step=1240000) Train Loss: 0.0729, Train Steps/Sec: 4.31
[[34m2025-05-24 19:16:00[0m] Beginning epoch 124...
[[34m2025-05-24 19:50:21[0m] (step=1250000) Train Loss: 0.0728, Train Steps/Sec: 4.31
[[34m2025-05-24 19:54:43[0m] Beginning epoch 125...
[[34m2025-05-24 20:29:03[0m] (step=1260000) Train Loss: 0.0727, Train Steps/Sec: 4.31
[[34m2025-05-24 20:33:27[0m] Beginning epoch 126...
[[34m2025-05-24 21:07:44[0m] (step=1270000) Train Loss: 0.0727, Train Steps/Sec: 4.31
[[34m2025-05-24 21:12:10[0m] Beginning epoch 127...
[[34m2025-05-24 21:46:26[0m] (step=1280000) Train Loss: 0.0729, Train Steps/Sec: 4.31
[[34m2025-05-24 21:50:54[0m] Beginning epoch 128...
[[34m2025-05-24 22:25:07[0m] (step=1290000) Train Loss: 0.0732, Train Steps/Sec: 4.31
[[34m2025-05-24 22:29:37[0m] Beginning epoch 129...
[[34m2025-05-24 23:03:41[0m] (step=1300000) Train Loss: 0.0730, Train Steps/Sec: 4.32
[[34m2025-05-24 23:03:49[0m] Saved checkpoint to /scratch/bowenxi/dit_result/DiT-XL_2_0520_4h100/002-DiT-XL-2/checkpoints/1300000.pt
[[34m2025-05-24 23:08:20[0m] Beginning epoch 130...
[[34m2025-05-24 23:42:18[0m] (step=1310000) Train Loss: 0.0729, Train Steps/Sec: 4.32
[[34m2025-05-24 23:46:51[0m] Beginning epoch 131...
[[34m2025-05-25 00:20:48[0m] (step=1320000) Train Loss: 0.0729, Train Steps/Sec: 4.33
[[34m2025-05-25 00:25:23[0m] Beginning epoch 132...
[[34m2025-05-25 00:59:18[0m] (step=1330000) Train Loss: 0.0726, Train Steps/Sec: 4.33
[[34m2025-05-25 01:03:55[0m] Beginning epoch 133...
[[34m2025-05-25 01:37:47[0m] (step=1340000) Train Loss: 0.0730, Train Steps/Sec: 4.33
[[34m2025-05-25 01:42:26[0m] Beginning epoch 134...
[[34m2025-05-25 02:16:17[0m] (step=1350000) Train Loss: 0.0724, Train Steps/Sec: 4.33
[[34m2025-05-25 02:20:58[0m] Beginning epoch 135...
[[34m2025-05-25 02:54:47[0m] (step=1360000) Train Loss: 0.0728, Train Steps/Sec: 4.33
[[34m2025-05-25 02:59:30[0m] Beginning epoch 136...
[[34m2025-05-25 03:33:16[0m] (step=1370000) Train Loss: 0.0726, Train Steps/Sec: 4.33
[[34m2025-05-25 03:38:01[0m] Beginning epoch 137...
[[34m2025-05-25 04:11:45[0m] (step=1380000) Train Loss: 0.0725, Train Steps/Sec: 4.33
[[34m2025-05-25 04:16:33[0m] Beginning epoch 138...
[[34m2025-05-25 04:50:14[0m] (step=1390000) Train Loss: 0.0724, Train Steps/Sec: 4.33
[[34m2025-05-25 04:55:04[0m] Beginning epoch 139...
[[34m2025-05-25 05:28:44[0m] (step=1400000) Train Loss: 0.0727, Train Steps/Sec: 4.33
[[34m2025-05-25 05:28:52[0m] Saved checkpoint to /scratch/bowenxi/dit_result/DiT-XL_2_0520_4h100/002-DiT-XL-2/checkpoints/1400000.pt
[[34m2025-05-25 05:33:44[0m] Beginning epoch 140...
[[34m2025-05-25 06:07:22[0m] (step=1410000) Train Loss: 0.0725, Train Steps/Sec: 4.32
[[34m2025-05-25 06:12:16[0m] Beginning epoch 141...
[[34m2025-05-25 06:45:52[0m] (step=1420000) Train Loss: 0.0727, Train Steps/Sec: 4.33
[[34m2025-05-25 06:50:48[0m] Beginning epoch 142...
[[34m2025-05-25 07:24:21[0m] (step=1430000) Train Loss: 0.0725, Train Steps/Sec: 4.33
[[34m2025-05-25 07:29:19[0m] Beginning epoch 143...
[[34m2025-05-25 08:02:50[0m] (step=1440000) Train Loss: 0.0727, Train Steps/Sec: 4.33
[[34m2025-05-25 08:07:50[0m] Beginning epoch 144...
[[34m2025-05-25 08:41:21[0m] (step=1450000) Train Loss: 0.0724, Train Steps/Sec: 4.33
[[34m2025-05-25 08:46:23[0m] Beginning epoch 145...
[[34m2025-05-25 09:19:50[0m] (step=1460000) Train Loss: 0.0723, Train Steps/Sec: 4.33
[[34m2025-05-25 09:24:54[0m] Beginning epoch 146...
[[34m2025-05-25 09:58:20[0m] (step=1470000) Train Loss: 0.0723, Train Steps/Sec: 4.33
[[34m2025-05-25 10:03:27[0m] Beginning epoch 147...
[[34m2025-05-25 10:36:50[0m] (step=1480000) Train Loss: 0.0720, Train Steps/Sec: 4.33
[[34m2025-05-25 10:41:59[0m] Beginning epoch 148...
[[34m2025-05-25 11:15:20[0m] (step=1490000) Train Loss: 0.0722, Train Steps/Sec: 4.33
[[34m2025-05-25 11:20:30[0m] Beginning epoch 149...
[[34m2025-05-25 11:53:50[0m] (step=1500000) Train Loss: 0.0725, Train Steps/Sec: 4.33
[[34m2025-05-25 11:53:59[0m] Saved checkpoint to /scratch/bowenxi/dit_result/DiT-XL_2_0520_4h100/002-DiT-XL-2/checkpoints/1500000.pt
[[34m2025-05-25 11:59:11[0m] Beginning epoch 150...
[[34m2025-05-25 12:32:27[0m] (step=1510000) Train Loss: 0.0725, Train Steps/Sec: 4.31
[[34m2025-05-25 12:37:42[0m] Beginning epoch 151...
[[34m2025-05-25 13:10:56[0m] (step=1520000) Train Loss: 0.0725, Train Steps/Sec: 4.33
[[34m2025-05-25 13:16:13[0m] Beginning epoch 152...
[[34m2025-05-25 13:49:26[0m] (step=1530000) Train Loss: 0.0725, Train Steps/Sec: 4.33
[[34m2025-05-25 13:54:44[0m] Beginning epoch 153...
[[34m2025-05-25 14:27:55[0m] (step=1540000) Train Loss: 0.0721, Train Steps/Sec: 4.33
[[34m2025-05-25 14:33:16[0m] Beginning epoch 154...
[[34m2025-05-25 15:06:23[0m] (step=1550000) Train Loss: 0.0723, Train Steps/Sec: 4.33
[[34m2025-05-25 15:11:46[0m] Beginning epoch 155...
[[34m2025-05-25 15:44:55[0m] (step=1560000) Train Loss: 0.0724, Train Steps/Sec: 4.33
[[34m2025-05-25 15:50:19[0m] Beginning epoch 156...
[[34m2025-05-25 16:23:24[0m] (step=1570000) Train Loss: 0.0721, Train Steps/Sec: 4.33
[[34m2025-05-25 16:28:51[0m] Beginning epoch 157...
[[34m2025-05-25 17:01:54[0m] (step=1580000) Train Loss: 0.0723, Train Steps/Sec: 4.33
[[34m2025-05-25 17:07:23[0m] Beginning epoch 158...
[[34m2025-05-25 17:40:24[0m] (step=1590000) Train Loss: 0.0724, Train Steps/Sec: 4.33
[[34m2025-05-25 17:45:55[0m] Beginning epoch 159...
[[34m2025-05-25 18:18:55[0m] (step=1600000) Train Loss: 0.0724, Train Steps/Sec: 4.33
[[34m2025-05-25 18:19:03[0m] Saved checkpoint to /scratch/bowenxi/dit_result/DiT-XL_2_0520_4h100/002-DiT-XL-2/checkpoints/1600000.pt
[[34m2025-05-25 18:24:36[0m] Beginning epoch 160...
[[34m2025-05-25 18:57:32[0m] (step=1610000) Train Loss: 0.0724, Train Steps/Sec: 4.32
[[34m2025-05-25 19:03:07[0m] Beginning epoch 161...
[[34m2025-05-25 19:36:01[0m] (step=1620000) Train Loss: 0.0719, Train Steps/Sec: 4.33
[[34m2025-05-25 19:41:39[0m] Beginning epoch 162...
[[34m2025-05-25 20:14:30[0m] (step=1630000) Train Loss: 0.0722, Train Steps/Sec: 4.33
[[34m2025-05-25 20:20:09[0m] Beginning epoch 163...
[[34m2025-05-25 20:53:00[0m] (step=1640000) Train Loss: 0.0725, Train Steps/Sec: 4.33
[[34m2025-05-25 20:58:41[0m] Beginning epoch 164...
[[34m2025-05-25 21:31:29[0m] (step=1650000) Train Loss: 0.0720, Train Steps/Sec: 4.33
[[34m2025-05-25 21:37:13[0m] Beginning epoch 165...
[[34m2025-05-25 22:09:59[0m] (step=1660000) Train Loss: 0.0722, Train Steps/Sec: 4.33
[[34m2025-05-25 22:15:44[0m] Beginning epoch 166...
[[34m2025-05-25 22:48:29[0m] (step=1670000) Train Loss: 0.0717, Train Steps/Sec: 4.33
[[34m2025-05-25 22:54:16[0m] Beginning epoch 167...
[[34m2025-05-25 23:26:59[0m] (step=1680000) Train Loss: 0.0715, Train Steps/Sec: 4.33
[[34m2025-05-25 23:32:49[0m] Beginning epoch 168...
[[34m2025-05-26 00:05:29[0m] (step=1690000) Train Loss: 0.0720, Train Steps/Sec: 4.33
[[34m2025-05-26 00:11:21[0m] Beginning epoch 169...
[[34m2025-05-26 00:43:58[0m] (step=1700000) Train Loss: 0.0719, Train Steps/Sec: 4.33
[[34m2025-05-26 00:44:06[0m] Saved checkpoint to /scratch/bowenxi/dit_result/DiT-XL_2_0520_4h100/002-DiT-XL-2/checkpoints/1700000.pt
[[34m2025-05-26 00:50:00[0m] Beginning epoch 170...
[[34m2025-05-26 01:22:36[0m] (step=1710000) Train Loss: 0.0719, Train Steps/Sec: 4.31
[[34m2025-05-26 01:28:32[0m] Beginning epoch 171...
[[34m2025-05-26 02:01:06[0m] (step=1720000) Train Loss: 0.0722, Train Steps/Sec: 4.33
[[34m2025-05-26 02:07:04[0m] Beginning epoch 172...
[[34m2025-05-26 02:39:36[0m] (step=1730000) Train Loss: 0.0719, Train Steps/Sec: 4.33
[[34m2025-05-26 02:45:36[0m] Beginning epoch 173...
[[34m2025-05-26 03:18:06[0m] (step=1740000) Train Loss: 0.0723, Train Steps/Sec: 4.33
[[34m2025-05-26 03:24:08[0m] Beginning epoch 174...
[[34m2025-05-26 03:56:35[0m] (step=1750000) Train Loss: 0.0719, Train Steps/Sec: 4.33
[[34m2025-05-26 04:02:39[0m] Beginning epoch 175...
[[34m2025-05-26 04:35:04[0m] (step=1760000) Train Loss: 0.0718, Train Steps/Sec: 4.33
[[34m2025-05-26 04:41:10[0m] Beginning epoch 176...
[[34m2025-05-26 05:13:33[0m] (step=1770000) Train Loss: 0.0717, Train Steps/Sec: 4.33
[[34m2025-05-26 05:19:42[0m] Beginning epoch 177...
[[34m2025-05-26 05:52:03[0m] (step=1780000) Train Loss: 0.0719, Train Steps/Sec: 4.33
[[34m2025-05-26 05:58:13[0m] Beginning epoch 178...
[[34m2025-05-26 06:30:32[0m] (step=1790000) Train Loss: 0.0719, Train Steps/Sec: 4.33
[[34m2025-05-26 06:36:45[0m] Beginning epoch 179...
[[34m2025-05-26 07:09:02[0m] (step=1800000) Train Loss: 0.0719, Train Steps/Sec: 4.33
[[34m2025-05-26 07:09:10[0m] Saved checkpoint to /scratch/bowenxi/dit_result/DiT-XL_2_0520_4h100/002-DiT-XL-2/checkpoints/1800000.pt
[[34m2025-05-26 07:15:25[0m] Beginning epoch 180...
[[34m2025-05-26 07:47:41[0m] (step=1810000) Train Loss: 0.0721, Train Steps/Sec: 4.31
[[34m2025-05-26 07:53:58[0m] Beginning epoch 181...
[[34m2025-05-26 08:26:11[0m] (step=1820000) Train Loss: 0.0715, Train Steps/Sec: 4.33
[[34m2025-05-26 08:32:29[0m] Beginning epoch 182...
[[34m2025-05-26 09:04:40[0m] (step=1830000) Train Loss: 0.0719, Train Steps/Sec: 4.33
[[34m2025-05-26 09:11:02[0m] Beginning epoch 183...
[[34m2025-05-26 09:43:10[0m] (step=1840000) Train Loss: 0.0720, Train Steps/Sec: 4.33
[[34m2025-05-26 09:49:33[0m] Beginning epoch 184...
[[34m2025-05-26 10:21:40[0m] (step=1850000) Train Loss: 0.0718, Train Steps/Sec: 4.33
[[34m2025-05-26 10:28:05[0m] Beginning epoch 185...
[[34m2025-05-26 11:00:10[0m] (step=1860000) Train Loss: 0.0722, Train Steps/Sec: 4.33
[[34m2025-05-26 11:06:37[0m] Beginning epoch 186...
[[34m2025-05-26 11:38:40[0m] (step=1870000) Train Loss: 0.0717, Train Steps/Sec: 4.33
[[34m2025-05-26 11:45:09[0m] Beginning epoch 187...
[[34m2025-05-26 12:17:09[0m] (step=1880000) Train Loss: 0.0713, Train Steps/Sec: 4.33
[[34m2025-05-26 12:23:41[0m] Beginning epoch 188...
[[34m2025-05-26 12:55:39[0m] (step=1890000) Train Loss: 0.0716, Train Steps/Sec: 4.33
[[34m2025-05-26 13:02:13[0m] Beginning epoch 189...
[[34m2025-05-26 13:34:09[0m] (step=1900000) Train Loss: 0.0718, Train Steps/Sec: 4.33
[[34m2025-05-26 13:34:17[0m] Saved checkpoint to /scratch/bowenxi/dit_result/DiT-XL_2_0520_4h100/002-DiT-XL-2/checkpoints/1900000.pt
[[34m2025-05-26 13:40:52[0m] Beginning epoch 190...
[[34m2025-05-26 14:12:46[0m] (step=1910000) Train Loss: 0.0716, Train Steps/Sec: 4.32
[[34m2025-05-26 14:19:23[0m] Beginning epoch 191...
[[34m2025-05-26 14:51:16[0m] (step=1920000) Train Loss: 0.0717, Train Steps/Sec: 4.33
[[34m2025-05-26 14:57:55[0m] Beginning epoch 192...
[[34m2025-05-26 15:29:46[0m] (step=1930000) Train Loss: 0.0717, Train Steps/Sec: 4.33
[[34m2025-05-26 15:36:27[0m] Beginning epoch 193...
[[34m2025-05-26 16:08:15[0m] (step=1940000) Train Loss: 0.0719, Train Steps/Sec: 4.33
[[34m2025-05-26 16:14:59[0m] Beginning epoch 194...
[[34m2025-05-26 16:46:45[0m] (step=1950000) Train Loss: 0.0714, Train Steps/Sec: 4.33
[[34m2025-05-26 16:53:31[0m] Beginning epoch 195...
[[34m2025-05-26 17:25:16[0m] (step=1960000) Train Loss: 0.0718, Train Steps/Sec: 4.33
[[34m2025-05-26 17:32:04[0m] Beginning epoch 196...
[[34m2025-05-26 18:03:45[0m] (step=1970000) Train Loss: 0.0714, Train Steps/Sec: 4.33
[[34m2025-05-26 18:10:35[0m] Beginning epoch 197...
[[34m2025-05-26 18:42:15[0m] (step=1980000) Train Loss: 0.0711, Train Steps/Sec: 4.33
[[34m2025-05-26 18:49:07[0m] Beginning epoch 198...
[[34m2025-05-26 19:20:45[0m] (step=1990000) Train Loss: 0.0717, Train Steps/Sec: 4.33
[[34m2025-05-26 19:27:39[0m] Beginning epoch 199...
[[34m2025-05-26 19:59:15[0m] (step=2000000) Train Loss: 0.0718, Train Steps/Sec: 4.33
[[34m2025-05-26 19:59:23[0m] Saved checkpoint to /scratch/bowenxi/dit_result/DiT-XL_2_0520_4h100/002-DiT-XL-2/checkpoints/2000000.pt
[[34m2025-05-26 20:06:19[0m] Beginning epoch 200...
[[34m2025-05-26 20:37:53[0m] (step=2010000) Train Loss: 0.0714, Train Steps/Sec: 4.32
[[34m2025-05-26 20:44:51[0m] Beginning epoch 201...
[[34m2025-05-26 21:16:22[0m] (step=2020000) Train Loss: 0.0715, Train Steps/Sec: 4.33
[[34m2025-05-26 21:23:23[0m] Beginning epoch 202...
[[34m2025-05-26 21:54:51[0m] (step=2030000) Train Loss: 0.0716, Train Steps/Sec: 4.33
[[34m2025-05-26 22:01:53[0m] Beginning epoch 203...
[[34m2025-05-26 22:33:21[0m] (step=2040000) Train Loss: 0.0717, Train Steps/Sec: 4.33
[[34m2025-05-26 22:40:25[0m] Beginning epoch 204...
[[34m2025-05-26 23:11:51[0m] (step=2050000) Train Loss: 0.0717, Train Steps/Sec: 4.33
[[34m2025-05-26 23:18:57[0m] Beginning epoch 205...
[[34m2025-05-26 23:50:19[0m] (step=2060000) Train Loss: 0.0717, Train Steps/Sec: 4.33
[[34m2025-05-26 23:57:28[0m] Beginning epoch 206...
[[34m2025-05-27 00:28:49[0m] (step=2070000) Train Loss: 0.0719, Train Steps/Sec: 4.33
[[34m2025-05-27 00:35:59[0m] Beginning epoch 207...
[[34m2025-05-27 01:07:18[0m] (step=2080000) Train Loss: 0.0716, Train Steps/Sec: 4.33
[[34m2025-05-27 01:14:31[0m] Beginning epoch 208...
[[34m2025-05-27 01:45:48[0m] (step=2090000) Train Loss: 0.0719, Train Steps/Sec: 4.33
[[34m2025-05-27 01:53:02[0m] Beginning epoch 209...
[[34m2025-05-27 02:24:18[0m] (step=2100000) Train Loss: 0.0718, Train Steps/Sec: 4.33
[[34m2025-05-27 02:24:24[0m] Saved checkpoint to /scratch/bowenxi/dit_result/DiT-XL_2_0520_4h100/002-DiT-XL-2/checkpoints/2100000.pt
[[34m2025-05-27 02:31:41[0m] Beginning epoch 210...
[[34m2025-05-27 03:02:54[0m] (step=2110000) Train Loss: 0.0714, Train Steps/Sec: 4.32
[[34m2025-05-27 03:10:13[0m] Beginning epoch 211...
[[34m2025-05-27 03:41:24[0m] (step=2120000) Train Loss: 0.0713, Train Steps/Sec: 4.33
[[34m2025-05-27 03:48:45[0m] Beginning epoch 212...
[[34m2025-05-27 04:19:53[0m] (step=2130000) Train Loss: 0.0715, Train Steps/Sec: 4.33
[[34m2025-05-27 04:27:16[0m] Beginning epoch 213...
[[34m2025-05-27 04:58:22[0m] (step=2140000) Train Loss: 0.0712, Train Steps/Sec: 4.33
[[34m2025-05-27 05:05:47[0m] Beginning epoch 214...
[[34m2025-05-27 05:36:52[0m] (step=2150000) Train Loss: 0.0715, Train Steps/Sec: 4.33
[[34m2025-05-27 05:44:20[0m] Beginning epoch 215...
[[34m2025-05-27 06:15:21[0m] (step=2160000) Train Loss: 0.0717, Train Steps/Sec: 4.33
[[34m2025-05-27 06:22:51[0m] Beginning epoch 216...
[[34m2025-05-27 06:53:51[0m] (step=2170000) Train Loss: 0.0718, Train Steps/Sec: 4.33
[[34m2025-05-27 07:01:22[0m] Beginning epoch 217...
[[34m2025-05-27 07:32:21[0m] (step=2180000) Train Loss: 0.0710, Train Steps/Sec: 4.33
[[34m2025-05-27 07:39:54[0m] Beginning epoch 218...
[[34m2025-05-27 08:10:50[0m] (step=2190000) Train Loss: 0.0715, Train Steps/Sec: 4.33
[[34m2025-05-27 08:18:25[0m] Beginning epoch 219...
[[34m2025-05-27 08:49:18[0m] (step=2200000) Train Loss: 0.0710, Train Steps/Sec: 4.33
[[34m2025-05-27 08:49:26[0m] Saved checkpoint to /scratch/bowenxi/dit_result/DiT-XL_2_0520_4h100/002-DiT-XL-2/checkpoints/2200000.pt
[[34m2025-05-27 08:57:04[0m] Beginning epoch 220...
[[34m2025-05-27 09:27:56[0m] (step=2210000) Train Loss: 0.0710, Train Steps/Sec: 4.32
[[34m2025-05-27 09:35:36[0m] Beginning epoch 221...
[[34m2025-05-27 10:06:26[0m] (step=2220000) Train Loss: 0.0713, Train Steps/Sec: 4.33
[[34m2025-05-27 10:14:08[0m] Beginning epoch 222...
[[34m2025-05-27 10:44:56[0m] (step=2230000) Train Loss: 0.0712, Train Steps/Sec: 4.33
[[34m2025-05-27 10:52:40[0m] Beginning epoch 223...
[[34m2025-05-27 11:23:32[0m] (step=2240000) Train Loss: 0.0712, Train Steps/Sec: 4.32
[[34m2025-05-27 11:31:20[0m] Beginning epoch 224...
[[34m2025-05-27 12:02:03[0m] (step=2250000) Train Loss: 0.0708, Train Steps/Sec: 4.33
[[34m2025-05-27 12:09:51[0m] Beginning epoch 225...
[[34m2025-05-27 12:40:32[0m] (step=2260000) Train Loss: 0.0712, Train Steps/Sec: 4.33
[[34m2025-05-27 12:48:22[0m] Beginning epoch 226...
[[34m2025-05-27 13:19:01[0m] (step=2270000) Train Loss: 0.0713, Train Steps/Sec: 4.33
[[34m2025-05-27 13:26:53[0m] Beginning epoch 227...
[[34m2025-05-27 13:57:35[0m] (step=2280000) Train Loss: 0.0713, Train Steps/Sec: 4.32
[[34m2025-05-27 14:05:30[0m] Beginning epoch 228...
[[34m2025-05-27 14:36:11[0m] (step=2290000) Train Loss: 0.0713, Train Steps/Sec: 4.32
[[34m2025-05-27 14:44:09[0m] Beginning epoch 229...
[[34m2025-05-27 15:14:47[0m] (step=2300000) Train Loss: 0.0715, Train Steps/Sec: 4.32
[[34m2025-05-27 15:14:57[0m] Saved checkpoint to /scratch/bowenxi/dit_result/DiT-XL_2_0520_4h100/002-DiT-XL-2/checkpoints/2300000.pt
[[34m2025-05-27 15:22:57[0m] Beginning epoch 230...
[[34m2025-05-27 15:53:35[0m] (step=2310000) Train Loss: 0.0709, Train Steps/Sec: 4.30
[[34m2025-05-27 16:01:38[0m] Beginning epoch 231...
[[34m2025-05-27 16:32:15[0m] (step=2320000) Train Loss: 0.0713, Train Steps/Sec: 4.31
[[34m2025-05-27 16:40:20[0m] Beginning epoch 232...
[[34m2025-05-27 17:10:53[0m] (step=2330000) Train Loss: 0.0714, Train Steps/Sec: 4.31
[[34m2025-05-27 17:19:00[0m] Beginning epoch 233...
[[34m2025-05-27 17:49:33[0m] (step=2340000) Train Loss: 0.0711, Train Steps/Sec: 4.31
[[34m2025-05-27 17:57:42[0m] Beginning epoch 234...
[[34m2025-05-27 18:28:14[0m] (step=2350000) Train Loss: 0.0712, Train Steps/Sec: 4.31
[[34m2025-05-27 18:36:25[0m] Beginning epoch 235...
[[34m2025-05-27 19:06:55[0m] (step=2360000) Train Loss: 0.0713, Train Steps/Sec: 4.31
[[34m2025-05-27 19:15:08[0m] Beginning epoch 236...
[[34m2025-05-27 19:45:37[0m] (step=2370000) Train Loss: 0.0711, Train Steps/Sec: 4.31
[[34m2025-05-27 19:53:52[0m] Beginning epoch 237...
[[34m2025-05-27 20:24:16[0m] (step=2380000) Train Loss: 0.0707, Train Steps/Sec: 4.31
[[34m2025-05-27 20:32:31[0m] Beginning epoch 238...
[[34m2025-05-27 21:02:46[0m] (step=2390000) Train Loss: 0.0709, Train Steps/Sec: 4.33
[[34m2025-05-27 21:11:03[0m] Beginning epoch 239...
[[34m2025-05-27 21:41:16[0m] (step=2400000) Train Loss: 0.0710, Train Steps/Sec: 4.33
[[34m2025-05-27 21:41:25[0m] Saved checkpoint to /scratch/bowenxi/dit_result/DiT-XL_2_0520_4h100/002-DiT-XL-2/checkpoints/2400000.pt
[[34m2025-05-27 21:49:45[0m] Beginning epoch 240...
[[34m2025-05-27 22:19:56[0m] (step=2410000) Train Loss: 0.0710, Train Steps/Sec: 4.31
[[34m2025-05-27 22:28:17[0m] Beginning epoch 241...
[[34m2025-05-27 22:58:27[0m] (step=2420000) Train Loss: 0.0709, Train Steps/Sec: 4.33
[[34m2025-05-27 23:06:51[0m] Beginning epoch 242...
[[34m2025-05-27 23:36:58[0m] (step=2430000) Train Loss: 0.0712, Train Steps/Sec: 4.33
[[34m2025-05-27 23:45:23[0m] Beginning epoch 243...
[[34m2025-05-28 00:15:28[0m] (step=2440000) Train Loss: 0.0710, Train Steps/Sec: 4.33
[[34m2025-05-28 00:23:56[0m] Beginning epoch 244...
[[34m2025-05-28 00:53:59[0m] (step=2450000) Train Loss: 0.0710, Train Steps/Sec: 4.33
[[34m2025-05-28 01:02:29[0m] Beginning epoch 245...
[[34m2025-05-28 01:32:29[0m] (step=2460000) Train Loss: 0.0707, Train Steps/Sec: 4.33
[[34m2025-05-28 01:41:01[0m] Beginning epoch 246...
[[34m2025-05-28 02:11:00[0m] (step=2470000) Train Loss: 0.0710, Train Steps/Sec: 4.33
[[34m2025-05-28 02:19:34[0m] Beginning epoch 247...
[[34m2025-05-28 02:49:30[0m] (step=2480000) Train Loss: 0.0710, Train Steps/Sec: 4.33
[[34m2025-05-28 02:58:06[0m] Beginning epoch 248...
[[34m2025-05-28 03:28:00[0m] (step=2490000) Train Loss: 0.0711, Train Steps/Sec: 4.33
[[34m2025-05-28 03:36:38[0m] Beginning epoch 249...
[[34m2025-05-28 04:06:30[0m] (step=2500000) Train Loss: 0.0710, Train Steps/Sec: 4.33
[[34m2025-05-28 04:06:41[0m] Saved checkpoint to /scratch/bowenxi/dit_result/DiT-XL_2_0520_4h100/002-DiT-XL-2/checkpoints/2500000.pt
[[34m2025-05-28 04:15:20[0m] Beginning epoch 250...
[[34m2025-05-28 04:45:11[0m] (step=2510000) Train Loss: 0.0709, Train Steps/Sec: 4.31
[[34m2025-05-28 04:53:53[0m] Beginning epoch 251...
[[34m2025-05-28 05:23:42[0m] (step=2520000) Train Loss: 0.0709, Train Steps/Sec: 4.33
[[34m2025-05-28 05:32:26[0m] Beginning epoch 252...
[[34m2025-05-28 06:02:12[0m] (step=2530000) Train Loss: 0.0710, Train Steps/Sec: 4.33
[[34m2025-05-28 06:10:59[0m] Beginning epoch 253...
[[34m2025-05-28 06:40:43[0m] (step=2540000) Train Loss: 0.0708, Train Steps/Sec: 4.33
[[34m2025-05-28 06:49:31[0m] Beginning epoch 254...
[[34m2025-05-28 07:19:13[0m] (step=2550000) Train Loss: 0.0709, Train Steps/Sec: 4.33
[[34m2025-05-28 07:28:04[0m] Beginning epoch 255...
[[34m2025-05-28 07:57:44[0m] (step=2560000) Train Loss: 0.0708, Train Steps/Sec: 4.33
[[34m2025-05-28 08:06:37[0m] Beginning epoch 256...
[[34m2025-05-28 08:36:15[0m] (step=2570000) Train Loss: 0.0709, Train Steps/Sec: 4.33
[[34m2025-05-28 08:45:09[0m] Beginning epoch 257...
[[34m2025-05-28 09:14:45[0m] (step=2580000) Train Loss: 0.0709, Train Steps/Sec: 4.33
[[34m2025-05-28 09:23:42[0m] Beginning epoch 258...
[[34m2025-05-28 09:53:15[0m] (step=2590000) Train Loss: 0.0710, Train Steps/Sec: 4.33
[[34m2025-05-28 10:02:15[0m] Beginning epoch 259...
[[34m2025-05-28 10:31:49[0m] (step=2600000) Train Loss: 0.0708, Train Steps/Sec: 4.32
[[34m2025-05-28 10:31:57[0m] Saved checkpoint to /scratch/bowenxi/dit_result/DiT-XL_2_0520_4h100/002-DiT-XL-2/checkpoints/2600000.pt
[[34m2025-05-28 10:41:00[0m] Beginning epoch 260...
[[34m2025-05-28 11:11:21[0m] (step=2610000) Train Loss: 0.0713, Train Steps/Sec: 4.22
[[34m2025-05-28 11:20:42[0m] Beginning epoch 261...
slurmstepd: error: *** JOB 27477008 ON scg020 CANCELLED AT 2025-05-28T11:27:07 DUE TO TIME LIMIT ***
