
=====================================================================
This module is only for creating or activating Python environments:
$ mamba create -n myenv -c conda-forge python=3 <package_name>
$ source activate myenv

Only run "pip install" after activating an environment.
Running pip without activating an environment is known to cause issues.

To list available environments:
$ mamba info --envs

Other uses are not tested. More info: https://links.asu.edu/solpy
=====================================================================

  
W0519 00:43:43.537000 675508 site-packages/torch/distributed/run.py:793] 
W0519 00:43:43.537000 675508 site-packages/torch/distributed/run.py:793] *****************************************
W0519 00:43:43.537000 675508 site-packages/torch/distributed/run.py:793] Setting OMP_NUM_THREADS environment variable for each process to be 1 in default, to avoid your system being overloaded, please further tune the variable for optimal performance in your application as needed. 
W0519 00:43:43.537000 675508 site-packages/torch/distributed/run.py:793] *****************************************
[[34m2025-05-19 00:43:53[0m] Experiment directory created at /scratch/bowenxi/dit_result/DiT-XL_2_0517_2h100/008-DiT-XL-2
[[34m2025-05-19 00:44:05[0m] DiT Parameters: 674,866,952
[[34m2025-05-19 00:44:10[0m] Dataset contains 1,281,167 latents from (/scratch/bowenxi/dit/vae/vae_latents_with_labels.npz)
[[34m2025-05-19 00:44:10[0m] Training for 1400 epochs...
[[34m2025-05-19 00:44:10[0m] Beginning epoch 0...
[[34m2025-05-19 00:59:55[0m] Beginning epoch 1...
[[34m2025-05-19 01:15:36[0m] (step=0005000) Train Loss: 0.1335, Train Steps/Sec: 2.65
[[34m2025-05-19 01:15:38[0m] Beginning epoch 2...
[[34m2025-05-19 01:31:19[0m] Beginning epoch 3...
[[34m2025-05-19 01:46:57[0m] (step=0010000) Train Loss: 0.1088, Train Steps/Sec: 2.66
[[34m2025-05-19 01:47:00[0m] Beginning epoch 4...
[[34m2025-05-19 02:02:37[0m] Beginning epoch 5...
[[34m2025-05-19 02:18:13[0m] (step=0015000) Train Loss: 0.1057, Train Steps/Sec: 2.67
[[34m2025-05-19 02:18:18[0m] Beginning epoch 6...
[[34m2025-05-19 02:34:00[0m] Beginning epoch 7...
[[34m2025-05-19 02:49:35[0m] (step=0020000) Train Loss: 0.1033, Train Steps/Sec: 2.66
[[34m2025-05-19 02:49:42[0m] Beginning epoch 8...
[[34m2025-05-19 03:05:23[0m] Beginning epoch 9...
[[34m2025-05-19 03:20:57[0m] (step=0025000) Train Loss: 0.1012, Train Steps/Sec: 2.66
[[34m2025-05-19 03:21:05[0m] Beginning epoch 10...
[[34m2025-05-19 03:36:45[0m] Beginning epoch 11...
[[34m2025-05-19 03:52:17[0m] (step=0030000) Train Loss: 0.0997, Train Steps/Sec: 2.66
[[34m2025-05-19 03:52:27[0m] Beginning epoch 12...
[[34m2025-05-19 04:08:08[0m] Beginning epoch 13...
[[34m2025-05-19 04:23:39[0m] (step=0035000) Train Loss: 0.0984, Train Steps/Sec: 2.66
[[34m2025-05-19 04:23:50[0m] Beginning epoch 14...
[[34m2025-05-19 04:39:32[0m] Beginning epoch 15...
[[34m2025-05-19 04:55:02[0m] (step=0040000) Train Loss: 0.0966, Train Steps/Sec: 2.66
[[34m2025-05-19 04:55:14[0m] Beginning epoch 16...
[[34m2025-05-19 05:10:54[0m] Beginning epoch 17...
[[34m2025-05-19 05:26:21[0m] (step=0045000) Train Loss: 0.0956, Train Steps/Sec: 2.66
[[34m2025-05-19 05:26:35[0m] Beginning epoch 18...
[[34m2025-05-19 05:42:16[0m] Beginning epoch 19...
[[34m2025-05-19 05:57:43[0m] (step=0050000) Train Loss: 0.0944, Train Steps/Sec: 2.66
[[34m2025-05-19 05:57:58[0m] Beginning epoch 20...
[[34m2025-05-19 06:13:34[0m] Beginning epoch 21...
[[34m2025-05-19 06:28:59[0m] (step=0055000) Train Loss: 0.0935, Train Steps/Sec: 2.67
[[34m2025-05-19 06:29:16[0m] Beginning epoch 22...
[[34m2025-05-19 06:44:58[0m] Beginning epoch 23...
[[34m2025-05-19 07:00:22[0m] (step=0060000) Train Loss: 0.0924, Train Steps/Sec: 2.66
[[34m2025-05-19 07:00:41[0m] Beginning epoch 24...
[[34m2025-05-19 07:16:22[0m] Beginning epoch 25...
[[34m2025-05-19 07:31:46[0m] (step=0065000) Train Loss: 0.0918, Train Steps/Sec: 2.65
[[34m2025-05-19 07:32:06[0m] Beginning epoch 26...
[[34m2025-05-19 07:47:48[0m] Beginning epoch 27...
[[34m2025-05-19 08:03:07[0m] (step=0070000) Train Loss: 0.0908, Train Steps/Sec: 2.66
[[34m2025-05-19 08:03:28[0m] Beginning epoch 28...
[[34m2025-05-19 08:19:10[0m] Beginning epoch 29...
[[34m2025-05-19 08:34:27[0m] (step=0075000) Train Loss: 0.0903, Train Steps/Sec: 2.66
[[34m2025-05-19 08:34:50[0m] Beginning epoch 30...
[[34m2025-05-19 08:50:31[0m] Beginning epoch 31...
[[34m2025-05-19 09:05:47[0m] (step=0080000) Train Loss: 0.0898, Train Steps/Sec: 2.66
[[34m2025-05-19 09:06:12[0m] Beginning epoch 32...
[[34m2025-05-19 09:21:47[0m] Beginning epoch 33...
[[34m2025-05-19 09:37:03[0m] (step=0085000) Train Loss: 0.0891, Train Steps/Sec: 2.67
[[34m2025-05-19 09:37:29[0m] Beginning epoch 34...
[[34m2025-05-19 09:53:10[0m] Beginning epoch 35...
[[34m2025-05-19 10:08:25[0m] (step=0090000) Train Loss: 0.0884, Train Steps/Sec: 2.66
[[34m2025-05-19 10:08:52[0m] Beginning epoch 36...
[[34m2025-05-19 10:24:33[0m] Beginning epoch 37...
[[34m2025-05-19 10:39:42[0m] (step=0095000) Train Loss: 0.0883, Train Steps/Sec: 2.66
[[34m2025-05-19 10:40:11[0m] Beginning epoch 38...
[[34m2025-05-19 10:55:53[0m] Beginning epoch 39...
[[34m2025-05-19 11:11:05[0m] (step=0100000) Train Loss: 0.0875, Train Steps/Sec: 2.65
[[34m2025-05-19 11:11:14[0m] Saved checkpoint to /scratch/bowenxi/dit_result/DiT-XL_2_0517_2h100/008-DiT-XL-2/checkpoints/0100000.pt
[[34m2025-05-19 11:11:44[0m] Beginning epoch 40...
[[34m2025-05-19 11:27:27[0m] Beginning epoch 41...
[[34m2025-05-19 11:42:38[0m] (step=0105000) Train Loss: 0.0873, Train Steps/Sec: 2.64
[[34m2025-05-19 11:43:09[0m] Beginning epoch 42...
