
=====================================================================
This module is only for creating or activating Python environments:
$ mamba create -n myenv -c conda-forge python=3 <package_name>
$ source activate myenv

Only run "pip install" after activating an environment.
Running pip without activating an environment is known to cause issues.

To list available environments:
$ mamba info --envs

Other uses are not tested. More info: https://links.asu.edu/solpy
=====================================================================

  
W0530 12:45:19.983000 3189257 site-packages/torch/distributed/run.py:793] 
W0530 12:45:19.983000 3189257 site-packages/torch/distributed/run.py:793] *****************************************
W0530 12:45:19.983000 3189257 site-packages/torch/distributed/run.py:793] Setting OMP_NUM_THREADS environment variable for each process to be 1 in default, to avoid your system being overloaded, please further tune the variable for optimal performance in your application as needed. 
W0530 12:45:19.983000 3189257 site-packages/torch/distributed/run.py:793] *****************************************
[[34m2025-05-30 12:45:31[0m] Experiment directory created at /scratch/bowenxi/dit_result/DiT-XL_4_0530_4h100/000-DiT-XL-4
[[34m2025-05-30 12:45:41[0m] DiT Parameters: 674,908,448
/home/bowenxi/DiT/dit_sol_training/../1_train_resume.py:187: FutureWarning: You are using `torch.load` with `weights_only=False` (the current default value), which uses the default pickle module implicitly. It is possible to construct malicious pickle data which will execute arbitrary code during unpickling (See https://github.com/pytorch/pytorch/blob/main/SECURITY.md#untrusted-models for more details). In a future release, the default value for `weights_only` will be flipped to `True`. This limits the functions that could be executed during unpickling. Arbitrary objects will no longer be allowed to be loaded via this mode unless they are explicitly allowlisted by the user via `torch.serialization.add_safe_globals`. We recommend you start setting `weights_only=True` for any use case where you don't have full control of the loaded file. Please open an issue on GitHub for any issues related to this experimental feature.
  checkpoint = torch.load(args.resume, map_location=map_location)
/home/bowenxi/DiT/dit_sol_training/../1_train_resume.py:187: FutureWarning: You are using `torch.load` with `weights_only=False` (the current default value), which uses the default pickle module implicitly. It is possible to construct malicious pickle data which will execute arbitrary code during unpickling (See https://github.com/pytorch/pytorch/blob/main/SECURITY.md#untrusted-models for more details). In a future release, the default value for `weights_only` will be flipped to `True`. This limits the functions that could be executed during unpickling. Arbitrary objects will no longer be allowed to be loaded via this mode unless they are explicitly allowlisted by the user via `torch.serialization.add_safe_globals`. We recommend you start setting `weights_only=True` for any use case where you don't have full control of the loaded file. Please open an issue on GitHub for any issues related to this experimental feature.
  checkpoint = torch.load(args.resume, map_location=map_location)
/home/bowenxi/DiT/dit_sol_training/../1_train_resume.py:187: FutureWarning: You are using `torch.load` with `weights_only=False` (the current default value), which uses the default pickle module implicitly. It is possible to construct malicious pickle data which will execute arbitrary code during unpickling (See https://github.com/pytorch/pytorch/blob/main/SECURITY.md#untrusted-models for more details). In a future release, the default value for `weights_only` will be flipped to `True`. This limits the functions that could be executed during unpickling. Arbitrary objects will no longer be allowed to be loaded via this mode unless they are explicitly allowlisted by the user via `torch.serialization.add_safe_globals`. We recommend you start setting `weights_only=True` for any use case where you don't have full control of the loaded file. Please open an issue on GitHub for any issues related to this experimental feature.
  checkpoint = torch.load(args.resume, map_location=map_location)
/home/bowenxi/DiT/dit_sol_training/../1_train_resume.py:187: FutureWarning: You are using `torch.load` with `weights_only=False` (the current default value), which uses the default pickle module implicitly. It is possible to construct malicious pickle data which will execute arbitrary code during unpickling (See https://github.com/pytorch/pytorch/blob/main/SECURITY.md#untrusted-models for more details). In a future release, the default value for `weights_only` will be flipped to `True`. This limits the functions that could be executed during unpickling. Arbitrary objects will no longer be allowed to be loaded via this mode unless they are explicitly allowlisted by the user via `torch.serialization.add_safe_globals`. We recommend you start setting `weights_only=True` for any use case where you don't have full control of the loaded file. Please open an issue on GitHub for any issues related to this experimental feature.
  checkpoint = torch.load(args.resume, map_location=map_location)
[[34m2025-05-30 12:46:42[0m] Resumed from checkpoint /scratch/bowenxi/dit_result/DiT-XL_4_0522_4h100/000-DiT-XL-4/checkpoints/4700000.pt at step 0 (epoch ~0)
[[34m2025-05-30 12:48:31[0m] Dataset contains 1,281,167 latents from (/data/yyang409/bowen/imagenet_feature/swin_base/patch4_window7_224/image_features_w_label_train.npz)
[[34m2025-05-30 12:48:31[0m] Training for 1400 epochs...
[[34m2025-05-30 12:48:31[0m] Beginning epoch 0...
[[34m2025-05-30 12:59:19[0m] Beginning epoch 1...
[[34m2025-05-30 13:09:55[0m] (step=0010000) Train Loss: 0.0661, Train Steps/Sec: 7.79
[[34m2025-05-30 13:09:57[0m] Beginning epoch 2...
[[34m2025-05-30 13:20:37[0m] Beginning epoch 3...
[[34m2025-05-30 13:31:14[0m] (step=0020000) Train Loss: 0.0658, Train Steps/Sec: 7.82
[[34m2025-05-30 13:31:17[0m] Beginning epoch 4...
[[34m2025-05-30 13:41:56[0m] Beginning epoch 5...
[[34m2025-05-30 13:52:33[0m] (step=0030000) Train Loss: 0.0657, Train Steps/Sec: 7.82
[[34m2025-05-30 13:52:37[0m] Beginning epoch 6...
[[34m2025-05-30 14:03:17[0m] Beginning epoch 7...
[[34m2025-05-30 14:13:53[0m] (step=0040000) Train Loss: 0.0659, Train Steps/Sec: 7.81
[[34m2025-05-30 14:13:58[0m] Beginning epoch 8...
[[34m2025-05-30 14:24:38[0m] Beginning epoch 9...
[[34m2025-05-30 14:35:13[0m] (step=0050000) Train Loss: 0.0658, Train Steps/Sec: 7.82
[[34m2025-05-30 14:35:19[0m] Beginning epoch 10...
[[34m2025-05-30 14:45:59[0m] Beginning epoch 11...
[[34m2025-05-30 14:56:32[0m] (step=0060000) Train Loss: 0.0659, Train Steps/Sec: 7.82
[[34m2025-05-30 14:56:39[0m] Beginning epoch 12...
[[34m2025-05-30 15:07:20[0m] Beginning epoch 13...
[[34m2025-05-30 15:17:52[0m] (step=0070000) Train Loss: 0.0660, Train Steps/Sec: 7.81
[[34m2025-05-30 15:17:59[0m] Beginning epoch 14...
[[34m2025-05-30 15:28:39[0m] Beginning epoch 15...
[[34m2025-05-30 15:39:11[0m] (step=0080000) Train Loss: 0.0658, Train Steps/Sec: 7.81
[[34m2025-05-30 15:39:21[0m] Beginning epoch 16...
[[34m2025-05-30 15:50:02[0m] Beginning epoch 17...
[[34m2025-05-30 16:00:36[0m] (step=0090000) Train Loss: 0.0657, Train Steps/Sec: 7.79
[[34m2025-05-30 16:00:46[0m] Beginning epoch 18...
[[34m2025-05-30 16:11:30[0m] Beginning epoch 19...
[[34m2025-05-30 16:22:05[0m] (step=0100000) Train Loss: 0.0659, Train Steps/Sec: 7.76
[[34m2025-05-30 16:22:12[0m] Saved checkpoint to /scratch/bowenxi/dit_result/DiT-XL_4_0530_4h100/000-DiT-XL-4/checkpoints/0100000.pt
[[34m2025-05-30 16:22:23[0m] Beginning epoch 20...
[[34m2025-05-30 16:33:05[0m] Beginning epoch 21...
[[34m2025-05-30 16:43:38[0m] (step=0110000) Train Loss: 0.0659, Train Steps/Sec: 7.73
[[34m2025-05-30 16:43:51[0m] Beginning epoch 22...
[[34m2025-05-30 16:54:34[0m] Beginning epoch 23...
[[34m2025-05-30 17:05:06[0m] (step=0120000) Train Loss: 0.0658, Train Steps/Sec: 7.76
[[34m2025-05-30 17:05:19[0m] Beginning epoch 24...
[[34m2025-05-30 17:16:05[0m] Beginning epoch 25...
[[34m2025-05-30 17:26:34[0m] (step=0130000) Train Loss: 0.0658, Train Steps/Sec: 7.77
[[34m2025-05-30 17:26:48[0m] Beginning epoch 26...
[[34m2025-05-30 17:37:32[0m] Beginning epoch 27...
[[34m2025-05-30 17:48:02[0m] (step=0140000) Train Loss: 0.0657, Train Steps/Sec: 7.76
[[34m2025-05-30 17:48:17[0m] Beginning epoch 28...
[[34m2025-05-30 17:59:00[0m] Beginning epoch 29...
[[34m2025-05-30 18:09:29[0m] (step=0150000) Train Loss: 0.0658, Train Steps/Sec: 7.77
[[34m2025-05-30 18:09:45[0m] Beginning epoch 30...
[[34m2025-05-30 18:20:28[0m] Beginning epoch 31...
[[34m2025-05-30 18:30:54[0m] (step=0160000) Train Loss: 0.0658, Train Steps/Sec: 7.78
[[34m2025-05-30 18:31:11[0m] Beginning epoch 32...
[[34m2025-05-30 18:41:51[0m] Beginning epoch 33...
[[34m2025-05-30 18:52:14[0m] (step=0170000) Train Loss: 0.0658, Train Steps/Sec: 7.81
[[34m2025-05-30 18:52:32[0m] Beginning epoch 34...
[[34m2025-05-30 19:03:13[0m] Beginning epoch 35...
[[34m2025-05-30 19:13:36[0m] (step=0180000) Train Loss: 0.0658, Train Steps/Sec: 7.80
[[34m2025-05-30 19:13:55[0m] Beginning epoch 36...
[[34m2025-05-30 19:24:39[0m] Beginning epoch 37...
[[34m2025-05-30 19:35:02[0m] (step=0190000) Train Loss: 0.0658, Train Steps/Sec: 7.78
[[34m2025-05-30 19:35:22[0m] Beginning epoch 38...
[[34m2025-05-30 19:46:08[0m] Beginning epoch 39...
[[34m2025-05-30 19:56:30[0m] (step=0200000) Train Loss: 0.0660, Train Steps/Sec: 7.76
[[34m2025-05-30 19:56:38[0m] Saved checkpoint to /scratch/bowenxi/dit_result/DiT-XL_4_0530_4h100/000-DiT-XL-4/checkpoints/0200000.pt
[[34m2025-05-30 19:56:59[0m] Beginning epoch 40...
[[34m2025-05-30 20:07:42[0m] Beginning epoch 41...
[[34m2025-05-30 20:18:07[0m] (step=0210000) Train Loss: 0.0659, Train Steps/Sec: 7.71
[[34m2025-05-30 20:18:30[0m] Beginning epoch 42...
[[34m2025-05-30 20:29:14[0m] Beginning epoch 43...
[[34m2025-05-30 20:39:36[0m] (step=0220000) Train Loss: 0.0657, Train Steps/Sec: 7.76
[[34m2025-05-30 20:39:59[0m] Beginning epoch 44...
[[34m2025-05-30 20:50:44[0m] Beginning epoch 45...
[[34m2025-05-30 21:01:04[0m] (step=0230000) Train Loss: 0.0658, Train Steps/Sec: 7.76
[[34m2025-05-30 21:01:28[0m] Beginning epoch 46...
[[34m2025-05-30 21:12:10[0m] Beginning epoch 47...
[[34m2025-05-30 21:22:26[0m] (step=0240000) Train Loss: 0.0655, Train Steps/Sec: 7.80
[[34m2025-05-30 21:22:51[0m] Beginning epoch 48...
[[34m2025-05-30 21:33:33[0m] Beginning epoch 49...
[[34m2025-05-30 21:43:50[0m] (step=0250000) Train Loss: 0.0659, Train Steps/Sec: 7.79
[[34m2025-05-30 21:44:16[0m] Beginning epoch 50...
[[34m2025-05-30 21:55:00[0m] Beginning epoch 51...
[[34m2025-05-30 22:05:14[0m] (step=0260000) Train Loss: 0.0656, Train Steps/Sec: 7.79
[[34m2025-05-30 22:05:42[0m] Beginning epoch 52...
[[34m2025-05-30 22:16:23[0m] Beginning epoch 53...
[[34m2025-05-30 22:26:35[0m] (step=0270000) Train Loss: 0.0659, Train Steps/Sec: 7.81
[[34m2025-05-30 22:27:03[0m] Beginning epoch 54...
[[34m2025-05-30 22:37:45[0m] Beginning epoch 55...
[[34m2025-05-30 22:47:59[0m] (step=0280000) Train Loss: 0.0657, Train Steps/Sec: 7.79
[[34m2025-05-30 22:48:28[0m] Beginning epoch 56...
[[34m2025-05-30 22:59:10[0m] Beginning epoch 57...
[[34m2025-05-30 23:09:22[0m] (step=0290000) Train Loss: 0.0656, Train Steps/Sec: 7.79
[[34m2025-05-30 23:09:52[0m] Beginning epoch 58...
[[34m2025-05-30 23:20:32[0m] Beginning epoch 59...
[[34m2025-05-30 23:30:43[0m] (step=0300000) Train Loss: 0.0657, Train Steps/Sec: 7.80
[[34m2025-05-30 23:30:53[0m] Saved checkpoint to /scratch/bowenxi/dit_result/DiT-XL_4_0530_4h100/000-DiT-XL-4/checkpoints/0300000.pt
[[34m2025-05-30 23:31:24[0m] Beginning epoch 60...
[[34m2025-05-30 23:42:08[0m] Beginning epoch 61...
[[34m2025-05-30 23:52:19[0m] (step=0310000) Train Loss: 0.0659, Train Steps/Sec: 7.72
[[34m2025-05-30 23:52:52[0m] Beginning epoch 62...
[[34m2025-05-31 00:03:33[0m] Beginning epoch 63...
[[34m2025-05-31 00:13:44[0m] (step=0320000) Train Loss: 0.0658, Train Steps/Sec: 7.78
[[34m2025-05-31 00:14:17[0m] Beginning epoch 64...
[[34m2025-05-31 00:24:58[0m] Beginning epoch 65...
[[34m2025-05-31 00:35:06[0m] (step=0330000) Train Loss: 0.0658, Train Steps/Sec: 7.80
[[34m2025-05-31 00:35:41[0m] Beginning epoch 66...
[[34m2025-05-31 00:46:22[0m] Beginning epoch 67...
[[34m2025-05-31 00:56:29[0m] (step=0340000) Train Loss: 0.0656, Train Steps/Sec: 7.80
[[34m2025-05-31 00:57:04[0m] Beginning epoch 68...
[[34m2025-05-31 01:07:49[0m] Beginning epoch 69...
[[34m2025-05-31 01:17:54[0m] (step=0350000) Train Loss: 0.0655, Train Steps/Sec: 7.78
[[34m2025-05-31 01:18:31[0m] Beginning epoch 70...
[[34m2025-05-31 01:29:11[0m] Beginning epoch 71...
[[34m2025-05-31 01:39:14[0m] (step=0360000) Train Loss: 0.0658, Train Steps/Sec: 7.81
[[34m2025-05-31 01:39:52[0m] Beginning epoch 72...
[[34m2025-05-31 01:50:32[0m] Beginning epoch 73...
[[34m2025-05-31 02:00:34[0m] (step=0370000) Train Loss: 0.0656, Train Steps/Sec: 7.82
[[34m2025-05-31 02:01:12[0m] Beginning epoch 74...
[[34m2025-05-31 02:11:54[0m] Beginning epoch 75...
[[34m2025-05-31 02:21:56[0m] (step=0380000) Train Loss: 0.0656, Train Steps/Sec: 7.80
[[34m2025-05-31 02:22:35[0m] Beginning epoch 76...
[[34m2025-05-31 02:33:17[0m] Beginning epoch 77...
[[34m2025-05-31 02:43:17[0m] (step=0390000) Train Loss: 0.0657, Train Steps/Sec: 7.81
[[34m2025-05-31 02:43:57[0m] Beginning epoch 78...
[[34m2025-05-31 02:54:37[0m] Beginning epoch 79...
[[34m2025-05-31 03:04:37[0m] (step=0400000) Train Loss: 0.0657, Train Steps/Sec: 7.81
[[34m2025-05-31 03:04:44[0m] Saved checkpoint to /scratch/bowenxi/dit_result/DiT-XL_4_0530_4h100/000-DiT-XL-4/checkpoints/0400000.pt
[[34m2025-05-31 03:05:25[0m] Beginning epoch 80...
[[34m2025-05-31 03:16:09[0m] Beginning epoch 81...
[[34m2025-05-31 03:26:12[0m] (step=0410000) Train Loss: 0.0655, Train Steps/Sec: 7.72
[[34m2025-05-31 03:26:55[0m] Beginning epoch 82...
[[34m2025-05-31 03:37:38[0m] Beginning epoch 83...
[[34m2025-05-31 03:47:40[0m] (step=0420000) Train Loss: 0.0656, Train Steps/Sec: 7.77
[[34m2025-05-31 03:48:23[0m] Beginning epoch 84...
[[34m2025-05-31 03:59:05[0m] Beginning epoch 85...
[[34m2025-05-31 04:09:02[0m] (step=0430000) Train Loss: 0.0657, Train Steps/Sec: 7.80
[[34m2025-05-31 04:09:46[0m] Beginning epoch 86...
[[34m2025-05-31 04:20:28[0m] Beginning epoch 87...
[[34m2025-05-31 04:30:24[0m] (step=0440000) Train Loss: 0.0655, Train Steps/Sec: 7.80
[[34m2025-05-31 04:31:09[0m] Beginning epoch 88...
[[34m2025-05-31 04:41:50[0m] Beginning epoch 89...
[[34m2025-05-31 04:51:43[0m] (step=0450000) Train Loss: 0.0657, Train Steps/Sec: 7.82
[[34m2025-05-31 04:52:29[0m] Beginning epoch 90...
[[34m2025-05-31 05:03:10[0m] Beginning epoch 91...
[[34m2025-05-31 05:13:04[0m] (step=0460000) Train Loss: 0.0655, Train Steps/Sec: 7.81
[[34m2025-05-31 05:13:52[0m] Beginning epoch 92...
[[34m2025-05-31 05:24:32[0m] Beginning epoch 93...
[[34m2025-05-31 05:34:26[0m] (step=0470000) Train Loss: 0.0656, Train Steps/Sec: 7.80
[[34m2025-05-31 05:35:14[0m] Beginning epoch 94...
[[34m2025-05-31 05:45:56[0m] Beginning epoch 95...
[[34m2025-05-31 05:55:48[0m] (step=0480000) Train Loss: 0.0656, Train Steps/Sec: 7.80
[[34m2025-05-31 05:56:38[0m] Beginning epoch 96...
[[34m2025-05-31 06:07:19[0m] Beginning epoch 97...
[[34m2025-05-31 06:17:10[0m] (step=0490000) Train Loss: 0.0655, Train Steps/Sec: 7.80
[[34m2025-05-31 06:18:01[0m] Beginning epoch 98...
[[34m2025-05-31 06:28:42[0m] Beginning epoch 99...
[[34m2025-05-31 06:38:31[0m] (step=0500000) Train Loss: 0.0654, Train Steps/Sec: 7.81
[[34m2025-05-31 06:38:39[0m] Saved checkpoint to /scratch/bowenxi/dit_result/DiT-XL_4_0530_4h100/000-DiT-XL-4/checkpoints/0500000.pt
[[34m2025-05-31 06:39:30[0m] Beginning epoch 100...
[[34m2025-05-31 06:50:09[0m] Beginning epoch 101...
[[34m2025-05-31 06:59:57[0m] (step=0510000) Train Loss: 0.0653, Train Steps/Sec: 7.78
[[34m2025-05-31 07:00:50[0m] Beginning epoch 102...
[[34m2025-05-31 07:11:32[0m] Beginning epoch 103...
[[34m2025-05-31 07:21:20[0m] (step=0520000) Train Loss: 0.0656, Train Steps/Sec: 7.80
[[34m2025-05-31 07:22:14[0m] Beginning epoch 104...
[[34m2025-05-31 07:32:54[0m] Beginning epoch 105...
[[34m2025-05-31 07:42:38[0m] (step=0530000) Train Loss: 0.0652, Train Steps/Sec: 7.82
[[34m2025-05-31 07:43:33[0m] Beginning epoch 106...
[[34m2025-05-31 07:54:14[0m] Beginning epoch 107...
[[34m2025-05-31 08:04:03[0m] (step=0540000) Train Loss: 0.0655, Train Steps/Sec: 7.78
[[34m2025-05-31 08:05:00[0m] Beginning epoch 108...
[[34m2025-05-31 08:15:44[0m] Beginning epoch 109...
[[34m2025-05-31 08:25:31[0m] (step=0550000) Train Loss: 0.0655, Train Steps/Sec: 7.77
[[34m2025-05-31 08:26:28[0m] Beginning epoch 110...
[[34m2025-05-31 08:37:10[0m] Beginning epoch 111...
[[34m2025-05-31 08:46:58[0m] (step=0560000) Train Loss: 0.0655, Train Steps/Sec: 7.77
[[34m2025-05-31 08:47:56[0m] Beginning epoch 112...
[[34m2025-05-31 08:58:41[0m] Beginning epoch 113...
[[34m2025-05-31 09:08:27[0m] (step=0570000) Train Loss: 0.0655, Train Steps/Sec: 7.75
[[34m2025-05-31 09:09:26[0m] Beginning epoch 114...
[[34m2025-05-31 09:20:11[0m] Beginning epoch 115...
[[34m2025-05-31 09:29:55[0m] (step=0580000) Train Loss: 0.0654, Train Steps/Sec: 7.77
[[34m2025-05-31 09:30:55[0m] Beginning epoch 116...
[[34m2025-05-31 09:41:40[0m] Beginning epoch 117...
[[34m2025-05-31 09:51:23[0m] (step=0590000) Train Loss: 0.0655, Train Steps/Sec: 7.76
[[34m2025-05-31 09:52:24[0m] Beginning epoch 118...
[[34m2025-05-31 10:03:09[0m] Beginning epoch 119...
[[34m2025-05-31 10:12:51[0m] (step=0600000) Train Loss: 0.0654, Train Steps/Sec: 7.76
[[34m2025-05-31 10:12:59[0m] Saved checkpoint to /scratch/bowenxi/dit_result/DiT-XL_4_0530_4h100/000-DiT-XL-4/checkpoints/0600000.pt
[[34m2025-05-31 10:14:01[0m] Beginning epoch 120...
[[34m2025-05-31 10:24:46[0m] Beginning epoch 121...
[[34m2025-05-31 10:34:27[0m] (step=0610000) Train Loss: 0.0655, Train Steps/Sec: 7.72
[[34m2025-05-31 10:35:31[0m] Beginning epoch 122...
[[34m2025-05-31 10:46:16[0m] Beginning epoch 123...
[[34m2025-05-31 10:55:56[0m] (step=0620000) Train Loss: 0.0651, Train Steps/Sec: 7.76
[[34m2025-05-31 10:57:00[0m] Beginning epoch 124...
[[34m2025-05-31 11:07:46[0m] Beginning epoch 125...
[[34m2025-05-31 11:17:25[0m] (step=0630000) Train Loss: 0.0654, Train Steps/Sec: 7.76
[[34m2025-05-31 11:18:30[0m] Beginning epoch 126...
[[34m2025-05-31 11:29:16[0m] Beginning epoch 127...
[[34m2025-05-31 11:38:54[0m] (step=0640000) Train Loss: 0.0654, Train Steps/Sec: 7.76
[[34m2025-05-31 11:40:00[0m] Beginning epoch 128...
[[34m2025-05-31 11:50:43[0m] Beginning epoch 129...
[[34m2025-05-31 12:00:22[0m] (step=0650000) Train Loss: 0.0653, Train Steps/Sec: 7.77
[[34m2025-05-31 12:01:29[0m] Beginning epoch 130...
[[34m2025-05-31 12:12:14[0m] Beginning epoch 131...
[[34m2025-05-31 12:21:49[0m] (step=0660000) Train Loss: 0.0653, Train Steps/Sec: 7.77
[[34m2025-05-31 12:22:57[0m] Beginning epoch 132...
[[34m2025-05-31 12:33:40[0m] Beginning epoch 133...
[[34m2025-05-31 12:43:12[0m] (step=0670000) Train Loss: 0.0652, Train Steps/Sec: 7.79
[[34m2025-05-31 12:44:21[0m] Beginning epoch 134...
[[34m2025-05-31 12:55:02[0m] Beginning epoch 135...
[[34m2025-05-31 13:04:35[0m] (step=0680000) Train Loss: 0.0652, Train Steps/Sec: 7.80
[[34m2025-05-31 13:05:45[0m] Beginning epoch 136...
[[34m2025-05-31 13:16:28[0m] Beginning epoch 137...
[[34m2025-05-31 13:25:59[0m] (step=0690000) Train Loss: 0.0656, Train Steps/Sec: 7.79
[[34m2025-05-31 13:27:10[0m] Beginning epoch 138...
slurmstepd: error: *** JOB 27682408 ON scg006 CANCELLED AT 2025-05-31T13:32:31 DUE TO PREEMPTION ***
