
=====================================================================
This module is only for creating or activating Python environments:
$ mamba create -n myenv -c conda-forge python=3 <package_name>
$ source activate myenv

Only run "pip install" after activating an environment.
Running pip without activating an environment is known to cause issues.

To list available environments:
$ mamba info --envs

Other uses are not tested. More info: https://links.asu.edu/solpy
=====================================================================

  
W0522 23:38:28.576000 3782507 site-packages/torch/distributed/run.py:793] 
W0522 23:38:28.576000 3782507 site-packages/torch/distributed/run.py:793] *****************************************
W0522 23:38:28.576000 3782507 site-packages/torch/distributed/run.py:793] Setting OMP_NUM_THREADS environment variable for each process to be 1 in default, to avoid your system being overloaded, please further tune the variable for optimal performance in your application as needed. 
W0522 23:38:28.576000 3782507 site-packages/torch/distributed/run.py:793] *****************************************
[[34m2025-05-22 23:38:41[0m] Experiment directory created at /scratch/bowenxi/dit_result/DiT-XL_4_0522_4h100/000-DiT-XL-4
[[34m2025-05-22 23:38:52[0m] DiT Parameters: 674,908,448
/home/bowenxi/DiT/dit_sol_training/../1_train_resume.py:187: FutureWarning: You are using `torch.load` with `weights_only=False` (the current default value), which uses the default pickle module implicitly. It is possible to construct malicious pickle data which will execute arbitrary code during unpickling (See https://github.com/pytorch/pytorch/blob/main/SECURITY.md#untrusted-models for more details). In a future release, the default value for `weights_only` will be flipped to `True`. This limits the functions that could be executed during unpickling. Arbitrary objects will no longer be allowed to be loaded via this mode unless they are explicitly allowlisted by the user via `torch.serialization.add_safe_globals`. We recommend you start setting `weights_only=True` for any use case where you don't have full control of the loaded file. Please open an issue on GitHub for any issues related to this experimental feature.
  checkpoint = torch.load(args.resume, map_location=map_location)
/home/bowenxi/DiT/dit_sol_training/../1_train_resume.py:187: FutureWarning: You are using `torch.load` with `weights_only=False` (the current default value), which uses the default pickle module implicitly. It is possible to construct malicious pickle data which will execute arbitrary code during unpickling (See https://github.com/pytorch/pytorch/blob/main/SECURITY.md#untrusted-models for more details). In a future release, the default value for `weights_only` will be flipped to `True`. This limits the functions that could be executed during unpickling. Arbitrary objects will no longer be allowed to be loaded via this mode unless they are explicitly allowlisted by the user via `torch.serialization.add_safe_globals`. We recommend you start setting `weights_only=True` for any use case where you don't have full control of the loaded file. Please open an issue on GitHub for any issues related to this experimental feature.
  checkpoint = torch.load(args.resume, map_location=map_location)
/home/bowenxi/DiT/dit_sol_training/../1_train_resume.py:187: FutureWarning: You are using `torch.load` with `weights_only=False` (the current default value), which uses the default pickle module implicitly. It is possible to construct malicious pickle data which will execute arbitrary code during unpickling (See https://github.com/pytorch/pytorch/blob/main/SECURITY.md#untrusted-models for more details). In a future release, the default value for `weights_only` will be flipped to `True`. This limits the functions that could be executed during unpickling. Arbitrary objects will no longer be allowed to be loaded via this mode unless they are explicitly allowlisted by the user via `torch.serialization.add_safe_globals`. We recommend you start setting `weights_only=True` for any use case where you don't have full control of the loaded file. Please open an issue on GitHub for any issues related to this experimental feature.
  checkpoint = torch.load(args.resume, map_location=map_location)
/home/bowenxi/DiT/dit_sol_training/../1_train_resume.py:187: FutureWarning: You are using `torch.load` with `weights_only=False` (the current default value), which uses the default pickle module implicitly. It is possible to construct malicious pickle data which will execute arbitrary code during unpickling (See https://github.com/pytorch/pytorch/blob/main/SECURITY.md#untrusted-models for more details). In a future release, the default value for `weights_only` will be flipped to `True`. This limits the functions that could be executed during unpickling. Arbitrary objects will no longer be allowed to be loaded via this mode unless they are explicitly allowlisted by the user via `torch.serialization.add_safe_globals`. We recommend you start setting `weights_only=True` for any use case where you don't have full control of the loaded file. Please open an issue on GitHub for any issues related to this experimental feature.
  checkpoint = torch.load(args.resume, map_location=map_location)
[[34m2025-05-22 23:39:07[0m] Resumed from checkpoint /scratch/bowenxi/dit_result/DiT-L_2_0513_4h100/009-DiT-XL-4/checkpoints/1500000.pt at step 0 (epoch ~0)
[[34m2025-05-22 23:39:41[0m] Dataset contains 1,281,167 latents from (/data/yyang409/bowen/imagenet_feature/swin_base/patch4_window7_224/image_features_w_label_train.npz)
[[34m2025-05-22 23:39:41[0m] Training for 1400 epochs...
[[34m2025-05-22 23:39:41[0m] Beginning epoch 0...
[[34m2025-05-22 23:50:23[0m] Beginning epoch 1...
[[34m2025-05-23 00:01:02[0m] (step=0010000) Train Loss: 0.0750, Train Steps/Sec: 7.81
[[34m2025-05-23 00:01:04[0m] Beginning epoch 2...
[[34m2025-05-23 00:11:44[0m] Beginning epoch 3...
[[34m2025-05-23 00:22:22[0m] (step=0020000) Train Loss: 0.0747, Train Steps/Sec: 7.81
[[34m2025-05-23 00:22:24[0m] Beginning epoch 4...
[[34m2025-05-23 00:33:05[0m] Beginning epoch 5...
[[34m2025-05-23 00:43:43[0m] (step=0030000) Train Loss: 0.0745, Train Steps/Sec: 7.81
[[34m2025-05-23 00:43:46[0m] Beginning epoch 6...
[[34m2025-05-23 00:54:27[0m] Beginning epoch 7...
[[34m2025-05-23 01:05:03[0m] (step=0040000) Train Loss: 0.0747, Train Steps/Sec: 7.81
[[34m2025-05-23 01:05:08[0m] Beginning epoch 8...
[[34m2025-05-23 01:15:50[0m] Beginning epoch 9...
[[34m2025-05-23 01:26:25[0m] (step=0050000) Train Loss: 0.0746, Train Steps/Sec: 7.80
[[34m2025-05-23 01:26:30[0m] Beginning epoch 10...
[[34m2025-05-23 01:37:12[0m] Beginning epoch 11...
[[34m2025-05-23 01:47:45[0m] (step=0060000) Train Loss: 0.0746, Train Steps/Sec: 7.81
[[34m2025-05-23 01:47:52[0m] Beginning epoch 12...
[[34m2025-05-23 01:58:32[0m] Beginning epoch 13...
[[34m2025-05-23 02:09:05[0m] (step=0070000) Train Loss: 0.0747, Train Steps/Sec: 7.81
[[34m2025-05-23 02:09:12[0m] Beginning epoch 14...
[[34m2025-05-23 02:19:51[0m] Beginning epoch 15...
[[34m2025-05-23 02:30:23[0m] (step=0080000) Train Loss: 0.0744, Train Steps/Sec: 7.82
[[34m2025-05-23 02:30:32[0m] Beginning epoch 16...
[[34m2025-05-23 02:41:14[0m] Beginning epoch 17...
[[34m2025-05-23 02:51:45[0m] (step=0090000) Train Loss: 0.0743, Train Steps/Sec: 7.80
[[34m2025-05-23 02:51:55[0m] Beginning epoch 18...
[[34m2025-05-23 03:02:35[0m] Beginning epoch 19...
[[34m2025-05-23 03:13:04[0m] (step=0100000) Train Loss: 0.0745, Train Steps/Sec: 7.82
[[34m2025-05-23 03:13:12[0m] Saved checkpoint to /scratch/bowenxi/dit_result/DiT-XL_4_0522_4h100/000-DiT-XL-4/checkpoints/0100000.pt
[[34m2025-05-23 03:13:23[0m] Beginning epoch 20...
[[34m2025-05-23 03:24:03[0m] Beginning epoch 21...
[[34m2025-05-23 03:34:32[0m] (step=0110000) Train Loss: 0.0744, Train Steps/Sec: 7.77
[[34m2025-05-23 03:34:44[0m] Beginning epoch 22...
[[34m2025-05-23 03:45:25[0m] Beginning epoch 23...
[[34m2025-05-23 03:55:53[0m] (step=0120000) Train Loss: 0.0743, Train Steps/Sec: 7.81
[[34m2025-05-23 03:56:06[0m] Beginning epoch 24...
[[34m2025-05-23 04:06:48[0m] Beginning epoch 25...
[[34m2025-05-23 04:17:14[0m] (step=0130000) Train Loss: 0.0743, Train Steps/Sec: 7.81
[[34m2025-05-23 04:17:28[0m] Beginning epoch 26...
[[34m2025-05-23 04:28:06[0m] Beginning epoch 27...
[[34m2025-05-23 04:38:32[0m] (step=0140000) Train Loss: 0.0741, Train Steps/Sec: 7.83
[[34m2025-05-23 04:38:47[0m] Beginning epoch 28...
[[34m2025-05-23 04:49:25[0m] Beginning epoch 29...
[[34m2025-05-23 04:59:49[0m] (step=0150000) Train Loss: 0.0742, Train Steps/Sec: 7.83
[[34m2025-05-23 05:00:05[0m] Beginning epoch 30...
[[34m2025-05-23 05:10:46[0m] Beginning epoch 31...
[[34m2025-05-23 05:21:10[0m] (step=0160000) Train Loss: 0.0742, Train Steps/Sec: 7.81
[[34m2025-05-23 05:21:27[0m] Beginning epoch 32...
[[34m2025-05-23 05:32:06[0m] Beginning epoch 33...
[[34m2025-05-23 05:42:29[0m] (step=0170000) Train Loss: 0.0741, Train Steps/Sec: 7.82
[[34m2025-05-23 05:42:47[0m] Beginning epoch 34...
[[34m2025-05-23 05:53:27[0m] Beginning epoch 35...
[[34m2025-05-23 06:03:50[0m] (step=0180000) Train Loss: 0.0741, Train Steps/Sec: 7.81
[[34m2025-05-23 06:04:09[0m] Beginning epoch 36...
[[34m2025-05-23 06:14:50[0m] Beginning epoch 37...
[[34m2025-05-23 06:25:11[0m] (step=0190000) Train Loss: 0.0741, Train Steps/Sec: 7.80
[[34m2025-05-23 06:25:31[0m] Beginning epoch 38...
[[34m2025-05-23 06:36:10[0m] Beginning epoch 39...
[[34m2025-05-23 06:46:31[0m] (step=0200000) Train Loss: 0.0742, Train Steps/Sec: 7.81
[[34m2025-05-23 06:46:38[0m] Saved checkpoint to /scratch/bowenxi/dit_result/DiT-XL_4_0522_4h100/000-DiT-XL-4/checkpoints/0200000.pt
[[34m2025-05-23 06:46:59[0m] Beginning epoch 40...
[[34m2025-05-23 06:57:41[0m] Beginning epoch 41...
[[34m2025-05-23 07:08:00[0m] (step=0210000) Train Loss: 0.0740, Train Steps/Sec: 7.76
[[34m2025-05-23 07:08:22[0m] Beginning epoch 42...
[[34m2025-05-23 07:19:02[0m] Beginning epoch 43...
[[34m2025-05-23 07:29:24[0m] (step=0220000) Train Loss: 0.0738, Train Steps/Sec: 7.79
[[34m2025-05-23 07:29:47[0m] Beginning epoch 44...
[[34m2025-05-23 07:40:28[0m] Beginning epoch 45...
[[34m2025-05-23 07:50:43[0m] (step=0230000) Train Loss: 0.0739, Train Steps/Sec: 7.82
[[34m2025-05-23 07:51:07[0m] Beginning epoch 46...
[[34m2025-05-23 08:01:48[0m] Beginning epoch 47...
[[34m2025-05-23 08:12:01[0m] (step=0240000) Train Loss: 0.0736, Train Steps/Sec: 7.83
[[34m2025-05-23 08:12:26[0m] Beginning epoch 48...
[[34m2025-05-23 08:23:08[0m] Beginning epoch 49...
[[34m2025-05-23 08:33:22[0m] (step=0250000) Train Loss: 0.0739, Train Steps/Sec: 7.81
[[34m2025-05-23 08:33:48[0m] Beginning epoch 50...
[[34m2025-05-23 08:44:28[0m] Beginning epoch 51...
[[34m2025-05-23 08:54:42[0m] (step=0260000) Train Loss: 0.0736, Train Steps/Sec: 7.81
[[34m2025-05-23 08:55:09[0m] Beginning epoch 52...
[[34m2025-05-23 09:05:50[0m] Beginning epoch 53...
[[34m2025-05-23 09:16:01[0m] (step=0270000) Train Loss: 0.0738, Train Steps/Sec: 7.82
[[34m2025-05-23 09:16:30[0m] Beginning epoch 54...
[[34m2025-05-23 09:27:09[0m] Beginning epoch 55...
[[34m2025-05-23 09:37:21[0m] (step=0280000) Train Loss: 0.0736, Train Steps/Sec: 7.82
[[34m2025-05-23 09:37:50[0m] Beginning epoch 56...
[[34m2025-05-23 09:48:31[0m] Beginning epoch 57...
[[34m2025-05-23 09:58:41[0m] (step=0290000) Train Loss: 0.0735, Train Steps/Sec: 7.81
[[34m2025-05-23 09:59:12[0m] Beginning epoch 58...
[[34m2025-05-23 10:09:53[0m] Beginning epoch 59...
[[34m2025-05-23 10:20:02[0m] (step=0300000) Train Loss: 0.0735, Train Steps/Sec: 7.81
[[34m2025-05-23 10:20:10[0m] Saved checkpoint to /scratch/bowenxi/dit_result/DiT-XL_4_0522_4h100/000-DiT-XL-4/checkpoints/0300000.pt
[[34m2025-05-23 10:20:41[0m] Beginning epoch 60...
[[34m2025-05-23 10:31:21[0m] Beginning epoch 61...
[[34m2025-05-23 10:41:29[0m] (step=0310000) Train Loss: 0.0737, Train Steps/Sec: 7.77
[[34m2025-05-23 10:42:02[0m] Beginning epoch 62...
[[34m2025-05-23 10:52:40[0m] Beginning epoch 63...
[[34m2025-05-23 11:02:47[0m] (step=0320000) Train Loss: 0.0736, Train Steps/Sec: 7.82
[[34m2025-05-23 11:03:20[0m] Beginning epoch 64...
[[34m2025-05-23 11:14:01[0m] Beginning epoch 65...
[[34m2025-05-23 11:24:07[0m] (step=0330000) Train Loss: 0.0735, Train Steps/Sec: 7.82
[[34m2025-05-23 11:24:41[0m] Beginning epoch 66...
[[34m2025-05-23 11:35:22[0m] Beginning epoch 67...
[[34m2025-05-23 11:45:28[0m] (step=0340000) Train Loss: 0.0734, Train Steps/Sec: 7.80
[[34m2025-05-23 11:46:04[0m] Beginning epoch 68...
[[34m2025-05-23 11:56:45[0m] Beginning epoch 69...
[[34m2025-05-23 12:06:50[0m] (step=0350000) Train Loss: 0.0732, Train Steps/Sec: 7.80
[[34m2025-05-23 12:07:26[0m] Beginning epoch 70...
[[34m2025-05-23 12:18:07[0m] Beginning epoch 71...
[[34m2025-05-23 12:28:10[0m] (step=0360000) Train Loss: 0.0735, Train Steps/Sec: 7.81
[[34m2025-05-23 12:28:47[0m] Beginning epoch 72...
[[34m2025-05-23 12:39:28[0m] Beginning epoch 73...
[[34m2025-05-23 12:49:31[0m] (step=0370000) Train Loss: 0.0732, Train Steps/Sec: 7.81
[[34m2025-05-23 12:50:09[0m] Beginning epoch 74...
[[34m2025-05-23 13:00:48[0m] Beginning epoch 75...
[[34m2025-05-23 13:10:49[0m] (step=0380000) Train Loss: 0.0731, Train Steps/Sec: 7.82
[[34m2025-05-23 13:11:29[0m] Beginning epoch 76...
[[34m2025-05-23 13:22:08[0m] Beginning epoch 77...
[[34m2025-05-23 13:32:08[0m] (step=0390000) Train Loss: 0.0733, Train Steps/Sec: 7.82
[[34m2025-05-23 13:32:49[0m] Beginning epoch 78...
[[34m2025-05-23 13:43:29[0m] Beginning epoch 79...
[[34m2025-05-23 13:53:29[0m] (step=0400000) Train Loss: 0.0733, Train Steps/Sec: 7.81
[[34m2025-05-23 13:53:36[0m] Saved checkpoint to /scratch/bowenxi/dit_result/DiT-XL_4_0522_4h100/000-DiT-XL-4/checkpoints/0400000.pt
[[34m2025-05-23 13:54:17[0m] Beginning epoch 80...
[[34m2025-05-23 14:04:58[0m] Beginning epoch 81...
[[34m2025-05-23 14:14:57[0m] (step=0410000) Train Loss: 0.0730, Train Steps/Sec: 7.76
[[34m2025-05-23 14:15:39[0m] Beginning epoch 82...
[[34m2025-05-23 14:26:21[0m] Beginning epoch 83...
[[34m2025-05-23 14:36:16[0m] (step=0420000) Train Loss: 0.0731, Train Steps/Sec: 7.81
[[34m2025-05-23 14:37:00[0m] Beginning epoch 84...
[[34m2025-05-23 14:47:42[0m] Beginning epoch 85...
[[34m2025-05-23 14:57:37[0m] (step=0430000) Train Loss: 0.0731, Train Steps/Sec: 7.81
[[34m2025-05-23 14:58:22[0m] Beginning epoch 86...
[[34m2025-05-23 15:09:03[0m] Beginning epoch 87...
[[34m2025-05-23 15:18:58[0m] (step=0440000) Train Loss: 0.0730, Train Steps/Sec: 7.81
[[34m2025-05-23 15:19:44[0m] Beginning epoch 88...
[[34m2025-05-23 15:30:25[0m] Beginning epoch 89...
[[34m2025-05-23 15:40:19[0m] (step=0450000) Train Loss: 0.0731, Train Steps/Sec: 7.81
[[34m2025-05-23 15:41:06[0m] Beginning epoch 90...
