
=====================================================================
This module is only for creating or activating Python environments:
$ mamba create -n myenv -c conda-forge python=3 <package_name>
$ source activate myenv

Only run "pip install" after activating an environment.
Running pip without activating an environment is known to cause issues.

To list available environments:
$ mamba info --envs

Other uses are not tested. More info: https://links.asu.edu/solpy
=====================================================================

  
W0518 17:46:23.216000 2973494 site-packages/torch/distributed/run.py:793] 
W0518 17:46:23.216000 2973494 site-packages/torch/distributed/run.py:793] *****************************************
W0518 17:46:23.216000 2973494 site-packages/torch/distributed/run.py:793] Setting OMP_NUM_THREADS environment variable for each process to be 1 in default, to avoid your system being overloaded, please further tune the variable for optimal performance in your application as needed. 
W0518 17:46:23.216000 2973494 site-packages/torch/distributed/run.py:793] *****************************************
[[34m2025-05-18 17:46:29[0m] Experiment directory created at /scratch/bowenxi/dit_result/DiT-L_2_0513_4h100/009-DiT-XL-4
[[34m2025-05-18 17:46:38[0m] DiT Parameters: 674,908,448
[[34m2025-05-18 17:47:06[0m] Dataset contains 1,281,167 latents from (/data/yyang409/bowen/imagenet_feature/swin_base/patch4_window7_224/image_features_w_label_train.npz)
[[34m2025-05-18 17:47:06[0m] Training for 1400 epochs...
[[34m2025-05-18 17:47:06[0m] Beginning epoch 0...
[[34m2025-05-18 17:57:51[0m] Beginning epoch 1...
[[34m2025-05-18 18:08:32[0m] (step=0010000) Train Loss: 0.1395, Train Steps/Sec: 7.77
[[34m2025-05-18 18:08:34[0m] Beginning epoch 2...
[[34m2025-05-18 18:19:16[0m] Beginning epoch 3...
[[34m2025-05-18 18:29:55[0m] (step=0020000) Train Loss: 0.1191, Train Steps/Sec: 7.79
[[34m2025-05-18 18:29:58[0m] Beginning epoch 4...
[[34m2025-05-18 18:40:40[0m] Beginning epoch 5...
[[34m2025-05-18 18:51:19[0m] (step=0030000) Train Loss: 0.1144, Train Steps/Sec: 7.79
[[34m2025-05-18 18:51:22[0m] Beginning epoch 6...
[[34m2025-05-18 19:02:04[0m] Beginning epoch 7...
[[34m2025-05-18 19:12:42[0m] (step=0040000) Train Loss: 0.1107, Train Steps/Sec: 7.79
[[34m2025-05-18 19:12:47[0m] Beginning epoch 8...
[[34m2025-05-18 19:23:29[0m] Beginning epoch 9...
[[34m2025-05-18 19:34:06[0m] (step=0050000) Train Loss: 0.1077, Train Steps/Sec: 7.79
[[34m2025-05-18 19:34:11[0m] Beginning epoch 10...
[[34m2025-05-18 19:44:53[0m] Beginning epoch 11...
[[34m2025-05-18 19:55:29[0m] (step=0060000) Train Loss: 0.1052, Train Steps/Sec: 7.79
[[34m2025-05-18 19:55:35[0m] Beginning epoch 12...
[[34m2025-05-18 20:06:17[0m] Beginning epoch 13...
[[34m2025-05-18 20:16:52[0m] (step=0070000) Train Loss: 0.1032, Train Steps/Sec: 7.79
[[34m2025-05-18 20:16:59[0m] Beginning epoch 14...
[[34m2025-05-18 20:27:41[0m] Beginning epoch 15...
[[34m2025-05-18 20:38:14[0m] (step=0080000) Train Loss: 0.1012, Train Steps/Sec: 7.80
[[34m2025-05-18 20:38:23[0m] Beginning epoch 16...
[[34m2025-05-18 20:49:05[0m] Beginning epoch 17...
